#
# There is insufficient memory for the Java Runtime Environment to continue.
# Native memory allocation (malloc) failed to allocate 150736 bytes for Chunk::new
# Possible reasons:
#   The system is out of physical RAM or swap space
#   The process is running with CompressedOops enabled, and the Java Heap may be blocking the growth of the native heap
# Possible solutions:
#   Reduce memory load on the system
#   Increase physical memory or swap space
#   Check if swap backing store is full
#   Decrease Java heap size (-Xmx/-Xms)
#   Decrease number of Java threads
#   Decrease Java thread stack sizes (-Xss)
#   Set larger code cache with -XX:ReservedCodeCacheSize=
#   JVM is running with Unscaled Compressed Oops mode in which the Java heap is
#     placed in the first 4GB address space. The Java Heap base address is the
#     maximum limit for the native heap growth. Please use -XX:HeapBaseMinAddress
#     to set the Java Heap base and to place the Java Heap above 4GB virtual address.
# This output file may be truncated or incomplete.
#
#  Out of Memory Error (arena.cpp:189), pid=18676, tid=24612
#
# JRE version: Java(TM) SE Runtime Environment (17.0.12+8) (build 17.0.12+8-LTS-286)
# Java VM: Java HotSpot(TM) 64-Bit Server VM (17.0.12+8-LTS-286, mixed mode, sharing, tiered, compressed oops, compressed class ptrs, g1 gc, windows-amd64)
# No core dump will be written. Minidumps are not enabled by default on client versions of Windows
#

---------------  S U M M A R Y ------------

Command Line: -Xmx64m -Xms64m -javaagent:D:\Program Files\gradle-8.13/lib/agents/gradle-instrumentation-agent-8.13.jar -Dorg.gradle.appname=gradle org.gradle.launcher.GradleMain build

Host: AMD Ryzen 5 3550H with Radeon Vega Mobile Gfx  , 8 cores, 6G,  Windows 10 , 64 bit Build 19041 (10.0.19041.5678)
Time: Thu Apr 24 16:24:39 2025 RTZ 2 (s 10 , 64 bit Build 19041 (10.0.19041.5678) elapsed time: 13.577358 seconds (0d 0h 0m 13s)

---------------  T H R E A D  ---------------

Current thread (0x0000012dbad2fc30):  JavaThread "C2 CompilerThread0" daemon [_thread_in_native, id=24612, stack(0x0000000b9d100000,0x0000000b9d200000)]


Current CompileTask:
C2:  13577 1908       4       org.gradle.internal.logging.text.AbstractLineChoppingStyledTextOutput$1::execute (9 bytes)

Stack: [0x0000000b9d100000,0x0000000b9d200000]
Native frames: (J=compiled Java code, j=interpreted, Vv=VM code, C=native code)
V  [jvm.dll+0x67a04a]
V  [jvm.dll+0x7da4ed]
V  [jvm.dll+0x7dbe33]
V  [jvm.dll+0x7dc4a3]
V  [jvm.dll+0x24508f]
V  [jvm.dll+0xab773]
V  [jvm.dll+0xabd3c]
V  [jvm.dll+0x2aa52f]
V  [jvm.dll+0x581eb9]
V  [jvm.dll+0x21f422]
V  [jvm.dll+0x21837b]
V  [jvm.dll+0x215b65]
V  [jvm.dll+0x1a2960]
V  [jvm.dll+0x22610b]
V  [jvm.dll+0x2242ab]
V  [jvm.dll+0x79075c]
V  [jvm.dll+0x78abea]
V  [jvm.dll+0x678f35]
C  [ucrtbase.dll+0x21bb2]
C  [KERNEL32.DLL+0x17374]
C  [ntdll.dll+0x4cc91]


---------------  P R O C E S S  ---------------

Threads class SMR info:
_java_thread_list=0x0000012d814944d0, length=14, elements={
0x0000012da1565cf0, 0x0000012da163e590, 0x0000012dbad123b0, 0x0000012dbad29190,
0x0000012dbad2be80, 0x0000012dbad2c750, 0x0000012dbad2d020, 0x0000012dbad2fc30,
0x0000012dbad35a50, 0x0000012dbad36360, 0x0000012da162efd0, 0x0000012d800e6780,
0x0000012d81505030, 0x0000012d81215610
}

Java Threads: ( => current thread )
  0x0000012da1565cf0 JavaThread "main" [_thread_blocked, id=21676, stack(0x0000000b9c400000,0x0000000b9c500000)]
  0x0000012da163e590 JavaThread "Reference Handler" daemon [_thread_blocked, id=22580, stack(0x0000000b9cb00000,0x0000000b9cc00000)]
  0x0000012dbad123b0 JavaThread "Finalizer" daemon [_thread_blocked, id=16084, stack(0x0000000b9cc00000,0x0000000b9cd00000)]
  0x0000012dbad29190 JavaThread "Signal Dispatcher" daemon [_thread_blocked, id=22448, stack(0x0000000b9cd00000,0x0000000b9ce00000)]
  0x0000012dbad2be80 JavaThread "Attach Listener" daemon [_thread_blocked, id=4312, stack(0x0000000b9ce00000,0x0000000b9cf00000)]
  0x0000012dbad2c750 JavaThread "Service Thread" daemon [_thread_blocked, id=13928, stack(0x0000000b9cf00000,0x0000000b9d000000)]
  0x0000012dbad2d020 JavaThread "Monitor Deflation Thread" daemon [_thread_blocked, id=7412, stack(0x0000000b9d000000,0x0000000b9d100000)]
=>0x0000012dbad2fc30 JavaThread "C2 CompilerThread0" daemon [_thread_in_native, id=24612, stack(0x0000000b9d100000,0x0000000b9d200000)]
  0x0000012dbad35a50 JavaThread "C1 CompilerThread0" daemon [_thread_blocked, id=22000, stack(0x0000000b9d200000,0x0000000b9d300000)]
  0x0000012dbad36360 JavaThread "Sweeper thread" daemon [_thread_blocked, id=17012, stack(0x0000000b9d300000,0x0000000b9d400000)]
  0x0000012da162efd0 JavaThread "Common-Cleaner" daemon [_thread_blocked, id=19416, stack(0x0000000b9d400000,0x0000000b9d500000)]
  0x0000012d800e6780 JavaThread "Notification Thread" daemon [_thread_blocked, id=22240, stack(0x0000000b9d500000,0x0000000b9d600000)]
  0x0000012d81505030 
[error occurred during error reporting (printing all threads), id 0xc0000005, EXCEPTION_ACCESS_VIOLATION (0xc0000005) at pc=0x0000000000000000]

VM state: not at safepoint (normal execution)

VM Mutex/Monitor currently owned by a thread: None

Heap address: 0x00000000fc000000, size: 64 MB, Compressed Oops mode: 32-bit

CDS archive(s) mapped at: [0x0000012dbb000000-0x0000012dbbbd0000-0x0000012dbbbd0000), size 12386304, SharedBaseAddress: 0x0000012dbb000000, ArchiveRelocationMode: 1.
Compressed class space mapped at: 0x0000012dbc000000-0x0000012dfc000000, reserved size: 1073741824
Narrow klass base: 0x0000012dbb000000, Narrow klass shift: 0, Narrow klass range: 0x100000000

GC Precious Log:
 CPUs: 8 total, 8 available
 Memory: 7103M
 Large Page Support: Disabled
 NUMA Support: Disabled
 Compressed Oops: Enabled (32-bit)
 Heap Region Size: 1M
 Heap Min Capacity: 64M
 Heap Initial Capacity: 64M
 Heap Max Capacity: 64M
 Pre-touch: Disabled
 Parallel Workers: 8
 Concurrent Workers: 2
 Concurrent Refinement Workers: 8
 Periodic GC: Disabled

Heap:
 garbage-first heap   total 65536K, used 26424K [0x00000000fc000000, 0x0000000100000000)
  region size 1024K, 18 young (18432K), 3 survivors (3072K)
 Metaspace       used 10374K, committed 10624K, reserved 1114112K
  class space    used 1365K, committed 1472K, reserved 1048576K

Heap Regions: E=young(eden), S=young(survivor), O=old, HS=humongous(starts), HC=humongous(continues), CS=collection set, F=free, OA=open archive, CA=closed archive, TAMS=top-at-mark-start (previous, next)
|   0|0x00000000fc000000, 0x00000000fc100000, 0x00000000fc100000|100%|HS|  |TAMS 0x00000000fc000000, 0x00000000fc000000| Complete 
|   1|0x00000000fc100000, 0x00000000fc200000, 0x00000000fc200000|100%|HC|  |TAMS 0x00000000fc100000, 0x00000000fc100000| Complete 
|   2|0x00000000fc200000, 0x00000000fc300000, 0x00000000fc300000|100%|HC|  |TAMS 0x00000000fc200000, 0x00000000fc200000| Complete 
|   3|0x00000000fc300000, 0x00000000fc400000, 0x00000000fc400000|100%| O|  |TAMS 0x00000000fc300000, 0x00000000fc300000| Untracked 
|   4|0x00000000fc400000, 0x00000000fc500000, 0x00000000fc500000|100%| O|  |TAMS 0x00000000fc400000, 0x00000000fc400000| Untracked 
|   5|0x00000000fc500000, 0x00000000fc600000, 0x00000000fc600000|100%| O|  |TAMS 0x00000000fc500000, 0x00000000fc500000| Untracked 
|   6|0x00000000fc600000, 0x00000000fc700000, 0x00000000fc700000|100%| O|  |TAMS 0x00000000fc600000, 0x00000000fc600000| Untracked 
|   7|0x00000000fc700000, 0x00000000fc800000, 0x00000000fc800000|100%| O|  |TAMS 0x00000000fc700000, 0x00000000fc700000| Untracked 
|   8|0x00000000fc800000, 0x00000000fc900000, 0x00000000fc900000|100%| O|  |TAMS 0x00000000fc800000, 0x00000000fc800000| Untracked 
|   9|0x00000000fc900000, 0x00000000fc92ca00, 0x00000000fca00000| 17%| O|  |TAMS 0x00000000fc900000, 0x00000000fc900000| Untracked 
|  10|0x00000000fca00000, 0x00000000fca00000, 0x00000000fcb00000|  0%| F|  |TAMS 0x00000000fca00000, 0x00000000fca00000| Untracked 
|  11|0x00000000fcb00000, 0x00000000fcb00000, 0x00000000fcc00000|  0%| F|  |TAMS 0x00000000fcb00000, 0x00000000fcb00000| Untracked 
|  12|0x00000000fcc00000, 0x00000000fcc00000, 0x00000000fcd00000|  0%| F|  |TAMS 0x00000000fcc00000, 0x00000000fcc00000| Untracked 
|  13|0x00000000fcd00000, 0x00000000fcd00000, 0x00000000fce00000|  0%| F|  |TAMS 0x00000000fcd00000, 0x00000000fcd00000| Untracked 
|  14|0x00000000fce00000, 0x00000000fce00000, 0x00000000fcf00000|  0%| F|  |TAMS 0x00000000fce00000, 0x00000000fce00000| Untracked 
|  15|0x00000000fcf00000, 0x00000000fcf00000, 0x00000000fd000000|  0%| F|  |TAMS 0x00000000fcf00000, 0x00000000fcf00000| Untracked 
|  16|0x00000000fd000000, 0x00000000fd000000, 0x00000000fd100000|  0%| F|  |TAMS 0x00000000fd000000, 0x00000000fd000000| Untracked 
|  17|0x00000000fd100000, 0x00000000fd100000, 0x00000000fd200000|  0%| F|  |TAMS 0x00000000fd100000, 0x00000000fd100000| Untracked 
|  18|0x00000000fd200000, 0x00000000fd200000, 0x00000000fd300000|  0%| F|  |TAMS 0x00000000fd200000, 0x00000000fd200000| Untracked 
|  19|0x00000000fd300000, 0x00000000fd300000, 0x00000000fd400000|  0%| F|  |TAMS 0x00000000fd300000, 0x00000000fd300000| Untracked 
|  20|0x00000000fd400000, 0x00000000fd400000, 0x00000000fd500000|  0%| F|  |TAMS 0x00000000fd400000, 0x00000000fd400000| Untracked 
|  21|0x00000000fd500000, 0x00000000fd500000, 0x00000000fd600000|  0%| F|  |TAMS 0x00000000fd500000, 0x00000000fd500000| Untracked 
|  22|0x00000000fd600000, 0x00000000fd600000, 0x00000000fd700000|  0%| F|  |TAMS 0x00000000fd600000, 0x00000000fd600000| Untracked 
|  23|0x00000000fd700000, 0x00000000fd700000, 0x00000000fd800000|  0%| F|  |TAMS 0x00000000fd700000, 0x00000000fd700000| Untracked 
|  24|0x00000000fd800000, 0x00000000fd800000, 0x00000000fd900000|  0%| F|  |TAMS 0x00000000fd800000, 0x00000000fd800000| Untracked 
|  25|0x00000000fd900000, 0x00000000fd900000, 0x00000000fda00000|  0%| F|  |TAMS 0x00000000fd900000, 0x00000000fd900000| Untracked 
|  26|0x00000000fda00000, 0x00000000fda00000, 0x00000000fdb00000|  0%| F|  |TAMS 0x00000000fda00000, 0x00000000fda00000| Untracked 
|  27|0x00000000fdb00000, 0x00000000fdb00000, 0x00000000fdc00000|  0%| F|  |TAMS 0x00000000fdb00000, 0x00000000fdb00000| Untracked 
|  28|0x00000000fdc00000, 0x00000000fdc00000, 0x00000000fdd00000|  0%| F|  |TAMS 0x00000000fdc00000, 0x00000000fdc00000| Untracked 
|  29|0x00000000fdd00000, 0x00000000fdd00000, 0x00000000fde00000|  0%| F|  |TAMS 0x00000000fdd00000, 0x00000000fdd00000| Untracked 
|  30|0x00000000fde00000, 0x00000000fde00000, 0x00000000fdf00000|  0%| F|  |TAMS 0x00000000fde00000, 0x00000000fde00000| Untracked 
|  31|0x00000000fdf00000, 0x00000000fdf00000, 0x00000000fe000000|  0%| F|  |TAMS 0x00000000fdf00000, 0x00000000fdf00000| Untracked 
|  32|0x00000000fe000000, 0x00000000fe000000, 0x00000000fe100000|  0%| F|  |TAMS 0x00000000fe000000, 0x00000000fe000000| Untracked 
|  33|0x00000000fe100000, 0x00000000fe100000, 0x00000000fe200000|  0%| F|  |TAMS 0x00000000fe100000, 0x00000000fe100000| Untracked 
|  34|0x00000000fe200000, 0x00000000fe200000, 0x00000000fe300000|  0%| F|  |TAMS 0x00000000fe200000, 0x00000000fe200000| Untracked 
|  35|0x00000000fe300000, 0x00000000fe3a1738, 0x00000000fe400000| 63%| S|CS|TAMS 0x00000000fe300000, 0x00000000fe300000| Complete 
|  36|0x00000000fe400000, 0x00000000fe500000, 0x00000000fe500000|100%| S|CS|TAMS 0x00000000fe400000, 0x00000000fe400000| Complete 
|  37|0x00000000fe500000, 0x00000000fe600000, 0x00000000fe600000|100%| S|CS|TAMS 0x00000000fe500000, 0x00000000fe500000| Complete 
|  38|0x00000000fe600000, 0x00000000fe600000, 0x00000000fe700000|  0%| F|  |TAMS 0x00000000fe600000, 0x00000000fe600000| Untracked 
|  39|0x00000000fe700000, 0x00000000fe700000, 0x00000000fe800000|  0%| F|  |TAMS 0x00000000fe700000, 0x00000000fe700000| Untracked 
|  40|0x00000000fe800000, 0x00000000fe800000, 0x00000000fe900000|  0%| F|  |TAMS 0x00000000fe800000, 0x00000000fe800000| Untracked 
|  41|0x00000000fe900000, 0x00000000fe900000, 0x00000000fea00000|  0%| F|  |TAMS 0x00000000fe900000, 0x00000000fe900000| Untracked 
|  42|0x00000000fea00000, 0x00000000fea00000, 0x00000000feb00000|  0%| F|  |TAMS 0x00000000fea00000, 0x00000000fea00000| Untracked 
|  43|0x00000000feb00000, 0x00000000feb00000, 0x00000000fec00000|  0%| F|  |TAMS 0x00000000feb00000, 0x00000000feb00000| Untracked 
|  44|0x00000000fec00000, 0x00000000fec00000, 0x00000000fed00000|  0%| F|  |TAMS 0x00000000fec00000, 0x00000000fec00000| Untracked 
|  45|0x00000000fed00000, 0x00000000fed00000, 0x00000000fee00000|  0%| F|  |TAMS 0x00000000fed00000, 0x00000000fed00000| Untracked 
|  46|0x00000000fee00000, 0x00000000fee00000, 0x00000000fef00000|  0%| F|  |TAMS 0x00000000fee00000, 0x00000000fee00000| Untracked 
|  47|0x00000000fef00000, 0x00000000fef00000, 0x00000000ff000000|  0%| F|  |TAMS 0x00000000fef00000, 0x00000000fef00000| Untracked 
|  48|0x00000000ff000000, 0x00000000ff000000, 0x00000000ff100000|  0%| F|  |TAMS 0x00000000ff000000, 0x00000000ff000000| Untracked 
|  49|0x00000000ff100000, 0x00000000ff13b648, 0x00000000ff200000| 23%| E|  |TAMS 0x00000000ff100000, 0x00000000ff100000| Complete 
|  50|0x00000000ff200000, 0x00000000ff300000, 0x00000000ff300000|100%| E|CS|TAMS 0x00000000ff200000, 0x00000000ff200000| Complete 
|  51|0x00000000ff300000, 0x00000000ff400000, 0x00000000ff400000|100%| E|CS|TAMS 0x00000000ff300000, 0x00000000ff300000| Complete 
|  52|0x00000000ff400000, 0x00000000ff500000, 0x00000000ff500000|100%| E|CS|TAMS 0x00000000ff400000, 0x00000000ff400000| Complete 
|  53|0x00000000ff500000, 0x00000000ff600000, 0x00000000ff600000|100%| E|CS|TAMS 0x00000000ff500000, 0x00000000ff500000| Complete 
|  54|0x00000000ff600000, 0x00000000ff700000, 0x00000000ff700000|100%| E|CS|TAMS 0x00000000ff600000, 0x00000000ff600000| Complete 
|  55|0x00000000ff700000, 0x00000000ff800000, 0x00000000ff800000|100%| E|CS|TAMS 0x00000000ff700000, 0x00000000ff700000| Complete 
|  56|0x00000000ff800000, 0x00000000ff900000, 0x00000000ff900000|100%| E|CS|TAMS 0x00000000ff800000, 0x00000000ff800000| Complete 
|  57|0x00000000ff900000, 0x00000000ffa00000, 0x00000000ffa00000|100%| E|CS|TAMS 0x00000000ff900000, 0x00000000ff900000| Complete 
|  58|0x00000000ffa00000, 0x00000000ffb00000, 0x00000000ffb00000|100%| E|CS|TAMS 0x00000000ffa00000, 0x00000000ffa00000| Complete 
|  59|0x00000000ffb00000, 0x00000000ffc00000, 0x00000000ffc00000|100%| E|CS|TAMS 0x00000000ffb00000, 0x00000000ffb00000| Complete 
|  60|0x00000000ffc00000, 0x00000000ffd00000, 0x00000000ffd00000|100%| E|CS|TAMS 0x00000000ffc00000, 0x00000000ffc00000| Complete 
|  61|0x00000000ffd00000, 0x00000000ffe00000, 0x00000000ffe00000|100%| E|CS|TAMS 0x00000000ffd00000, 0x00000000ffd00000| Complete 
|  62|0x00000000ffe00000, 0x00000000fff00000, 0x00000000fff00000|100%| E|CS|TAMS 0x00000000ffe00000, 0x00000000ffe00000| Complete 
|  63|0x00000000fff00000, 0x0000000100000000, 0x0000000100000000|100%| E|CS|TAMS 0x00000000fff00000, 0x00000000fff00000| Complete 

Card table byte_map: [0x0000012da14c0000,0x0000012da14e0000] _byte_map_base: 0x0000012da0ce0000

Marking Bits (Prev, Next): (CMBitMap*) 0x0000012da1587b90, (CMBitMap*) 0x0000012da1587bd0
 Prev Bits: [0x0000012db8160000, 0x0000012db8260000)
 Next Bits: [0x0000012db8260000, 0x0000012db8360000)

Polling page: 0x0000012da0d40000

Metaspace:

Usage:
  Non-class:      8.80 MB used.
      Class:      1.33 MB used.
       Both:     10.13 MB used.

Virtual space:
  Non-class space:       64.00 MB reserved,       8.94 MB ( 14%) committed,  1 nodes.
      Class space:        1.00 GB reserved,       1.44 MB ( <1%) committed,  1 nodes.
             Both:        1.06 GB reserved,      10.38 MB ( <1%) committed. 

Chunk freelists:
   Non-Class:  6.35 MB
       Class:  14.54 MB
        Both:  20.88 MB

MaxMetaspaceSize: unlimited
CompressedClassSpaceSize: 1.00 GB
Initial GC threshold: 21.00 MB
Current GC threshold: 21.00 MB
CDS: on
MetaspaceReclaimPolicy: balanced
 - commit_granule_bytes: 65536.
 - commit_granule_words: 8192.
 - virtual_space_node_default_size: 8388608.
 - enlarge_chunks_in_place: 1.
 - new_chunks_are_fully_committed: 0.
 - uncommit_free_chunks: 1.
 - use_allocation_guard: 0.
 - handle_deallocations: 1.


Internal statistics:

num_allocs_failed_limit: 0.
num_arena_births: 92.
num_arena_deaths: 0.
num_vsnodes_births: 2.
num_vsnodes_deaths: 0.
num_space_committed: 166.
num_space_uncommitted: 0.
num_chunks_returned_to_freelist: 0.
num_chunks_taken_from_freelist: 373.
num_chunk_merges: 0.
num_chunk_splits: 250.
num_chunks_enlarged: 194.
num_inconsistent_stats: 0.

CodeHeap 'non-profiled nmethods': size=120000Kb used=854Kb max_used=854Kb free=119145Kb
 bounds [0x0000012db0900000, 0x0000012db0b70000, 0x0000012db7e30000]
CodeHeap 'profiled nmethods': size=120000Kb used=3669Kb max_used=3669Kb free=116330Kb
 bounds [0x0000012da8e30000, 0x0000012da91d0000, 0x0000012db0360000]
CodeHeap 'non-nmethods': size=5760Kb used=1192Kb max_used=1212Kb free=4567Kb
 bounds [0x0000012db0360000, 0x0000012db05d0000, 0x0000012db0900000]
 total_blobs=2423 nmethods=1929 adapters=407
 compilation: enabled
              stopped_count=0, restarted_count=0
 full_count=0

Compilation events (20 events):
Event: 13.569 Thread 0x0000012dbad35a50 1906       3       net.rubygrapefruit.platform.internal.FunctionResult::isFailed (13 bytes)
Event: 13.569 Thread 0x0000012dbad35a50 nmethod 1906 0x0000012da91bdb10 code [0x0000012da91bdca0, 0x0000012da91bde18]
Event: 13.569 Thread 0x0000012dbad35a50 1907       3       net.rubygrapefruit.platform.internal.FunctionResult::<init> (12 bytes)
Event: 13.569 Thread 0x0000012dbad35a50 nmethod 1907 0x0000012da91bde90 code [0x0000012da91be040, 0x0000012da91be218]
Event: 13.569 Thread 0x0000012dbad35a50 1910       3       java.nio.CharBuffer::limit (8 bytes)
Event: 13.570 Thread 0x0000012dbad2fc30 nmethod 1905 0x0000012db09d3a10 code [0x0000012db09d3b80, 0x0000012db09d3c18]
Event: 13.570 Thread 0x0000012dbad2fc30 1908       4       org.gradle.internal.logging.text.AbstractLineChoppingStyledTextOutput$1::execute (9 bytes)
Event: 13.570 Thread 0x0000012dbad35a50 nmethod 1910 0x0000012da91be310 code [0x0000012da91be4a0, 0x0000012da91be5e8]
Event: 13.570 Thread 0x0000012dbad35a50 1912       3       org.gradle.internal.logging.console.Cursor::copyFrom (23 bytes)
Event: 13.571 Thread 0x0000012dbad35a50 nmethod 1912 0x0000012da91be690 code [0x0000012da91be820, 0x0000012da91be998]
Event: 13.571 Thread 0x0000012dbad35a50 1913       3       java.nio.CharBuffer::limit (6 bytes)
Event: 13.571 Thread 0x0000012dbad35a50 nmethod 1913 0x0000012da91bea90 code [0x0000012da91bec40, 0x0000012da91bede8]
Event: 13.571 Thread 0x0000012dbad35a50 1914   !   3       net.rubygrapefruit.platform.internal.WindowsTerminal::getTerminalSize (84 bytes)
Event: 13.572 Thread 0x0000012dbad35a50 nmethod 1914 0x0000012da91bee90 code [0x0000012da91bf1a0, 0x0000012da91c05e8]
Event: 13.572 Thread 0x0000012dbad35a50 1916       3       java.nio.charset.CoderResult::isOverflow (14 bytes)
Event: 13.572 Thread 0x0000012dbad35a50 nmethod 1916 0x0000012da91c1010 code [0x0000012da91c11a0, 0x0000012da91c1318]
Event: 13.572 Thread 0x0000012dbad35a50 1915       3       org.gradle.internal.nativeintegration.console.NativePlatformConsoleMetaData::getCols (15 bytes)
Event: 13.572 Thread 0x0000012dbad35a50 nmethod 1915 0x0000012da91c1390 code [0x0000012da91c1540, 0x0000012da91c1748]
Event: 13.572 Thread 0x0000012dbad35a50 1917       3       org.gradle.internal.logging.console.DefaultAnsiExecutor::positionCursorAt (181 bytes)
Event: 13.573 Thread 0x0000012dbad35a50 nmethod 1917 0x0000012da91c1890 code [0x0000012da91c1ae0, 0x0000012da91c25b8]

GC Heap History (4 events):
Event: 0.473 GC heap before
{Heap before GC invocations=0 (full 0):
 garbage-first heap   total 65536K, used 25600K [0x00000000fc000000, 0x0000000100000000)
  region size 1024K, 23 young (23552K), 0 survivors (0K)
 Metaspace       used 1143K, committed 1280K, reserved 1114112K
  class space    used 71K, committed 128K, reserved 1048576K
}
Event: 0.479 GC heap after
{Heap after GC invocations=1 (full 0):
 garbage-first heap   total 65536K, used 9280K [0x00000000fc000000, 0x0000000100000000)
  region size 1024K, 3 young (3072K), 3 survivors (3072K)
 Metaspace       used 1143K, committed 1280K, reserved 1114112K
  class space    used 71K, committed 128K, reserved 1048576K
}
Event: 1.314 GC heap before
{Heap before GC invocations=1 (full 0):
 garbage-first heap   total 65536K, used 32832K [0x00000000fc000000, 0x0000000100000000)
  region size 1024K, 26 young (26624K), 3 survivors (3072K)
 Metaspace       used 7519K, committed 7744K, reserved 1114112K
  class space    used 1033K, committed 1152K, reserved 1048576K
}
Event: 1.320 GC heap after
{Heap after GC invocations=2 (full 0):
 garbage-first heap   total 65536K, used 12088K [0x00000000fc000000, 0x0000000100000000)
  region size 1024K, 3 young (3072K), 3 survivors (3072K)
 Metaspace       used 7519K, committed 7744K, reserved 1114112K
  class space    used 1033K, committed 1152K, reserved 1048576K
}

Deoptimization events (20 events):
Event: 1.831 Thread 0x0000012d80eaec20 Uncommon trap: trap_request=0xffffff45 fr.pc=0x0000012db0961e7c relative=0x00000000000000fc
Event: 1.831 Thread 0x0000012d80eaec20 Uncommon trap: reason=unstable_if action=reinterpret pc=0x0000012db0961e7c method=java.lang.String.getBytes([BIIBI)V @ 6 c2
Event: 1.831 Thread 0x0000012d80eaec20 DEOPT PACKING pc=0x0000012db0961e7c sp=0x0000000b9defe950
Event: 1.831 Thread 0x0000012d80eaec20 DEOPT UNPACKING pc=0x0000012db03b23a3 sp=0x0000000b9defe918 mode 2
Event: 1.831 Thread 0x0000012d80eaec20 Uncommon trap: trap_request=0xffffff45 fr.pc=0x0000012db09986ec relative=0x00000000000003cc
Event: 1.831 Thread 0x0000012d80eaec20 Uncommon trap: reason=unstable_if action=reinterpret pc=0x0000012db09986ec method=java.lang.AbstractStringBuilder.isLatin1()Z @ 10 c2
Event: 1.831 Thread 0x0000012d80eaec20 DEOPT PACKING pc=0x0000012db09986ec sp=0x0000000b9defeb30
Event: 1.831 Thread 0x0000012d80eaec20 DEOPT UNPACKING pc=0x0000012db03b23a3 sp=0x0000000b9defeab0 mode 2
Event: 3.944 Thread 0x0000012da1565cf0 Uncommon trap: trap_request=0xffffff45 fr.pc=0x0000012db09bb95c relative=0x00000000000001dc
Event: 3.944 Thread 0x0000012da1565cf0 Uncommon trap: reason=unstable_if action=reinterpret pc=0x0000012db09bb95c method=java.util.HashMap.putVal(ILjava/lang/Object;Ljava/lang/Object;ZZ)Ljava/lang/Object; @ 162 c2
Event: 3.944 Thread 0x0000012da1565cf0 DEOPT PACKING pc=0x0000012db09bb95c sp=0x0000000b9c4fbd40
Event: 3.944 Thread 0x0000012da1565cf0 DEOPT UNPACKING pc=0x0000012db03b23a3 sp=0x0000000b9c4fbce0 mode 2
Event: 3.967 Thread 0x0000012da1565cf0 Uncommon trap: trap_request=0xffffff45 fr.pc=0x0000012db099c69c relative=0x000000000000015c
Event: 3.967 Thread 0x0000012da1565cf0 Uncommon trap: reason=unstable_if action=reinterpret pc=0x0000012db099c69c method=java.lang.invoke.VarHandle.checkExactAccessMode(Ljava/lang/invoke/VarHandle$AccessDescriptor;)V @ 4 c2
Event: 3.967 Thread 0x0000012da1565cf0 DEOPT PACKING pc=0x0000012db099c69c sp=0x0000000b9c4fdde0
Event: 3.967 Thread 0x0000012da1565cf0 DEOPT UNPACKING pc=0x0000012db03b23a3 sp=0x0000000b9c4fdd20 mode 2
Event: 13.548 Thread 0x0000012da1565cf0 Uncommon trap: trap_request=0xffffff45 fr.pc=0x0000012db09d0874 relative=0x0000000000000154
Event: 13.548 Thread 0x0000012da1565cf0 Uncommon trap: reason=unstable_if action=reinterpret pc=0x0000012db09d0874 method=com.esotericsoftware.kryo.io.Input.require(I)I @ 180 c2
Event: 13.548 Thread 0x0000012da1565cf0 DEOPT PACKING pc=0x0000012db09d0874 sp=0x0000000b9c4fddb0
Event: 13.548 Thread 0x0000012da1565cf0 DEOPT UNPACKING pc=0x0000012db03b23a3 sp=0x0000000b9c4fdd58 mode 2

Classes unloaded (0 events):
No events

Classes redefined (0 events):
No events

Internal exceptions (20 events):
Event: 0.814 Thread 0x0000012da1565cf0 Exception <a 'java/lang/NoSuchMethodError'{0x00000000ff6d4ee8}: 'void java.lang.invoke.DelegatingMethodHandle$Holder.delegate(java.lang.Object, java.lang.Object, int, java.lang.Object)'> (0x00000000ff6d4ee8) 
thrown [s\open\src\hotspot\share\interpreter\linkResolver.cpp, line 759]
Event: 0.816 Thread 0x0000012da1565cf0 Exception <a 'java/lang/NoSuchMethodError'{0x00000000ff6e85b0}: 'java.lang.Object java.lang.invoke.Invokers$Holder.invokeExact_MT(java.lang.Object, java.lang.Object, java.lang.Object, java.lang.Object)'> (0x00000000ff6e85b0) 
thrown [s\open\src\hotspot\share\interpreter\linkResolver.cpp, line 759]
Event: 0.826 Thread 0x0000012da1565cf0 Exception <a 'java/lang/NoSuchMethodError'{0x00000000ff511988}: 'java.lang.Object java.lang.invoke.DirectMethodHandle$Holder.invokeVirtual(java.lang.Object, java.lang.Object, java.lang.Object)'> (0x00000000ff511988) 
thrown [s\open\src\hotspot\share\interpreter\linkResolver.cpp, line 759]
Event: 0.920 Thread 0x0000012da1565cf0 Exception <a 'java/lang/NoSuchMethodError'{0x00000000ff2d0850}: 'java.lang.Object java.lang.invoke.DirectMethodHandle$Holder.newInvokeSpecial(java.lang.Object, java.lang.Object, java.lang.Object, java.lang.Object, java.lang.Object)'> (0x00000000ff2d0850) 
thrown [s\open\src\hotspot\share\interpreter\linkResolver.cpp, line 759]
Event: 0.947 Thread 0x0000012da1565cf0 Exception <a 'java/lang/NoSuchMethodError'{0x00000000ff1ec4f0}: 'void java.lang.invoke.DirectMethodHandle$Holder.invokeSpecial(java.lang.Object, java.lang.Object, java.lang.Object)'> (0x00000000ff1ec4f0) 
thrown [s\open\src\hotspot\share\interpreter\linkResolver.cpp, line 759]
Event: 1.153 Thread 0x0000012da1565cf0 Exception <a 'java/lang/NoSuchMethodError'{0x00000000feea0160}: 'void java.lang.invoke.DirectMethodHandle$Holder.invokeStatic(java.lang.Object, java.lang.Object, java.lang.Object)'> (0x00000000feea0160) 
thrown [s\open\src\hotspot\share\interpreter\linkResolver.cpp, line 759]
Event: 1.208 Thread 0x0000012da1565cf0 Exception <a 'java/lang/NoSuchMethodError'{0x00000000feb1caf8}: 'java.lang.Object java.lang.invoke.DirectMethodHandle$Holder.newInvokeSpecial(java.lang.Object, java.lang.Object, java.lang.Object, java.lang.Object, java.lang.Object, java.lang.Object, java.lang.Object, java.lang.Object, java.lang.Object, java.lang.Object, java.lang.Object, java.lang.Object, java.lang.Object, java.lang.Object, java.lang.Object, java.lang.Object, java.lang.Object, java.lang.Object, java.lang.Object, java.lang.Object, java.lang
Event: 1.209 Thread 0x0000012da1565cf0 Exception <a 'java/lang/NoSuchMethodError'{0x00000000feb29100}: 'java.lang.Object java.lang.invoke.Invokers$Holder.linkToTargetMethod(java.lang.Object, java.lang.Object, java.lang.Object, java.lang.Object, java.lang.Object, java.lang.Object, java.lang.Object, java.lang.Object, java.lang.Object, java.lang.Object, java.lang.Object, java.lang.Object, java.lang.Object, java.lang.Object, java.lang.Object, java.lang.Object, java.lang.Object, java.lang.Object, java.lang.Object, java.lang.Object, java.lang.Object,
Event: 1.270 Thread 0x0000012da1565cf0 Exception <a 'java/lang/NoSuchMethodError'{0x00000000fe9ad4c0}: 'java.lang.Object java.lang.invoke.DirectMethodHandle$Holder.invokeStaticInit(java.lang.Object, int, int, int, int)'> (0x00000000fe9ad4c0) 
thrown [s\open\src\hotspot\share\interpreter\linkResolver.cpp, line 759]
Event: 1.332 Thread 0x0000012da1565cf0 Exception <a 'java/lang/NoSuchMethodError'{0x00000000fffc1ed8}: 'java.lang.Object java.lang.invoke.DirectMethodHandle$Holder.invokeStaticInit(java.lang.Object, java.lang.Object, int, int, int, int)'> (0x00000000fffc1ed8) 
thrown [s\open\src\hotspot\share\interpreter\linkResolver.cpp, line 759]
Event: 1.368 Thread 0x0000012da1565cf0 Implicit null exception at 0x0000012db09426d5 to 0x0000012db0942c94
Event: 1.370 Thread 0x0000012da1565cf0 Implicit null exception at 0x0000012db0960852 to 0x0000012db0960dfc
Event: 1.792 Thread 0x0000012d80eaec20 Exception <a 'java/lang/NoSuchMethodError'{0x00000000ff67fbb8}: 'void java.lang.invoke.DirectMethodHandle$Holder.invokeStatic(java.lang.Object, long)'> (0x00000000ff67fbb8) 
thrown [s\open\src\hotspot\share\interpreter\linkResolver.cpp, line 759]
Event: 1.793 Thread 0x0000012d80eaec20 Exception <a 'java/lang/NoSuchMethodError'{0x00000000ff685510}: 'java.lang.Object java.lang.invoke.DirectMethodHandle$Holder.newInvokeSpecial(java.lang.Object, long)'> (0x00000000ff685510) 
thrown [s\open\src\hotspot\share\interpreter\linkResolver.cpp, line 759]
Event: 1.798 Thread 0x0000012d80eaec20 Exception <a 'java/lang/NoSuchMethodError'{0x00000000ff690138}: 'java.lang.Object java.lang.invoke.DirectMethodHandle$Holder.invokeStaticInit(java.lang.Object, java.lang.Object, long, java.lang.Object)'> (0x00000000ff690138) 
thrown [s\open\src\hotspot\share\interpreter\linkResolver.cpp, line 759]
Event: 1.800 Thread 0x0000012d80eaec20 Exception <a 'java/lang/NoSuchMethodError'{0x00000000ff6967c0}: 'java.lang.Object java.lang.invoke.DirectMethodHandle$Holder.newInvokeSpecial(java.lang.Object, java.lang.Object, long)'> (0x00000000ff6967c0) 
thrown [s\open\src\hotspot\share\interpreter\linkResolver.cpp, line 759]
Event: 1.801 Thread 0x0000012d80eaec20 Exception <a 'java/lang/NoSuchMethodError'{0x00000000ff69aab0}: 'java.lang.Object java.lang.invoke.Invokers$Holder.linkToTargetMethod(java.lang.Object, long, java.lang.Object)'> (0x00000000ff69aab0) 
thrown [s\open\src\hotspot\share\interpreter\linkResolver.cpp, line 759]
Event: 13.548 Thread 0x0000012da1565cf0 Exception <a 'sun/net/ConnectionResetException'{0x00000000ff3d6000}: Connection reset> (0x00000000ff3d6000) 
thrown [s\open\src\hotspot\share\prims\jni.cpp, line 535]
Event: 13.559 Thread 0x0000012da1565cf0 Exception <a 'java/lang/NoSuchMethodError'{0x00000000ff220a28}: 'int java.lang.invoke.DirectMethodHandle$Holder.invokeVirtual(java.lang.Object, java.lang.Object)'> (0x00000000ff220a28) 
thrown [s\open\src\hotspot\share\interpreter\linkResolver.cpp, line 759]
Event: 13.562 Thread 0x0000012da1565cf0 Exception <a 'java/io/IOException'{0x00000000ff22bdd0}: Connection reset by peer> (0x00000000ff22bdd0) 
thrown [s\open\src\hotspot\share\prims\jni.cpp, line 535]

VM Operations (20 events):
Event: 3.925 Executing VM operation: Cleanup
Event: 3.925 Executing VM operation: Cleanup done
Event: 4.034 Executing VM operation: HandshakeAllThreads
Event: 4.034 Executing VM operation: HandshakeAllThreads done
Event: 5.044 Executing VM operation: Cleanup
Event: 5.044 Executing VM operation: Cleanup done
Event: 6.047 Executing VM operation: Cleanup
Event: 6.047 Executing VM operation: Cleanup done
Event: 9.076 Executing VM operation: Cleanup
Event: 9.076 Executing VM operation: Cleanup done
Event: 10.081 Executing VM operation: HandshakeAllThreads
Event: 10.081 Executing VM operation: HandshakeAllThreads done
Event: 10.081 Executing VM operation: Cleanup
Event: 10.081 Executing VM operation: Cleanup done
Event: 11.093 Executing VM operation: Cleanup
Event: 11.094 Executing VM operation: Cleanup done
Event: 12.104 Executing VM operation: Cleanup
Event: 12.104 Executing VM operation: Cleanup done
Event: 13.106 Executing VM operation: Cleanup
Event: 13.106 Executing VM operation: Cleanup done

Events (20 events):
Event: 13.552 loading class sun/nio/fs/WindowsSecurityDescriptor
Event: 13.552 loading class sun/nio/fs/WindowsSecurityDescriptor done
Event: 13.552 loading class sun/nio/fs/WindowsChannelFactory
Event: 13.552 loading class sun/nio/fs/WindowsChannelFactory done
Event: 13.552 loading class sun/nio/fs/WindowsChannelFactory$1
Event: 13.552 loading class sun/nio/fs/WindowsChannelFactory$1 done
Event: 13.552 loading class sun/nio/fs/WindowsChannelFactory$Flags
Event: 13.552 loading class sun/nio/fs/WindowsChannelFactory$Flags done
Event: 13.552 loading class sun/nio/fs/WindowsChannelFactory$2
Event: 13.552 loading class sun/nio/fs/WindowsChannelFactory$2 done
Event: 13.552 loading class sun/nio/ch/FileChannelImpl$Closer
Event: 13.553 loading class sun/nio/ch/FileChannelImpl$Closer done
Event: 13.554 loading class java/util/stream/Streams$1
Event: 13.554 loading class java/util/stream/Streams$1 done
Event: 13.557 loading class java/nio/file/FileChannelLinesSpliterator$1
Event: 13.557 loading class java/nio/file/FileChannelLinesSpliterator$1 done
Event: 13.557 loading class java/nio/channels/Channels
Event: 13.557 loading class java/nio/channels/Channels done
Event: 13.563 loading class java/util/concurrent/ConcurrentLinkedQueue$Itr
Event: 13.563 loading class java/util/concurrent/ConcurrentLinkedQueue$Itr done


Dynamic libraries:
0x00007ff64a3d0000 - 0x00007ff64a3e0000 	C:\Program Files\Java\jdk-17\bin\java.exe
0x00007ff95cb10000 - 0x00007ff95cd08000 	C:\WINDOWS\SYSTEM32\ntdll.dll
0x00007ff95c000000 - 0x00007ff95c0c2000 	C:\WINDOWS\System32\KERNEL32.DLL
0x00007ff95a220000 - 0x00007ff95a516000 	C:\WINDOWS\System32\KERNELBASE.dll
0x00007ff95a720000 - 0x00007ff95a820000 	C:\WINDOWS\System32\ucrtbase.dll
0x00007ff952e40000 - 0x00007ff952e5b000 	C:\Program Files\Java\jdk-17\bin\VCRUNTIME140.dll
0x00007ff952660000 - 0x00007ff952679000 	C:\Program Files\Java\jdk-17\bin\jli.dll
0x00007ff95b2e0000 - 0x00007ff95b38f000 	C:\WINDOWS\System32\ADVAPI32.dll
0x00007ff95bf60000 - 0x00007ff95bffe000 	C:\WINDOWS\System32\msvcrt.dll
0x00007ff95c2f0000 - 0x00007ff95c38f000 	C:\WINDOWS\System32\sechost.dll
0x00007ff95c7b0000 - 0x00007ff95c8d3000 	C:\WINDOWS\System32\RPCRT4.dll
0x00007ff95a640000 - 0x00007ff95a667000 	C:\WINDOWS\System32\bcrypt.dll
0x00007ff95b140000 - 0x00007ff95b2dd000 	C:\WINDOWS\System32\USER32.dll
0x00007ff95ab00000 - 0x00007ff95ab22000 	C:\WINDOWS\System32\win32u.dll
0x00007ff94bf50000 - 0x00007ff94c1ea000 	C:\WINDOWS\WinSxS\amd64_microsoft.windows.common-controls_6595b64144ccf1df_6.0.19041.4355_none_60b8b9eb71f62e16\COMCTL32.dll
0x00007ff95ab60000 - 0x00007ff95ab8b000 	C:\WINDOWS\System32\GDI32.dll
0x00007ff95a520000 - 0x00007ff95a63a000 	C:\WINDOWS\System32\gdi32full.dll
0x00007ff95a820000 - 0x00007ff95a8bd000 	C:\WINDOWS\System32\msvcp_win.dll
0x00007ff9505c0000 - 0x00007ff9505ca000 	C:\WINDOWS\SYSTEM32\VERSION.dll
0x00007ff95ab30000 - 0x00007ff95ab5f000 	C:\WINDOWS\System32\IMM32.DLL
0x00007ff9556d0000 - 0x00007ff9556dc000 	C:\Program Files\Java\jdk-17\bin\vcruntime140_1.dll
0x00007ff950fd0000 - 0x00007ff95105e000 	C:\Program Files\Java\jdk-17\bin\msvcp140.dll
0x00007ff926ed0000 - 0x00007ff927ab0000 	C:\Program Files\Java\jdk-17\bin\server\jvm.dll
0x00007ff95c6b0000 - 0x00007ff95c6b8000 	C:\WINDOWS\System32\PSAPI.DLL
0x00007ff94d910000 - 0x00007ff94d937000 	C:\WINDOWS\SYSTEM32\WINMM.dll
0x00007ff953f70000 - 0x00007ff953f79000 	C:\WINDOWS\SYSTEM32\WSOCK32.dll
0x00007ff95c280000 - 0x00007ff95c2eb000 	C:\WINDOWS\System32\WS2_32.dll
0x00007ff9584f0000 - 0x00007ff958502000 	C:\WINDOWS\SYSTEM32\kernel.appcore.dll
0x00007ff952650000 - 0x00007ff95265a000 	C:\Program Files\Java\jdk-17\bin\jimage.dll
0x00007ff957d00000 - 0x00007ff957ee4000 	C:\WINDOWS\SYSTEM32\DBGHELP.DLL
0x00007ff944b00000 - 0x00007ff944b34000 	C:\WINDOWS\SYSTEM32\dbgcore.DLL
0x00007ff95a8c0000 - 0x00007ff95a942000 	C:\WINDOWS\System32\bcryptPrimitives.dll
0x00007ff9522c0000 - 0x00007ff9522ce000 	C:\Program Files\Java\jdk-17\bin\instrument.dll
0x00007ff94e7f0000 - 0x00007ff94e815000 	C:\Program Files\Java\jdk-17\bin\java.dll
0x00007ff9394f0000 - 0x00007ff9395c7000 	C:\Program Files\Java\jdk-17\bin\jsvml.dll
0x00007ff95b700000 - 0x00007ff95be6f000 	C:\WINDOWS\System32\SHELL32.dll
0x00007ff957540000 - 0x00007ff957ce3000 	C:\WINDOWS\SYSTEM32\windows.storage.dll
0x00007ff95b3a0000 - 0x00007ff95b6f5000 	C:\WINDOWS\System32\combase.dll
0x00007ff959ad0000 - 0x00007ff959afb000 	C:\WINDOWS\SYSTEM32\Wldp.dll
0x00007ff95be70000 - 0x00007ff95bf3d000 	C:\WINDOWS\System32\OLEAUT32.dll
0x00007ff95c5a0000 - 0x00007ff95c64d000 	C:\WINDOWS\System32\SHCORE.dll
0x00007ff95c8e0000 - 0x00007ff95c935000 	C:\WINDOWS\System32\shlwapi.dll
0x00007ff95a0d0000 - 0x00007ff95a0f5000 	C:\WINDOWS\SYSTEM32\profapi.dll
0x00007ff9522a0000 - 0x00007ff9522b8000 	C:\Program Files\Java\jdk-17\bin\zip.dll
0x00007ff951830000 - 0x00007ff951849000 	C:\Program Files\Java\jdk-17\bin\net.dll
0x00007ff9513d0000 - 0x00007ff9514da000 	C:\WINDOWS\SYSTEM32\WINHTTP.dll
0x00007ff9597c0000 - 0x00007ff95982c000 	C:\WINDOWS\system32\mswsock.dll
0x00007ff94e7d0000 - 0x00007ff94e7e6000 	C:\Program Files\Java\jdk-17\bin\nio.dll
0x00007ff9521d0000 - 0x00007ff9521e0000 	C:\Program Files\Java\jdk-17\bin\verify.dll
0x00007ff950fc0000 - 0x00007ff950fca000 	C:\Program Files\Java\jdk-17\bin\management.dll
0x00007ff94e700000 - 0x00007ff94e70b000 	C:\Program Files\Java\jdk-17\bin\management_ext.dll
0x00007ff954ef0000 - 0x00007ff954f17000 	C:\Users\Honor\.gradle\native\1def1411415f61bf3af743bc5b6707747c0891f09f0c88961ee8f79bc544acac\windows-amd64\native-platform.dll
0x00007ff9556c0000 - 0x00007ff9556ca000 	C:\Users\Honor\.gradle\native\jansi\1.18\windows64\jansi.dll
0x00007ff9594b0000 - 0x00007ff9594eb000 	C:\WINDOWS\SYSTEM32\IPHLPAPI.DLL
0x00007ff95ab90000 - 0x00007ff95ab98000 	C:\WINDOWS\System32\NSI.dll
0x00007ff952190000 - 0x00007ff9521a7000 	C:\WINDOWS\SYSTEM32\dhcpcsvc6.DLL
0x00007ff951f50000 - 0x00007ff951f6d000 	C:\WINDOWS\SYSTEM32\dhcpcsvc.DLL
0x00007ff9594f0000 - 0x00007ff9595ba000 	C:\WINDOWS\SYSTEM32\DNSAPI.dll
0x00007ff959a20000 - 0x00007ff959a38000 	C:\WINDOWS\SYSTEM32\CRYPTSP.dll
0x00007ff959a00000 - 0x00007ff959a17000 	C:\Program Files\Common Files\Crypto Pro\AppCompat\cpadvai.dll
0x00007ff9590e0000 - 0x00007ff959118000 	C:\WINDOWS\system32\rsaenh.dll
0x00007ff95a090000 - 0x00007ff95a0be000 	C:\WINDOWS\SYSTEM32\USERENV.dll
0x00007ff959a40000 - 0x00007ff959a4c000 	C:\WINDOWS\SYSTEM32\CRYPTBASE.dll
0x00007ff94e6f0000 - 0x00007ff94e6fe000 	C:\Program Files\Java\jdk-17\bin\sunmscapi.dll
0x00007ff95a950000 - 0x00007ff95aaad000 	C:\WINDOWS\System32\CRYPT32.dll
0x00007ff959b40000 - 0x00007ff959b67000 	C:\WINDOWS\SYSTEM32\ncrypt.dll
0x00007ff959b70000 - 0x00007ff959b91000 	C:\Program Files\Common Files\Crypto Pro\AppCompat\cpcrypt.dll
0x00007ff959b00000 - 0x00007ff959b3b000 	C:\WINDOWS\SYSTEM32\NTASN1.dll
0x00007ff94ba40000 - 0x00007ff94ba47000 	C:\WINDOWS\system32\wshunix.dll

dbghelp: loaded successfully - version: 4.0.5 - missing functions: none
symbol engine: initialized successfully - sym options: 0x614 - pdb path: .;C:\Program Files\Java\jdk-17\bin;C:\WINDOWS\SYSTEM32;C:\WINDOWS\WinSxS\amd64_microsoft.windows.common-controls_6595b64144ccf1df_6.0.19041.4355_none_60b8b9eb71f62e16;C:\Program Files\Java\jdk-17\bin\server;C:\Users\Honor\.gradle\native\1def1411415f61bf3af743bc5b6707747c0891f09f0c88961ee8f79bc544acac\windows-amd64;C:\Users\Honor\.gradle\native\jansi\1.18\windows64;C:\Program Files\Common Files\Crypto Pro\AppCompat

VM Arguments:
jvm_args: -Xmx64m -Xms64m -javaagent:D:\Program Files\gradle-8.13/lib/agents/gradle-instrumentation-agent-8.13.jar -Dorg.gradle.appname=gradle 
java_command: org.gradle.launcher.GradleMain build
java_class_path (initial): D:\Program Files\gradle-8.13\lib\gradle-gradle-cli-main-8.13.jar
Launcher Type: SUN_STANDARD

[Global flags]
     intx CICompilerCount                          = 4                                         {product} {ergonomic}
     uint ConcGCThreads                            = 2                                         {product} {ergonomic}
     uint G1ConcRefinementThreads                  = 8                                         {product} {ergonomic}
   size_t G1HeapRegionSize                         = 1048576                                   {product} {ergonomic}
    uintx GCDrainStackTargetSize                   = 64                                        {product} {ergonomic}
   size_t InitialHeapSize                          = 67108864                                  {product} {command line}
   size_t MarkStackSize                            = 4194304                                   {product} {ergonomic}
   size_t MaxHeapSize                              = 67108864                                  {product} {command line}
   size_t MaxNewSize                               = 39845888                                  {product} {ergonomic}
   size_t MinHeapDeltaBytes                        = 1048576                                   {product} {ergonomic}
   size_t MinHeapSize                              = 67108864                                  {product} {command line}
    uintx NonNMethodCodeHeapSize                   = 5839372                                {pd product} {ergonomic}
    uintx NonProfiledCodeHeapSize                  = 122909434                              {pd product} {ergonomic}
    uintx ProfiledCodeHeapSize                     = 122909434                              {pd product} {ergonomic}
    uintx ReservedCodeCacheSize                    = 251658240                              {pd product} {ergonomic}
     bool SegmentedCodeCache                       = true                                      {product} {ergonomic}
   size_t SoftMaxHeapSize                          = 67108864                               {manageable} {ergonomic}
     bool UseCompressedClassPointers               = true                           {product lp64_product} {ergonomic}
     bool UseCompressedOops                        = true                           {product lp64_product} {ergonomic}
     bool UseG1GC                                  = true                                      {product} {ergonomic}
     bool UseLargePagesIndividualAllocation        = false                                  {pd product} {ergonomic}

Logging:
Log output configuration:
 #0: stdout all=warning uptime,level,tags
 #1: stderr all=off uptime,level,tags

Environment Variables:
JAVA_HOME=C:\Program Files\Java\jdk-17
CLASSPATH=D:\Program Files\gradle-8.13\lib\gradle-gradle-cli-main-8.13.jar
PATH=C:\Program Files\Java\jdk-17\bin;C:\WINDOWS\system32;C:\WINDOWS;C:\WINDOWS\System32\Wbem;C:\WINDOWS\System32\WindowsPowerShell\v1.0\;C:\WINDOWS\System32\OpenSSH\;C:\Program Files (x86)\dotnet\;C:\Program Files\nodejs\;C:\Program Files\Git\cmd;D:\Program Files\gradle-8.13\bin;C:\Program Files\Java\jdk-17;;C:\Program Files\Docker\Docker\resources\bin;C:\Users\Honor\AppData\Local\Microsoft\WindowsApps;C:\Users\Honor\AppData\Local\Programs\Microsoft VS Code\bin;C:\Users\Honor\AppData\Roaming\npm
USERNAME=Honor
OS=Windows_NT
PROCESSOR_IDENTIFIER=AMD64 Family 23 Model 24 Stepping 1, AuthenticAMD



---------------  S Y S T E M  ---------------

OS:
 Windows 10 , 64 bit Build 19041 (10.0.19041.5678)
OS uptime: 1 days 1:01 hours
Hyper-V role detected

CPU: total 8 (initial active 8) (8 cores per cpu, 2 threads per core) family 23 model 24 stepping 1 microcode 0x0, cx8, cmov, fxsr, ht, mmx, 3dnowpref, sse, sse2, sse3, ssse3, sse4a, sse4.1, sse4.2, popcnt, lzcnt, tsc, tscinvbit, avx, avx2, aes, clmul, bmi1, bmi2, adx, sha, fma, vzeroupper, clflush, clflushopt, hv

Memory: 4k page, system-wide physical 7103M (662M free)
TotalPageFile size 17343M (AvailPageFile size 426M)
current process WorkingSet (physical memory assigned to process): 99M, peak: 106M
current process commit charge ("private bytes"): 169M, peak: 174M

vm_info: Java HotSpot(TM) 64-Bit Server VM (17.0.12+8-LTS-286) for windows-amd64 JRE (17.0.12+8-LTS-286), built on Jun  5 2024 06:46:59 by "mach5one" with MS VC++ 17.6 (VS2022)

END.
