#
# There is insufficient memory for the Java Runtime Environment to continue.
# Native memory allocation (malloc) failed to allocate 1316176 bytes for Chunk::new
# Possible reasons:
#   The system is out of physical RAM or swap space
#   The process is running with CompressedOops enabled, and the Java Heap may be blocking the growth of the native heap
# Possible solutions:
#   Reduce memory load on the system
#   Increase physical memory or swap space
#   Check if swap backing store is full
#   Decrease Java heap size (-Xmx/-Xms)
#   Decrease number of Java threads
#   Decrease Java thread stack sizes (-Xss)
#   Set larger code cache with -XX:ReservedCodeCacheSize=
#   JVM is running with Unscaled Compressed Oops mode in which the Java heap is
#     placed in the first 4GB address space. The Java Heap base address is the
#     maximum limit for the native heap growth. Please use -XX:HeapBaseMinAddress
#     to set the Java Heap base and to place the Java Heap above 4GB virtual address.
# This output file may be truncated or incomplete.
#
#  Out of Memory Error (arena.cpp:189), pid=2924, tid=11992
#
# JRE version: Java(TM) SE Runtime Environment (17.0.12+8) (build 17.0.12+8-LTS-286)
# Java VM: Java HotSpot(TM) 64-Bit Server VM (17.0.12+8-LTS-286, mixed mode, sharing, tiered, compressed oops, compressed class ptrs, g1 gc, windows-amd64)
# No core dump will be written. Minidumps are not enabled by default on client versions of Windows
#

---------------  S U M M A R Y ------------

Command Line: --add-opens=java.base/java.lang=ALL-UNNAMED --add-opens=java.base/java.lang.invoke=ALL-UNNAMED --add-opens=java.base/java.util=ALL-UNNAMED --add-opens=java.prefs/java.util.prefs=ALL-UNNAMED --add-exports=jdk.compiler/com.sun.tools.javac.api=ALL-UNNAMED --add-exports=jdk.compiler/com.sun.tools.javac.util=ALL-UNNAMED --add-opens=java.base/java.util=ALL-UNNAMED --add-opens=java.prefs/java.util.prefs=ALL-UNNAMED --add-opens=java.base/java.nio.charset=ALL-UNNAMED --add-opens=java.base/java.net=ALL-UNNAMED --add-opens=java.base/java.util.concurrent.atomic=ALL-UNNAMED --add-opens=java.xml/javax.xml.namespace=ALL-UNNAMED -XX:MaxMetaspaceSize=384m -XX:+HeapDumpOnOutOfMemoryError -Xms256m -Xmx512m -Dfile.encoding=windows-1251 -Duser.country=RU -Duser.language=ru -Duser.variant -javaagent:D:\Program Files\gradle-8.13\lib\agents\gradle-instrumentation-agent-8.13.jar org.gradle.launcher.daemon.bootstrap.GradleDaemon 8.13

Host: AMD Ryzen 5 3550H with Radeon Vega Mobile Gfx  , 8 cores, 6G,  Windows 10 , 64 bit Build 19041 (10.0.19041.5678)
Time: Thu Apr 24 16:26:09 2025 RTZ 2 (s 10 , 64 bit Build 19041 (10.0.19041.5678) elapsed time: 5.997054 seconds (0d 0h 0m 5s)

---------------  T H R E A D  ---------------

Current thread (0x00000160695b7790):  JavaThread "C2 CompilerThread1" daemon [_thread_in_native, id=11992, stack(0x0000004c63c00000,0x0000004c63d00000)]


Current CompileTask:
C2:   5997 4040   !   4       java.net.URLClassLoader$1::run (81 bytes)

Stack: [0x0000004c63c00000,0x0000004c63d00000]
Native frames: (J=compiled Java code, j=interpreted, Vv=VM code, C=native code)
V  [jvm.dll+0x67a04a]
V  [jvm.dll+0x7da4ed]
V  [jvm.dll+0x7dbe33]
V  [jvm.dll+0x7dc4a3]
V  [jvm.dll+0x24508f]
V  [jvm.dll+0xab773]
V  [jvm.dll+0xabd3c]
V  [jvm.dll+0x361b9f]
V  [jvm.dll+0x1ba45a]
V  [jvm.dll+0x216997]
V  [jvm.dll+0x215c6f]
V  [jvm.dll+0x1a2960]
V  [jvm.dll+0x22610b]
V  [jvm.dll+0x2242ab]
V  [jvm.dll+0x79075c]
V  [jvm.dll+0x78abea]
V  [jvm.dll+0x678f35]
C  [ucrtbase.dll+0x21bb2]
C  [KERNEL32.DLL+0x17374]
C  [ntdll.dll+0x4cc91]


---------------  P R O C E S S  ---------------

Threads class SMR info:
_java_thread_list=0x00000160680e8410, length=36, elements={
0x0000016032bdb470, 0x000001604d507a00, 0x000001604d508590, 0x000001604d523470,
0x000001604d523d40, 0x000001604d524610, 0x000001604d524ee0, 0x000001604d52eb00,
0x000001604d5329c0, 0x000001604d5352e0, 0x000001604d4f47c0, 0x000001604d80a7d0,
0x0000016068789080, 0x0000016067f961f0, 0x000001606704b9c0, 0x000001606705e7f0,
0x0000016067060140, 0x000001606705fc30, 0x000001606705c990, 0x000001606705cea0,
0x000001606705f210, 0x000001606705e2e0, 0x000001606705ed00, 0x000001606705d3b0,
0x000001606705f720, 0x000001606705d8c0, 0x00000160697e4820, 0x00000160697e4310,
0x00000160697e5750, 0x00000160697e24b0, 0x00000160697e5c60, 0x00000160697e0b60,
0x00000160697e5240, 0x00000160695b7790, 0x00000160697e0650, 0x00000160697e3e00
}

Java Threads: ( => current thread )
  0x0000016032bdb470 JavaThread "main" [_thread_blocked, id=15744, stack(0x0000004c60c00000,0x0000004c60d00000)]
  0x000001604d507a00 JavaThread "Reference Handler" daemon [_thread_blocked, id=23160, stack(0x0000004c61300000,0x0000004c61400000)]
  0x000001604d508590 JavaThread "Finalizer" daemon [_thread_blocked, id=14428, stack(0x0000004c61400000,0x0000004c61500000)]
  0x000001604d523470 JavaThread "Signal Dispatcher" daemon [_thread_blocked, id=656, stack(0x0000004c61500000,0x0000004c61600000)]
  0x000001604d523d40 JavaThread "Attach Listener" daemon [_thread_blocked, id=20780, stack(0x0000004c61600000,0x0000004c61700000)]
  0x000001604d524610 JavaThread "Service Thread" daemon [_thread_blocked, id=6768, stack(0x0000004c61700000,0x0000004c61800000)]
  0x000001604d524ee0 JavaThread "Monitor Deflation Thread" daemon [_thread_blocked, id=18240, stack(0x0000004c61800000,0x0000004c61900000)]
  0x000001604d52eb00 JavaThread "C2 CompilerThread0" daemon [_thread_in_native, id=17880, stack(0x0000004c61900000,0x0000004c61a00000)]
  0x000001604d5329c0 JavaThread "C1 CompilerThread0" daemon [_thread_blocked, id=10084, stack(0x0000004c61a00000,0x0000004c61b00000)]
  0x000001604d5352e0 JavaThread "Sweeper thread" daemon [_thread_blocked, id=12224, stack(0x0000004c61b00000,0x0000004c61c00000)]
  0x000001604d4f47c0 JavaThread "Common-Cleaner" daemon [_thread_blocked, id=12600, stack(0x0000004c61c00000,0x0000004c61d00000)]
  0x000001604d80a7d0 JavaThread "Notification Thread" daemon [_thread_blocked, id=12036, stack(0x0000004c61d00000,0x0000004c61e00000)]
  0x0000016068789080 JavaThread "Daemon health stats" [_thread_blocked, id=22620, stack(0x0000004c62500000,0x0000004c62600000)]
  0x0000016067f961f0 JavaThread "Incoming local TCP Connector on port 61055" [_thread_in_native, id=25156, stack(0x0000004c61f00000,0x0000004c62000000)]
  0x000001606704b9c0 JavaThread "Daemon periodic checks" [_thread_blocked, id=6276, stack(0x0000004c62900000,0x0000004c62a00000)]
  0x000001606705e7f0 JavaThread "Daemon" [_thread_blocked, id=2404, stack(0x0000004c62a00000,0x0000004c62b00000)]
  0x0000016067060140 JavaThread "Handler for socket connection from /127.0.0.1:61055 to /127.0.0.1:61056" [_thread_in_native, id=15884, stack(0x0000004c62b00000,0x0000004c62c00000)]
  0x000001606705fc30 JavaThread "Cancel handler" [_thread_blocked, id=10676, stack(0x0000004c62c00000,0x0000004c62d00000)]
  0x000001606705c990 JavaThread "Daemon worker" [_thread_in_Java, id=3532, stack(0x0000004c62d00000,0x0000004c62e00000)]
  0x000001606705cea0 JavaThread "Asynchronous log dispatcher for DefaultDaemonConnection: socket connection from /127.0.0.1:61055 to /127.0.0.1:61056" [_thread_blocked, id=10740, stack(0x0000004c62e00000,0x0000004c62f00000)]
  0x000001606705f210 JavaThread "Stdin handler" [_thread_blocked, id=5176, stack(0x0000004c62f00000,0x0000004c63000000)]
  0x000001606705e2e0 JavaThread "Daemon client event forwarder" [_thread_blocked, id=19004, stack(0x0000004c63000000,0x0000004c63100000)]
  0x000001606705ed00 JavaThread "Cache worker for journal cache (C:\Users\Honor\.gradle\caches\journal-1)" [_thread_blocked, id=21708, stack(0x0000004c62800000,0x0000004c62900000)]
  0x000001606705d3b0 JavaThread "File lock request listener" [_thread_in_native, id=24816, stack(0x0000004c63100000,0x0000004c63200000)]
  0x000001606705f720 JavaThread "Cache worker for file hash cache (C:\Users\Honor\.gradle\caches\8.13\fileHashes)" [_thread_blocked, id=1484, stack(0x0000004c63200000,0x0000004c63300000)]
  0x000001606705d8c0 JavaThread "Cache worker for file hash cache (D:\DEV\api-gateway\.gradle\8.13\fileHashes)" [_thread_blocked, id=21200, stack(0x0000004c63300000,0x0000004c63400000)]
  0x00000160697e4820 JavaThread "Cache worker for Build Output Cleanup Cache (D:\DEV\api-gateway\.gradle\buildOutputCleanup)" [_thread_blocked, id=9640, stack(0x0000004c63400000,0x0000004c63500000)]
  0x00000160697e4310 JavaThread "File watcher server" daemon [_thread_in_native, id=1180, stack(0x0000004c63600000,0x0000004c63700000)]
  0x00000160697e5750 JavaThread "File watcher consumer" daemon [_thread_blocked, id=8928, stack(0x0000004c63700000,0x0000004c63800000)]
  0x00000160697e24b0 JavaThread "jar transforms" [_thread_blocked, id=20500, stack(0x0000004c63800000,0x0000004c63900000)]
  0x00000160697e5c60 JavaThread "jar transforms Thread 2" [_thread_blocked, id=9592, stack(0x0000004c63900000,0x0000004c63a00000)]
  0x00000160697e0b60 JavaThread "Cache worker for checksums cache (D:\DEV\api-gateway\.gradle\8.13\checksums)" [_thread_blocked, id=16872, stack(0x0000004c63a00000,0x0000004c63b00000)]
  0x00000160697e5240 JavaThread "Cache worker for file content cache (C:\Users\Honor\.gradle\caches\8.13\fileContent)" [_thread_blocked, id=21124, stack(0x0000004c63b00000,0x0000004c63c00000)]
=>0x00000160695b7790 JavaThread "C2 CompilerThread1" daemon [_thread_in_native, id=11992, stack(0x0000004c63c00000,0x0000004c63d00000)]
  0x00000160697e0650 JavaThread "Cache worker for cache directory md-supplier (C:\Users\Honor\.gradle\caches\8.13\md-supplier)" [_thread_blocked, id=572, stack(0x0000004c63d00000,0x0000004c63e00000)]
  0x00000160697e3e00 JavaThread "Cache worker for cache directory md-rule (C:\Users\Honor\.gradle\caches\8.13\md-rule)" [_thread_blocked, id=12236, stack(0x0000004c63e00000,0x0000004c63f00000)]

Other Threads:
  0x000001604d502ba0 VMThread "VM Thread" [stack: 0x0000004c61200000,0x0000004c61300000] [id=4568]
  0x0000016032c16490 WatcherThread [stack: 0x0000004c61e00000,0x0000004c61f00000] [id=76]
  0x0000016032c098e0 GCTaskThread "GC Thread#0" [stack: 0x0000004c60d00000,0x0000004c60e00000] [id=13048]
  0x0000016067788880 GCTaskThread "GC Thread#1" [stack: 0x0000004c62000000,0x0000004c62100000] [id=1696]
  0x0000016067788b40 GCTaskThread "GC Thread#2" [stack: 0x0000004c62100000,0x0000004c62200000] [id=15220]
  0x0000016067788e00 GCTaskThread "GC Thread#3" [stack: 0x0000004c62200000,0x0000004c62300000] [id=4816]
  0x000001604d8b6c10 GCTaskThread "GC Thread#4" [stack: 0x0000004c62300000,0x0000004c62400000] [id=3792]
  0x000001604d8b6ed0 GCTaskThread "GC Thread#5" [stack: 0x0000004c62400000,0x0000004c62500000] [id=16520]
  0x00000160687c6a60 GCTaskThread "GC Thread#6" [stack: 0x0000004c62600000,0x0000004c62700000] [id=5312]
  0x00000160676d3d40 GCTaskThread "GC Thread#7" [stack: 0x0000004c62700000,0x0000004c62800000] [id=12796]
  0x0000016032c0e640 ConcurrentGCThread "G1 Main Marker" [stack: 0x0000004c60e00000,0x0000004c60f00000] [id=2424]
  0x0000016032c0ee60 ConcurrentGCThread "G1 Conc#0" [stack: 0x0000004c60f00000,0x0000004c61000000] [id=21644]
  0x0000016069780cc0 ConcurrentGCThread "G1 Conc#1" [stack: 0x0000004c63500000,0x0000004c63600000] [id=3808]
  0x0000016032cae1b0 ConcurrentGCThread "G1 Refine#0" [stack: 0x0000004c61000000,0x0000004c61100000] [id=17088]
  0x0000016032cae9f0 ConcurrentGCThread "G1 Service" [stack: 0x0000004c61100000,0x0000004c61200000] [id=21140]

Threads with active compile tasks:
C2 CompilerThread0     6040 4039       4       java.net.URLClassLoader$1::run (5 bytes)
C2 CompilerThread1     6040 4040   !   4       java.net.URLClassLoader$1::run (81 bytes)

VM state: not at safepoint (normal execution)

VM Mutex/Monitor currently owned by a thread: None

Heap address: 0x00000000e0000000, size: 512 MB, Compressed Oops mode: 32-bit

CDS archive(s) mapped at: [0x000001604e000000-0x000001604ebd0000-0x000001604ebd0000), size 12386304, SharedBaseAddress: 0x000001604e000000, ArchiveRelocationMode: 1.
Compressed class space mapped at: 0x000001604f000000-0x0000016063000000, reserved size: 335544320
Narrow klass base: 0x000001604e000000, Narrow klass shift: 0, Narrow klass range: 0x100000000

GC Precious Log:
 CPUs: 8 total, 8 available
 Memory: 7103M
 Large Page Support: Disabled
 NUMA Support: Disabled
 Compressed Oops: Enabled (32-bit)
 Heap Region Size: 1M
 Heap Min Capacity: 256M
 Heap Initial Capacity: 256M
 Heap Max Capacity: 512M
 Pre-touch: Disabled
 Parallel Workers: 8
 Concurrent Workers: 2
 Concurrent Refinement Workers: 8
 Periodic GC: Disabled

Heap:
 garbage-first heap   total 262144K, used 32311K [0x00000000e0000000, 0x0000000100000000)
  region size 1024K, 20 young (20480K), 19 survivors (19456K)
 Metaspace       used 35637K, committed 36032K, reserved 393216K
  class space    used 5057K, committed 5248K, reserved 327680K

Heap Regions: E=young(eden), S=young(survivor), O=old, HS=humongous(starts), HC=humongous(continues), CS=collection set, F=free, OA=open archive, CA=closed archive, TAMS=top-at-mark-start (previous, next)
|   0|0x00000000e0000000, 0x00000000e0100000, 0x00000000e0100000|100%|HS|  |TAMS 0x00000000e0100000, 0x00000000e0000000| Complete 
|   1|0x00000000e0100000, 0x00000000e0200000, 0x00000000e0200000|100%|HC|  |TAMS 0x00000000e0200000, 0x00000000e0100000| Complete 
|   2|0x00000000e0200000, 0x00000000e0300000, 0x00000000e0300000|100%|HC|  |TAMS 0x00000000e0300000, 0x00000000e0200000| Complete 
|   3|0x00000000e0300000, 0x00000000e0400000, 0x00000000e0400000|100%| O|  |TAMS 0x00000000e0400000, 0x00000000e0300000| Untracked 
|   4|0x00000000e0400000, 0x00000000e0500000, 0x00000000e0500000|100%| O|  |TAMS 0x00000000e0500000, 0x00000000e0400000| Untracked 
|   5|0x00000000e0500000, 0x00000000e0600000, 0x00000000e0600000|100%| O|  |TAMS 0x00000000e0600000, 0x00000000e0500000| Complete 
|   6|0x00000000e0600000, 0x00000000e0700000, 0x00000000e0700000|100%| O|  |TAMS 0x00000000e0700000, 0x00000000e0600000| Untracked 
|   7|0x00000000e0700000, 0x00000000e0800000, 0x00000000e0800000|100%| O|  |TAMS 0x00000000e0800000, 0x00000000e0700000| Untracked 
|   8|0x00000000e0800000, 0x00000000e0900000, 0x00000000e0900000|100%| O|  |TAMS 0x00000000e0900000, 0x00000000e0800000| Untracked 
|   9|0x00000000e0900000, 0x00000000e0a00000, 0x00000000e0a00000|100%|HS|  |TAMS 0x00000000e0a00000, 0x00000000e0900000| Complete 
|  10|0x00000000e0a00000, 0x00000000e0b00000, 0x00000000e0b00000|100%| O|  |TAMS 0x00000000e0a00000, 0x00000000e0a00000| Untracked 
|  11|0x00000000e0b00000, 0x00000000e0c00000, 0x00000000e0c00000|100%| O|  |TAMS 0x00000000e0c00000, 0x00000000e0b00000| Untracked 
|  12|0x00000000e0c00000, 0x00000000e0d00000, 0x00000000e0d00000|100%| O|  |TAMS 0x00000000e0c7d200, 0x00000000e0c00000| Untracked 
|  13|0x00000000e0d00000, 0x00000000e0d17c00, 0x00000000e0e00000|  9%| O|  |TAMS 0x00000000e0d00000, 0x00000000e0d00000| Untracked 
|  14|0x00000000e0e00000, 0x00000000e0e00000, 0x00000000e0f00000|  0%| F|  |TAMS 0x00000000e0e00000, 0x00000000e0e00000| Untracked 
|  15|0x00000000e0f00000, 0x00000000e0f00000, 0x00000000e1000000|  0%| F|  |TAMS 0x00000000e0f00000, 0x00000000e0f00000| Untracked 
|  16|0x00000000e1000000, 0x00000000e1000000, 0x00000000e1100000|  0%| F|  |TAMS 0x00000000e1000000, 0x00000000e1000000| Untracked 
|  17|0x00000000e1100000, 0x00000000e1100000, 0x00000000e1200000|  0%| F|  |TAMS 0x00000000e1100000, 0x00000000e1100000| Untracked 
|  18|0x00000000e1200000, 0x00000000e1200000, 0x00000000e1300000|  0%| F|  |TAMS 0x00000000e1200000, 0x00000000e1200000| Untracked 
|  19|0x00000000e1300000, 0x00000000e1300000, 0x00000000e1400000|  0%| F|  |TAMS 0x00000000e1300000, 0x00000000e1300000| Untracked 
|  20|0x00000000e1400000, 0x00000000e1400000, 0x00000000e1500000|  0%| F|  |TAMS 0x00000000e1400000, 0x00000000e1400000| Untracked 
|  21|0x00000000e1500000, 0x00000000e1500000, 0x00000000e1600000|  0%| F|  |TAMS 0x00000000e1500000, 0x00000000e1500000| Untracked 
|  22|0x00000000e1600000, 0x00000000e1600000, 0x00000000e1700000|  0%| F|  |TAMS 0x00000000e1600000, 0x00000000e1600000| Untracked 
|  23|0x00000000e1700000, 0x00000000e1700000, 0x00000000e1800000|  0%| F|  |TAMS 0x00000000e1700000, 0x00000000e1700000| Untracked 
|  24|0x00000000e1800000, 0x00000000e1800000, 0x00000000e1900000|  0%| F|  |TAMS 0x00000000e1800000, 0x00000000e1800000| Untracked 
|  25|0x00000000e1900000, 0x00000000e1900000, 0x00000000e1a00000|  0%| F|  |TAMS 0x00000000e1900000, 0x00000000e1900000| Untracked 
|  26|0x00000000e1a00000, 0x00000000e1a00000, 0x00000000e1b00000|  0%| F|  |TAMS 0x00000000e1a00000, 0x00000000e1a00000| Untracked 
|  27|0x00000000e1b00000, 0x00000000e1b00000, 0x00000000e1c00000|  0%| F|  |TAMS 0x00000000e1b00000, 0x00000000e1b00000| Untracked 
|  28|0x00000000e1c00000, 0x00000000e1c00000, 0x00000000e1d00000|  0%| F|  |TAMS 0x00000000e1c00000, 0x00000000e1c00000| Untracked 
|  29|0x00000000e1d00000, 0x00000000e1d00000, 0x00000000e1e00000|  0%| F|  |TAMS 0x00000000e1d00000, 0x00000000e1d00000| Untracked 
|  30|0x00000000e1e00000, 0x00000000e1e00000, 0x00000000e1f00000|  0%| F|  |TAMS 0x00000000e1e00000, 0x00000000e1e00000| Untracked 
|  31|0x00000000e1f00000, 0x00000000e1f00000, 0x00000000e2000000|  0%| F|  |TAMS 0x00000000e1f00000, 0x00000000e1f00000| Untracked 
|  32|0x00000000e2000000, 0x00000000e2000000, 0x00000000e2100000|  0%| F|  |TAMS 0x00000000e2000000, 0x00000000e2000000| Untracked 
|  33|0x00000000e2100000, 0x00000000e2100000, 0x00000000e2200000|  0%| F|  |TAMS 0x00000000e2100000, 0x00000000e2100000| Untracked 
|  34|0x00000000e2200000, 0x00000000e2200000, 0x00000000e2300000|  0%| F|  |TAMS 0x00000000e2200000, 0x00000000e2200000| Untracked 
|  35|0x00000000e2300000, 0x00000000e2300000, 0x00000000e2400000|  0%| F|  |TAMS 0x00000000e2300000, 0x00000000e2300000| Untracked 
|  36|0x00000000e2400000, 0x00000000e2400000, 0x00000000e2500000|  0%| F|  |TAMS 0x00000000e2400000, 0x00000000e2400000| Untracked 
|  37|0x00000000e2500000, 0x00000000e2500000, 0x00000000e2600000|  0%| F|  |TAMS 0x00000000e2500000, 0x00000000e2500000| Untracked 
|  38|0x00000000e2600000, 0x00000000e2600000, 0x00000000e2700000|  0%| F|  |TAMS 0x00000000e2600000, 0x00000000e2600000| Untracked 
|  39|0x00000000e2700000, 0x00000000e2700000, 0x00000000e2800000|  0%| F|  |TAMS 0x00000000e2700000, 0x00000000e2700000| Untracked 
|  40|0x00000000e2800000, 0x00000000e2800000, 0x00000000e2900000|  0%| F|  |TAMS 0x00000000e2800000, 0x00000000e2800000| Untracked 
|  41|0x00000000e2900000, 0x00000000e2900000, 0x00000000e2a00000|  0%| F|  |TAMS 0x00000000e2900000, 0x00000000e2900000| Untracked 
|  42|0x00000000e2a00000, 0x00000000e2a00000, 0x00000000e2b00000|  0%| F|  |TAMS 0x00000000e2a00000, 0x00000000e2a00000| Untracked 
|  43|0x00000000e2b00000, 0x00000000e2b00000, 0x00000000e2c00000|  0%| F|  |TAMS 0x00000000e2b00000, 0x00000000e2b00000| Untracked 
|  44|0x00000000e2c00000, 0x00000000e2c00000, 0x00000000e2d00000|  0%| F|  |TAMS 0x00000000e2c00000, 0x00000000e2c00000| Untracked 
|  45|0x00000000e2d00000, 0x00000000e2d00000, 0x00000000e2e00000|  0%| F|  |TAMS 0x00000000e2d00000, 0x00000000e2d00000| Untracked 
|  46|0x00000000e2e00000, 0x00000000e2e00000, 0x00000000e2f00000|  0%| F|  |TAMS 0x00000000e2e00000, 0x00000000e2e00000| Untracked 
|  47|0x00000000e2f00000, 0x00000000e2f00000, 0x00000000e3000000|  0%| F|  |TAMS 0x00000000e2f00000, 0x00000000e2f00000| Untracked 
|  48|0x00000000e3000000, 0x00000000e3000000, 0x00000000e3100000|  0%| F|  |TAMS 0x00000000e3000000, 0x00000000e3000000| Untracked 
|  49|0x00000000e3100000, 0x00000000e3100000, 0x00000000e3200000|  0%| F|  |TAMS 0x00000000e3100000, 0x00000000e3100000| Untracked 
|  50|0x00000000e3200000, 0x00000000e3200000, 0x00000000e3300000|  0%| F|  |TAMS 0x00000000e3200000, 0x00000000e3200000| Untracked 
|  51|0x00000000e3300000, 0x00000000e3300000, 0x00000000e3400000|  0%| F|  |TAMS 0x00000000e3300000, 0x00000000e3300000| Untracked 
|  52|0x00000000e3400000, 0x00000000e3400000, 0x00000000e3500000|  0%| F|  |TAMS 0x00000000e3400000, 0x00000000e3400000| Untracked 
|  53|0x00000000e3500000, 0x00000000e3500000, 0x00000000e3600000|  0%| F|  |TAMS 0x00000000e3500000, 0x00000000e3500000| Untracked 
|  54|0x00000000e3600000, 0x00000000e3600000, 0x00000000e3700000|  0%| F|  |TAMS 0x00000000e3600000, 0x00000000e3600000| Untracked 
|  55|0x00000000e3700000, 0x00000000e3700000, 0x00000000e3800000|  0%| F|  |TAMS 0x00000000e3700000, 0x00000000e3700000| Untracked 
|  56|0x00000000e3800000, 0x00000000e3800000, 0x00000000e3900000|  0%| F|  |TAMS 0x00000000e3800000, 0x00000000e3800000| Untracked 
|  57|0x00000000e3900000, 0x00000000e3900000, 0x00000000e3a00000|  0%| F|  |TAMS 0x00000000e3900000, 0x00000000e3900000| Untracked 
|  58|0x00000000e3a00000, 0x00000000e3a00000, 0x00000000e3b00000|  0%| F|  |TAMS 0x00000000e3a00000, 0x00000000e3a00000| Untracked 
|  59|0x00000000e3b00000, 0x00000000e3b00000, 0x00000000e3c00000|  0%| F|  |TAMS 0x00000000e3b00000, 0x00000000e3b00000| Untracked 
|  60|0x00000000e3c00000, 0x00000000e3c00000, 0x00000000e3d00000|  0%| F|  |TAMS 0x00000000e3c00000, 0x00000000e3c00000| Untracked 
|  61|0x00000000e3d00000, 0x00000000e3d00000, 0x00000000e3e00000|  0%| F|  |TAMS 0x00000000e3d00000, 0x00000000e3d00000| Untracked 
|  62|0x00000000e3e00000, 0x00000000e3e00000, 0x00000000e3f00000|  0%| F|  |TAMS 0x00000000e3e00000, 0x00000000e3e00000| Untracked 
|  63|0x00000000e3f00000, 0x00000000e3f00000, 0x00000000e4000000|  0%| F|  |TAMS 0x00000000e3f00000, 0x00000000e3f00000| Untracked 
|  64|0x00000000e4000000, 0x00000000e4000000, 0x00000000e4100000|  0%| F|  |TAMS 0x00000000e4000000, 0x00000000e4000000| Untracked 
|  65|0x00000000e4100000, 0x00000000e4100000, 0x00000000e4200000|  0%| F|  |TAMS 0x00000000e4100000, 0x00000000e4100000| Untracked 
|  66|0x00000000e4200000, 0x00000000e4200000, 0x00000000e4300000|  0%| F|  |TAMS 0x00000000e4200000, 0x00000000e4200000| Untracked 
|  67|0x00000000e4300000, 0x00000000e4300000, 0x00000000e4400000|  0%| F|  |TAMS 0x00000000e4300000, 0x00000000e4300000| Untracked 
|  68|0x00000000e4400000, 0x00000000e4400000, 0x00000000e4500000|  0%| F|  |TAMS 0x00000000e4400000, 0x00000000e4400000| Untracked 
|  69|0x00000000e4500000, 0x00000000e4500000, 0x00000000e4600000|  0%| F|  |TAMS 0x00000000e4500000, 0x00000000e4500000| Untracked 
|  70|0x00000000e4600000, 0x00000000e4600000, 0x00000000e4700000|  0%| F|  |TAMS 0x00000000e4600000, 0x00000000e4600000| Untracked 
|  71|0x00000000e4700000, 0x00000000e4700000, 0x00000000e4800000|  0%| F|  |TAMS 0x00000000e4700000, 0x00000000e4700000| Untracked 
|  72|0x00000000e4800000, 0x00000000e4800000, 0x00000000e4900000|  0%| F|  |TAMS 0x00000000e4800000, 0x00000000e4800000| Untracked 
|  73|0x00000000e4900000, 0x00000000e4900000, 0x00000000e4a00000|  0%| F|  |TAMS 0x00000000e4900000, 0x00000000e4900000| Untracked 
|  74|0x00000000e4a00000, 0x00000000e4a00000, 0x00000000e4b00000|  0%| F|  |TAMS 0x00000000e4a00000, 0x00000000e4a00000| Untracked 
|  75|0x00000000e4b00000, 0x00000000e4b00000, 0x00000000e4c00000|  0%| F|  |TAMS 0x00000000e4b00000, 0x00000000e4b00000| Untracked 
|  76|0x00000000e4c00000, 0x00000000e4c00000, 0x00000000e4d00000|  0%| F|  |TAMS 0x00000000e4c00000, 0x00000000e4c00000| Untracked 
|  77|0x00000000e4d00000, 0x00000000e4d00000, 0x00000000e4e00000|  0%| F|  |TAMS 0x00000000e4d00000, 0x00000000e4d00000| Untracked 
|  78|0x00000000e4e00000, 0x00000000e4e00000, 0x00000000e4f00000|  0%| F|  |TAMS 0x00000000e4e00000, 0x00000000e4e00000| Untracked 
|  79|0x00000000e4f00000, 0x00000000e4f00000, 0x00000000e5000000|  0%| F|  |TAMS 0x00000000e4f00000, 0x00000000e4f00000| Untracked 
|  80|0x00000000e5000000, 0x00000000e5000000, 0x00000000e5100000|  0%| F|  |TAMS 0x00000000e5000000, 0x00000000e5000000| Untracked 
|  81|0x00000000e5100000, 0x00000000e5100000, 0x00000000e5200000|  0%| F|  |TAMS 0x00000000e5100000, 0x00000000e5100000| Untracked 
|  82|0x00000000e5200000, 0x00000000e5200000, 0x00000000e5300000|  0%| F|  |TAMS 0x00000000e5200000, 0x00000000e5200000| Untracked 
|  83|0x00000000e5300000, 0x00000000e5300000, 0x00000000e5400000|  0%| F|  |TAMS 0x00000000e5300000, 0x00000000e5300000| Untracked 
|  84|0x00000000e5400000, 0x00000000e5400000, 0x00000000e5500000|  0%| F|  |TAMS 0x00000000e5400000, 0x00000000e5400000| Untracked 
|  85|0x00000000e5500000, 0x00000000e5500000, 0x00000000e5600000|  0%| F|  |TAMS 0x00000000e5500000, 0x00000000e5500000| Untracked 
|  86|0x00000000e5600000, 0x00000000e5600000, 0x00000000e5700000|  0%| F|  |TAMS 0x00000000e5600000, 0x00000000e5600000| Untracked 
|  87|0x00000000e5700000, 0x00000000e5700000, 0x00000000e5800000|  0%| F|  |TAMS 0x00000000e5700000, 0x00000000e5700000| Untracked 
|  88|0x00000000e5800000, 0x00000000e5800000, 0x00000000e5900000|  0%| F|  |TAMS 0x00000000e5800000, 0x00000000e5800000| Untracked 
|  89|0x00000000e5900000, 0x00000000e5900000, 0x00000000e5a00000|  0%| F|  |TAMS 0x00000000e5900000, 0x00000000e5900000| Untracked 
|  90|0x00000000e5a00000, 0x00000000e5a00000, 0x00000000e5b00000|  0%| F|  |TAMS 0x00000000e5a00000, 0x00000000e5a00000| Untracked 
|  91|0x00000000e5b00000, 0x00000000e5b00000, 0x00000000e5c00000|  0%| F|  |TAMS 0x00000000e5b00000, 0x00000000e5b00000| Untracked 
|  92|0x00000000e5c00000, 0x00000000e5c00000, 0x00000000e5d00000|  0%| F|  |TAMS 0x00000000e5c00000, 0x00000000e5c00000| Untracked 
|  93|0x00000000e5d00000, 0x00000000e5d00000, 0x00000000e5e00000|  0%| F|  |TAMS 0x00000000e5d00000, 0x00000000e5d00000| Untracked 
|  94|0x00000000e5e00000, 0x00000000e5e00000, 0x00000000e5f00000|  0%| F|  |TAMS 0x00000000e5e00000, 0x00000000e5e00000| Untracked 
|  95|0x00000000e5f00000, 0x00000000e5f00000, 0x00000000e6000000|  0%| F|  |TAMS 0x00000000e5f00000, 0x00000000e5f00000| Untracked 
|  96|0x00000000e6000000, 0x00000000e6000000, 0x00000000e6100000|  0%| F|  |TAMS 0x00000000e6000000, 0x00000000e6000000| Untracked 
|  97|0x00000000e6100000, 0x00000000e6100000, 0x00000000e6200000|  0%| F|  |TAMS 0x00000000e6100000, 0x00000000e6100000| Untracked 
|  98|0x00000000e6200000, 0x00000000e6200000, 0x00000000e6300000|  0%| F|  |TAMS 0x00000000e6200000, 0x00000000e6200000| Untracked 
|  99|0x00000000e6300000, 0x00000000e6300000, 0x00000000e6400000|  0%| F|  |TAMS 0x00000000e6300000, 0x00000000e6300000| Untracked 
| 100|0x00000000e6400000, 0x00000000e6400000, 0x00000000e6500000|  0%| F|  |TAMS 0x00000000e6400000, 0x00000000e6400000| Untracked 
| 101|0x00000000e6500000, 0x00000000e6500000, 0x00000000e6600000|  0%| F|  |TAMS 0x00000000e6500000, 0x00000000e6500000| Untracked 
| 102|0x00000000e6600000, 0x00000000e6600000, 0x00000000e6700000|  0%| F|  |TAMS 0x00000000e6600000, 0x00000000e6600000| Untracked 
| 103|0x00000000e6700000, 0x00000000e6700000, 0x00000000e6800000|  0%| F|  |TAMS 0x00000000e6700000, 0x00000000e6700000| Untracked 
| 104|0x00000000e6800000, 0x00000000e6800000, 0x00000000e6900000|  0%| F|  |TAMS 0x00000000e6800000, 0x00000000e6800000| Untracked 
| 105|0x00000000e6900000, 0x00000000e6900000, 0x00000000e6a00000|  0%| F|  |TAMS 0x00000000e6900000, 0x00000000e6900000| Untracked 
| 106|0x00000000e6a00000, 0x00000000e6a00000, 0x00000000e6b00000|  0%| F|  |TAMS 0x00000000e6a00000, 0x00000000e6a00000| Untracked 
| 107|0x00000000e6b00000, 0x00000000e6b76190, 0x00000000e6c00000| 46%| S|CS|TAMS 0x00000000e6b00000, 0x00000000e6b00000| Complete 
| 108|0x00000000e6c00000, 0x00000000e6d00000, 0x00000000e6d00000|100%| S|CS|TAMS 0x00000000e6c00000, 0x00000000e6c00000| Complete 
| 109|0x00000000e6d00000, 0x00000000e6e00000, 0x00000000e6e00000|100%| S|CS|TAMS 0x00000000e6d00000, 0x00000000e6d00000| Complete 
| 110|0x00000000e6e00000, 0x00000000e6f00000, 0x00000000e6f00000|100%| S|CS|TAMS 0x00000000e6e00000, 0x00000000e6e00000| Complete 
| 111|0x00000000e6f00000, 0x00000000e7000000, 0x00000000e7000000|100%| S|CS|TAMS 0x00000000e6f00000, 0x00000000e6f00000| Complete 
| 112|0x00000000e7000000, 0x00000000e7100000, 0x00000000e7100000|100%| S|CS|TAMS 0x00000000e7000000, 0x00000000e7000000| Complete 
| 113|0x00000000e7100000, 0x00000000e7200000, 0x00000000e7200000|100%| S|CS|TAMS 0x00000000e7100000, 0x00000000e7100000| Complete 
| 114|0x00000000e7200000, 0x00000000e7300000, 0x00000000e7300000|100%| S|CS|TAMS 0x00000000e7200000, 0x00000000e7200000| Complete 
| 115|0x00000000e7300000, 0x00000000e7400000, 0x00000000e7400000|100%| S|CS|TAMS 0x00000000e7300000, 0x00000000e7300000| Complete 
| 116|0x00000000e7400000, 0x00000000e7500000, 0x00000000e7500000|100%| S|CS|TAMS 0x00000000e7400000, 0x00000000e7400000| Complete 
| 117|0x00000000e7500000, 0x00000000e7600000, 0x00000000e7600000|100%| S|CS|TAMS 0x00000000e7500000, 0x00000000e7500000| Complete 
| 118|0x00000000e7600000, 0x00000000e7700000, 0x00000000e7700000|100%| S|CS|TAMS 0x00000000e7600000, 0x00000000e7600000| Complete 
| 119|0x00000000e7700000, 0x00000000e7800000, 0x00000000e7800000|100%| S|CS|TAMS 0x00000000e7700000, 0x00000000e7700000| Complete 
| 120|0x00000000e7800000, 0x00000000e7900000, 0x00000000e7900000|100%| S|CS|TAMS 0x00000000e7800000, 0x00000000e7800000| Complete 
| 121|0x00000000e7900000, 0x00000000e7a00000, 0x00000000e7a00000|100%| S|CS|TAMS 0x00000000e7900000, 0x00000000e7900000| Complete 
| 122|0x00000000e7a00000, 0x00000000e7b00000, 0x00000000e7b00000|100%| S|CS|TAMS 0x00000000e7a00000, 0x00000000e7a00000| Complete 
| 123|0x00000000e7b00000, 0x00000000e7c00000, 0x00000000e7c00000|100%| S|CS|TAMS 0x00000000e7b00000, 0x00000000e7b00000| Complete 
| 124|0x00000000e7c00000, 0x00000000e7d00000, 0x00000000e7d00000|100%| S|CS|TAMS 0x00000000e7c00000, 0x00000000e7c00000| Complete 
| 125|0x00000000e7d00000, 0x00000000e7e00000, 0x00000000e7e00000|100%| S|CS|TAMS 0x00000000e7d00000, 0x00000000e7d00000| Complete 
| 126|0x00000000e7e00000, 0x00000000e7e00000, 0x00000000e7f00000|  0%| F|  |TAMS 0x00000000e7e00000, 0x00000000e7e00000| Untracked 
| 127|0x00000000e7f00000, 0x00000000e7f00000, 0x00000000e8000000|  0%| F|  |TAMS 0x00000000e7f00000, 0x00000000e7f00000| Untracked 
| 128|0x00000000e8000000, 0x00000000e8000000, 0x00000000e8100000|  0%| F|  |TAMS 0x00000000e8000000, 0x00000000e8000000| Untracked 
| 129|0x00000000e8100000, 0x00000000e8100000, 0x00000000e8200000|  0%| F|  |TAMS 0x00000000e8100000, 0x00000000e8100000| Untracked 
| 130|0x00000000e8200000, 0x00000000e8200000, 0x00000000e8300000|  0%| F|  |TAMS 0x00000000e8200000, 0x00000000e8200000| Untracked 
| 131|0x00000000e8300000, 0x00000000e8300000, 0x00000000e8400000|  0%| F|  |TAMS 0x00000000e8300000, 0x00000000e8300000| Untracked 
| 132|0x00000000e8400000, 0x00000000e8400000, 0x00000000e8500000|  0%| F|  |TAMS 0x00000000e8400000, 0x00000000e8400000| Untracked 
| 133|0x00000000e8500000, 0x00000000e8500000, 0x00000000e8600000|  0%| F|  |TAMS 0x00000000e8500000, 0x00000000e8500000| Untracked 
| 134|0x00000000e8600000, 0x00000000e8600000, 0x00000000e8700000|  0%| F|  |TAMS 0x00000000e8600000, 0x00000000e8600000| Untracked 
| 135|0x00000000e8700000, 0x00000000e8700000, 0x00000000e8800000|  0%| F|  |TAMS 0x00000000e8700000, 0x00000000e8700000| Untracked 
| 136|0x00000000e8800000, 0x00000000e8800000, 0x00000000e8900000|  0%| F|  |TAMS 0x00000000e8800000, 0x00000000e8800000| Untracked 
| 137|0x00000000e8900000, 0x00000000e8900000, 0x00000000e8a00000|  0%| F|  |TAMS 0x00000000e8900000, 0x00000000e8900000| Untracked 
| 138|0x00000000e8a00000, 0x00000000e8a00000, 0x00000000e8b00000|  0%| F|  |TAMS 0x00000000e8a00000, 0x00000000e8a00000| Untracked 
| 139|0x00000000e8b00000, 0x00000000e8b00000, 0x00000000e8c00000|  0%| F|  |TAMS 0x00000000e8b00000, 0x00000000e8b00000| Untracked 
| 140|0x00000000e8c00000, 0x00000000e8c00000, 0x00000000e8d00000|  0%| F|  |TAMS 0x00000000e8c00000, 0x00000000e8c00000| Untracked 
| 141|0x00000000e8d00000, 0x00000000e8d00000, 0x00000000e8e00000|  0%| F|  |TAMS 0x00000000e8d00000, 0x00000000e8d00000| Untracked 
| 142|0x00000000e8e00000, 0x00000000e8e00000, 0x00000000e8f00000|  0%| F|  |TAMS 0x00000000e8e00000, 0x00000000e8e00000| Untracked 
| 143|0x00000000e8f00000, 0x00000000e8f00000, 0x00000000e9000000|  0%| F|  |TAMS 0x00000000e8f00000, 0x00000000e8f00000| Untracked 
| 144|0x00000000e9000000, 0x00000000e9000000, 0x00000000e9100000|  0%| F|  |TAMS 0x00000000e9000000, 0x00000000e9000000| Untracked 
| 145|0x00000000e9100000, 0x00000000e9100000, 0x00000000e9200000|  0%| F|  |TAMS 0x00000000e9100000, 0x00000000e9100000| Untracked 
| 146|0x00000000e9200000, 0x00000000e9200000, 0x00000000e9300000|  0%| F|  |TAMS 0x00000000e9200000, 0x00000000e9200000| Untracked 
| 147|0x00000000e9300000, 0x00000000e9300000, 0x00000000e9400000|  0%| F|  |TAMS 0x00000000e9300000, 0x00000000e9300000| Untracked 
| 148|0x00000000e9400000, 0x00000000e9400000, 0x00000000e9500000|  0%| F|  |TAMS 0x00000000e9400000, 0x00000000e9400000| Untracked 
| 149|0x00000000e9500000, 0x00000000e9500000, 0x00000000e9600000|  0%| F|  |TAMS 0x00000000e9500000, 0x00000000e9500000| Untracked 
| 150|0x00000000e9600000, 0x00000000e9600000, 0x00000000e9700000|  0%| F|  |TAMS 0x00000000e9600000, 0x00000000e9600000| Untracked 
| 151|0x00000000e9700000, 0x00000000e9700000, 0x00000000e9800000|  0%| F|  |TAMS 0x00000000e9700000, 0x00000000e9700000| Untracked 
| 152|0x00000000e9800000, 0x00000000e9800000, 0x00000000e9900000|  0%| F|  |TAMS 0x00000000e9800000, 0x00000000e9800000| Untracked 
| 153|0x00000000e9900000, 0x00000000e9900000, 0x00000000e9a00000|  0%| F|  |TAMS 0x00000000e9900000, 0x00000000e9900000| Untracked 
| 154|0x00000000e9a00000, 0x00000000e9a00000, 0x00000000e9b00000|  0%| F|  |TAMS 0x00000000e9a00000, 0x00000000e9a00000| Untracked 
| 155|0x00000000e9b00000, 0x00000000e9b00000, 0x00000000e9c00000|  0%| F|  |TAMS 0x00000000e9b00000, 0x00000000e9b00000| Untracked 
| 156|0x00000000e9c00000, 0x00000000e9c00000, 0x00000000e9d00000|  0%| F|  |TAMS 0x00000000e9c00000, 0x00000000e9c00000| Untracked 
| 157|0x00000000e9d00000, 0x00000000e9d00000, 0x00000000e9e00000|  0%| F|  |TAMS 0x00000000e9d00000, 0x00000000e9d00000| Untracked 
| 158|0x00000000e9e00000, 0x00000000e9e00000, 0x00000000e9f00000|  0%| F|  |TAMS 0x00000000e9e00000, 0x00000000e9e00000| Untracked 
| 159|0x00000000e9f00000, 0x00000000e9f00000, 0x00000000ea000000|  0%| F|  |TAMS 0x00000000e9f00000, 0x00000000e9f00000| Untracked 
| 160|0x00000000ea000000, 0x00000000ea000000, 0x00000000ea100000|  0%| F|  |TAMS 0x00000000ea000000, 0x00000000ea000000| Untracked 
| 161|0x00000000ea100000, 0x00000000ea100000, 0x00000000ea200000|  0%| F|  |TAMS 0x00000000ea100000, 0x00000000ea100000| Untracked 
| 162|0x00000000ea200000, 0x00000000ea200000, 0x00000000ea300000|  0%| F|  |TAMS 0x00000000ea200000, 0x00000000ea200000| Untracked 
| 163|0x00000000ea300000, 0x00000000ea300000, 0x00000000ea400000|  0%| F|  |TAMS 0x00000000ea300000, 0x00000000ea300000| Untracked 
| 164|0x00000000ea400000, 0x00000000ea400000, 0x00000000ea500000|  0%| F|  |TAMS 0x00000000ea400000, 0x00000000ea400000| Untracked 
| 165|0x00000000ea500000, 0x00000000ea500000, 0x00000000ea600000|  0%| F|  |TAMS 0x00000000ea500000, 0x00000000ea500000| Untracked 
| 166|0x00000000ea600000, 0x00000000ea600000, 0x00000000ea700000|  0%| F|  |TAMS 0x00000000ea600000, 0x00000000ea600000| Untracked 
| 167|0x00000000ea700000, 0x00000000ea700000, 0x00000000ea800000|  0%| F|  |TAMS 0x00000000ea700000, 0x00000000ea700000| Untracked 
| 168|0x00000000ea800000, 0x00000000ea800000, 0x00000000ea900000|  0%| F|  |TAMS 0x00000000ea800000, 0x00000000ea800000| Untracked 
| 169|0x00000000ea900000, 0x00000000ea900000, 0x00000000eaa00000|  0%| F|  |TAMS 0x00000000ea900000, 0x00000000ea900000| Untracked 
| 170|0x00000000eaa00000, 0x00000000eaa00000, 0x00000000eab00000|  0%| F|  |TAMS 0x00000000eaa00000, 0x00000000eaa00000| Untracked 
| 171|0x00000000eab00000, 0x00000000eab00000, 0x00000000eac00000|  0%| F|  |TAMS 0x00000000eab00000, 0x00000000eab00000| Untracked 
| 172|0x00000000eac00000, 0x00000000eac00000, 0x00000000ead00000|  0%| F|  |TAMS 0x00000000eac00000, 0x00000000eac00000| Untracked 
| 173|0x00000000ead00000, 0x00000000ead00000, 0x00000000eae00000|  0%| F|  |TAMS 0x00000000ead00000, 0x00000000ead00000| Untracked 
| 174|0x00000000eae00000, 0x00000000eae00000, 0x00000000eaf00000|  0%| F|  |TAMS 0x00000000eae00000, 0x00000000eae00000| Untracked 
| 175|0x00000000eaf00000, 0x00000000eaf00000, 0x00000000eb000000|  0%| F|  |TAMS 0x00000000eaf00000, 0x00000000eaf00000| Untracked 
| 176|0x00000000eb000000, 0x00000000eb000000, 0x00000000eb100000|  0%| F|  |TAMS 0x00000000eb000000, 0x00000000eb000000| Untracked 
| 177|0x00000000eb100000, 0x00000000eb100000, 0x00000000eb200000|  0%| F|  |TAMS 0x00000000eb100000, 0x00000000eb100000| Untracked 
| 178|0x00000000eb200000, 0x00000000eb200000, 0x00000000eb300000|  0%| F|  |TAMS 0x00000000eb200000, 0x00000000eb200000| Untracked 
| 179|0x00000000eb300000, 0x00000000eb300000, 0x00000000eb400000|  0%| F|  |TAMS 0x00000000eb300000, 0x00000000eb300000| Untracked 
| 180|0x00000000eb400000, 0x00000000eb400000, 0x00000000eb500000|  0%| F|  |TAMS 0x00000000eb400000, 0x00000000eb400000| Untracked 
| 181|0x00000000eb500000, 0x00000000eb500000, 0x00000000eb600000|  0%| F|  |TAMS 0x00000000eb500000, 0x00000000eb500000| Untracked 
| 182|0x00000000eb600000, 0x00000000eb600000, 0x00000000eb700000|  0%| F|  |TAMS 0x00000000eb600000, 0x00000000eb600000| Untracked 
| 183|0x00000000eb700000, 0x00000000eb700000, 0x00000000eb800000|  0%| F|  |TAMS 0x00000000eb700000, 0x00000000eb700000| Untracked 
| 184|0x00000000eb800000, 0x00000000eb800000, 0x00000000eb900000|  0%| F|  |TAMS 0x00000000eb800000, 0x00000000eb800000| Untracked 
| 185|0x00000000eb900000, 0x00000000eb900000, 0x00000000eba00000|  0%| F|  |TAMS 0x00000000eb900000, 0x00000000eb900000| Untracked 
| 186|0x00000000eba00000, 0x00000000eba00000, 0x00000000ebb00000|  0%| F|  |TAMS 0x00000000eba00000, 0x00000000eba00000| Untracked 
| 187|0x00000000ebb00000, 0x00000000ebb00000, 0x00000000ebc00000|  0%| F|  |TAMS 0x00000000ebb00000, 0x00000000ebb00000| Untracked 
| 188|0x00000000ebc00000, 0x00000000ebc00000, 0x00000000ebd00000|  0%| F|  |TAMS 0x00000000ebc00000, 0x00000000ebc00000| Untracked 
| 189|0x00000000ebd00000, 0x00000000ebd00000, 0x00000000ebe00000|  0%| F|  |TAMS 0x00000000ebd00000, 0x00000000ebd00000| Untracked 
| 190|0x00000000ebe00000, 0x00000000ebe00000, 0x00000000ebf00000|  0%| F|  |TAMS 0x00000000ebe00000, 0x00000000ebe00000| Untracked 
| 191|0x00000000ebf00000, 0x00000000ebf00000, 0x00000000ec000000|  0%| F|  |TAMS 0x00000000ebf00000, 0x00000000ebf00000| Untracked 
| 192|0x00000000ec000000, 0x00000000ec000000, 0x00000000ec100000|  0%| F|  |TAMS 0x00000000ec000000, 0x00000000ec000000| Untracked 
| 193|0x00000000ec100000, 0x00000000ec100000, 0x00000000ec200000|  0%| F|  |TAMS 0x00000000ec100000, 0x00000000ec100000| Untracked 
| 194|0x00000000ec200000, 0x00000000ec200000, 0x00000000ec300000|  0%| F|  |TAMS 0x00000000ec200000, 0x00000000ec200000| Untracked 
| 195|0x00000000ec300000, 0x00000000ec300000, 0x00000000ec400000|  0%| F|  |TAMS 0x00000000ec300000, 0x00000000ec300000| Untracked 
| 196|0x00000000ec400000, 0x00000000ec400000, 0x00000000ec500000|  0%| F|  |TAMS 0x00000000ec400000, 0x00000000ec400000| Untracked 
| 197|0x00000000ec500000, 0x00000000ec500000, 0x00000000ec600000|  0%| F|  |TAMS 0x00000000ec500000, 0x00000000ec500000| Untracked 
| 198|0x00000000ec600000, 0x00000000ec600000, 0x00000000ec700000|  0%| F|  |TAMS 0x00000000ec600000, 0x00000000ec600000| Untracked 
| 199|0x00000000ec700000, 0x00000000ec700000, 0x00000000ec800000|  0%| F|  |TAMS 0x00000000ec700000, 0x00000000ec700000| Untracked 
| 200|0x00000000ec800000, 0x00000000ec800000, 0x00000000ec900000|  0%| F|  |TAMS 0x00000000ec800000, 0x00000000ec800000| Untracked 
| 201|0x00000000ec900000, 0x00000000ec900000, 0x00000000eca00000|  0%| F|  |TAMS 0x00000000ec900000, 0x00000000ec900000| Untracked 
| 202|0x00000000eca00000, 0x00000000eca00000, 0x00000000ecb00000|  0%| F|  |TAMS 0x00000000eca00000, 0x00000000eca00000| Untracked 
| 203|0x00000000ecb00000, 0x00000000ecb00000, 0x00000000ecc00000|  0%| F|  |TAMS 0x00000000ecb00000, 0x00000000ecb00000| Untracked 
| 204|0x00000000ecc00000, 0x00000000ecc00000, 0x00000000ecd00000|  0%| F|  |TAMS 0x00000000ecc00000, 0x00000000ecc00000| Untracked 
| 205|0x00000000ecd00000, 0x00000000ecd00000, 0x00000000ece00000|  0%| F|  |TAMS 0x00000000ecd00000, 0x00000000ecd00000| Untracked 
| 206|0x00000000ece00000, 0x00000000ece00000, 0x00000000ecf00000|  0%| F|  |TAMS 0x00000000ece00000, 0x00000000ece00000| Untracked 
| 207|0x00000000ecf00000, 0x00000000ecf00000, 0x00000000ed000000|  0%| F|  |TAMS 0x00000000ecf00000, 0x00000000ecf00000| Untracked 
| 208|0x00000000ed000000, 0x00000000ed000000, 0x00000000ed100000|  0%| F|  |TAMS 0x00000000ed000000, 0x00000000ed000000| Untracked 
| 209|0x00000000ed100000, 0x00000000ed100000, 0x00000000ed200000|  0%| F|  |TAMS 0x00000000ed100000, 0x00000000ed100000| Untracked 
| 210|0x00000000ed200000, 0x00000000ed200000, 0x00000000ed300000|  0%| F|  |TAMS 0x00000000ed200000, 0x00000000ed200000| Untracked 
| 211|0x00000000ed300000, 0x00000000ed300000, 0x00000000ed400000|  0%| F|  |TAMS 0x00000000ed300000, 0x00000000ed300000| Untracked 
| 212|0x00000000ed400000, 0x00000000ed400000, 0x00000000ed500000|  0%| F|  |TAMS 0x00000000ed400000, 0x00000000ed400000| Untracked 
| 213|0x00000000ed500000, 0x00000000ed500000, 0x00000000ed600000|  0%| F|  |TAMS 0x00000000ed500000, 0x00000000ed500000| Untracked 
| 214|0x00000000ed600000, 0x00000000ed600000, 0x00000000ed700000|  0%| F|  |TAMS 0x00000000ed600000, 0x00000000ed600000| Untracked 
| 215|0x00000000ed700000, 0x00000000ed700000, 0x00000000ed800000|  0%| F|  |TAMS 0x00000000ed700000, 0x00000000ed700000| Untracked 
| 216|0x00000000ed800000, 0x00000000ed800000, 0x00000000ed900000|  0%| F|  |TAMS 0x00000000ed800000, 0x00000000ed800000| Untracked 
| 217|0x00000000ed900000, 0x00000000ed900000, 0x00000000eda00000|  0%| F|  |TAMS 0x00000000ed900000, 0x00000000ed900000| Untracked 
| 218|0x00000000eda00000, 0x00000000eda00000, 0x00000000edb00000|  0%| F|  |TAMS 0x00000000eda00000, 0x00000000eda00000| Untracked 
| 219|0x00000000edb00000, 0x00000000edb00000, 0x00000000edc00000|  0%| F|  |TAMS 0x00000000edb00000, 0x00000000edb00000| Untracked 
| 220|0x00000000edc00000, 0x00000000edc00000, 0x00000000edd00000|  0%| F|  |TAMS 0x00000000edc00000, 0x00000000edc00000| Untracked 
| 221|0x00000000edd00000, 0x00000000edd00000, 0x00000000ede00000|  0%| F|  |TAMS 0x00000000edd00000, 0x00000000edd00000| Untracked 
| 222|0x00000000ede00000, 0x00000000ede00000, 0x00000000edf00000|  0%| F|  |TAMS 0x00000000ede00000, 0x00000000ede00000| Untracked 
| 223|0x00000000edf00000, 0x00000000edf00000, 0x00000000ee000000|  0%| F|  |TAMS 0x00000000edf00000, 0x00000000edf00000| Untracked 
| 224|0x00000000ee000000, 0x00000000ee000000, 0x00000000ee100000|  0%| F|  |TAMS 0x00000000ee000000, 0x00000000ee000000| Untracked 
| 225|0x00000000ee100000, 0x00000000ee100000, 0x00000000ee200000|  0%| F|  |TAMS 0x00000000ee100000, 0x00000000ee100000| Untracked 
| 226|0x00000000ee200000, 0x00000000ee200000, 0x00000000ee300000|  0%| F|  |TAMS 0x00000000ee200000, 0x00000000ee200000| Untracked 
| 227|0x00000000ee300000, 0x00000000ee300000, 0x00000000ee400000|  0%| F|  |TAMS 0x00000000ee300000, 0x00000000ee300000| Untracked 
| 228|0x00000000ee400000, 0x00000000ee400000, 0x00000000ee500000|  0%| F|  |TAMS 0x00000000ee400000, 0x00000000ee400000| Untracked 
| 229|0x00000000ee500000, 0x00000000ee500000, 0x00000000ee600000|  0%| F|  |TAMS 0x00000000ee500000, 0x00000000ee500000| Untracked 
| 230|0x00000000ee600000, 0x00000000ee600000, 0x00000000ee700000|  0%| F|  |TAMS 0x00000000ee600000, 0x00000000ee600000| Untracked 
| 231|0x00000000ee700000, 0x00000000ee700000, 0x00000000ee800000|  0%| F|  |TAMS 0x00000000ee700000, 0x00000000ee700000| Untracked 
| 232|0x00000000ee800000, 0x00000000ee800000, 0x00000000ee900000|  0%| F|  |TAMS 0x00000000ee800000, 0x00000000ee800000| Untracked 
| 233|0x00000000ee900000, 0x00000000ee900000, 0x00000000eea00000|  0%| F|  |TAMS 0x00000000ee900000, 0x00000000ee900000| Untracked 
| 234|0x00000000eea00000, 0x00000000eea00000, 0x00000000eeb00000|  0%| F|  |TAMS 0x00000000eea00000, 0x00000000eea00000| Untracked 
| 235|0x00000000eeb00000, 0x00000000eeb00000, 0x00000000eec00000|  0%| F|  |TAMS 0x00000000eeb00000, 0x00000000eeb00000| Untracked 
| 236|0x00000000eec00000, 0x00000000eec00000, 0x00000000eed00000|  0%| F|  |TAMS 0x00000000eec00000, 0x00000000eec00000| Untracked 
| 237|0x00000000eed00000, 0x00000000eed00000, 0x00000000eee00000|  0%| F|  |TAMS 0x00000000eed00000, 0x00000000eed00000| Untracked 
| 238|0x00000000eee00000, 0x00000000eee00000, 0x00000000eef00000|  0%| F|  |TAMS 0x00000000eee00000, 0x00000000eee00000| Untracked 
| 239|0x00000000eef00000, 0x00000000eef00000, 0x00000000ef000000|  0%| F|  |TAMS 0x00000000eef00000, 0x00000000eef00000| Untracked 
| 240|0x00000000ef000000, 0x00000000ef000000, 0x00000000ef100000|  0%| F|  |TAMS 0x00000000ef000000, 0x00000000ef000000| Untracked 
| 241|0x00000000ef100000, 0x00000000ef100000, 0x00000000ef200000|  0%| F|  |TAMS 0x00000000ef100000, 0x00000000ef100000| Untracked 
| 242|0x00000000ef200000, 0x00000000ef200000, 0x00000000ef300000|  0%| F|  |TAMS 0x00000000ef200000, 0x00000000ef200000| Untracked 
| 243|0x00000000ef300000, 0x00000000ef300000, 0x00000000ef400000|  0%| F|  |TAMS 0x00000000ef300000, 0x00000000ef300000| Untracked 
| 244|0x00000000ef400000, 0x00000000ef400000, 0x00000000ef500000|  0%| F|  |TAMS 0x00000000ef400000, 0x00000000ef400000| Untracked 
| 245|0x00000000ef500000, 0x00000000ef500000, 0x00000000ef600000|  0%| F|  |TAMS 0x00000000ef500000, 0x00000000ef500000| Untracked 
| 246|0x00000000ef600000, 0x00000000ef600000, 0x00000000ef700000|  0%| F|  |TAMS 0x00000000ef600000, 0x00000000ef600000| Untracked 
| 247|0x00000000ef700000, 0x00000000ef700000, 0x00000000ef800000|  0%| F|  |TAMS 0x00000000ef700000, 0x00000000ef700000| Untracked 
| 248|0x00000000ef800000, 0x00000000ef800000, 0x00000000ef900000|  0%| F|  |TAMS 0x00000000ef800000, 0x00000000ef800000| Untracked 
| 249|0x00000000ef900000, 0x00000000ef900000, 0x00000000efa00000|  0%| F|  |TAMS 0x00000000ef900000, 0x00000000ef900000| Untracked 
| 250|0x00000000efa00000, 0x00000000efa00000, 0x00000000efb00000|  0%| F|  |TAMS 0x00000000efa00000, 0x00000000efa00000| Untracked 
| 251|0x00000000efb00000, 0x00000000efb00000, 0x00000000efc00000|  0%| F|  |TAMS 0x00000000efb00000, 0x00000000efb00000| Untracked 
| 252|0x00000000efc00000, 0x00000000efc00000, 0x00000000efd00000|  0%| F|  |TAMS 0x00000000efc00000, 0x00000000efc00000| Untracked 
| 253|0x00000000efd00000, 0x00000000efd00000, 0x00000000efe00000|  0%| F|  |TAMS 0x00000000efd00000, 0x00000000efd00000| Untracked 
| 254|0x00000000efe00000, 0x00000000efe00000, 0x00000000eff00000|  0%| F|  |TAMS 0x00000000efe00000, 0x00000000efe00000| Untracked 
| 255|0x00000000eff00000, 0x00000000efff3788, 0x00000000f0000000| 95%| E|  |TAMS 0x00000000eff00000, 0x00000000eff00000| Complete 

Card table byte_map: [0x00000160498d0000,0x00000160499d0000] _byte_map_base: 0x00000160491d0000

Marking Bits (Prev, Next): (CMBitMap*) 0x0000016032c09d50, (CMBitMap*) 0x0000016032c09d10
 Prev Bits: [0x000001604a2d0000, 0x000001604aad0000)
 Next Bits: [0x0000016049ad0000, 0x000001604a2d0000)

Polling page: 0x0000016030b10000

Metaspace:

Usage:
  Non-class:     29.89 MB used.
      Class:      4.94 MB used.
       Both:     34.83 MB used.

Virtual space:
  Non-class space:       64.00 MB reserved,      30.12 MB ( 47%) committed,  1 nodes.
      Class space:      320.00 MB reserved,       5.12 MB (  2%) committed,  1 nodes.
             Both:      384.00 MB reserved,      35.25 MB (  9%) committed. 

Chunk freelists:
   Non-Class:  1.34 MB
       Class:  10.89 MB
        Both:  12.23 MB

MaxMetaspaceSize: 384.00 MB
CompressedClassSpaceSize: 320.00 MB
Initial GC threshold: 21.00 MB
Current GC threshold: 35.44 MB
CDS: on
MetaspaceReclaimPolicy: balanced
 - commit_granule_bytes: 65536.
 - commit_granule_words: 8192.
 - virtual_space_node_default_size: 8388608.
 - enlarge_chunks_in_place: 1.
 - new_chunks_are_fully_committed: 0.
 - uncommit_free_chunks: 1.
 - use_allocation_guard: 0.
 - handle_deallocations: 1.


Internal statistics:

num_allocs_failed_limit: 6.
num_arena_births: 416.
num_arena_deaths: 0.
num_vsnodes_births: 2.
num_vsnodes_deaths: 0.
num_space_committed: 564.
num_space_uncommitted: 0.
num_chunks_returned_to_freelist: 6.
num_chunks_taken_from_freelist: 1737.
num_chunk_merges: 6.
num_chunk_splits: 1160.
num_chunks_enlarged: 817.
num_inconsistent_stats: 0.

CodeHeap 'non-profiled nmethods': size=120000Kb used=1935Kb max_used=1935Kb free=118064Kb
 bounds [0x0000016041f70000, 0x00000160421e0000, 0x00000160494a0000]
CodeHeap 'profiled nmethods': size=120000Kb used=8710Kb max_used=8710Kb free=111289Kb
 bounds [0x000001603a4a0000, 0x000001603ad30000, 0x00000160419d0000]
CodeHeap 'non-nmethods': size=5760Kb used=1601Kb max_used=1642Kb free=4159Kb
 bounds [0x00000160419d0000, 0x0000016041c40000, 0x0000016041f70000]
 total_blobs=4833 nmethods=4168 adapters=577
 compilation: enabled
              stopped_count=0, restarted_count=0
 full_count=0

Compilation events (20 events):
Event: 5.984 Thread 0x000001604d5329c0 4155       3       java.lang.Class::getGenericInterfaces (21 bytes)
Event: 5.984 Thread 0x000001604d5329c0 nmethod 4155 0x000001603ad15a90 code [0x000001603ad15c80, 0x000001603ad161d8]
Event: 5.984 Thread 0x000001604d5329c0 4160       3       org.gradle.internal.instantiation.generator.AbstractClassGenerator$ExtensibleTypePropertyHandler::unclaimed (64 bytes)
Event: 5.985 Thread 0x000001604d5329c0 nmethod 4160 0x000001603ad16390 code [0x000001603ad165a0, 0x000001603ad16c88]
Event: 5.985 Thread 0x000001604d5329c0 4161       1       com.google.common.collect.LinkedHashMultimap$ValueEntry::setSuccessorInValueSet (6 bytes)
Event: 5.985 Thread 0x000001604d5329c0 nmethod 4161 0x0000016042153290 code [0x0000016042153420, 0x0000016042153538]
Event: 5.985 Thread 0x000001604d5329c0 4162       3       com.google.common.collect.LinkedHashMultimap::succeedsInMultimap (11 bytes)
Event: 5.985 Thread 0x000001604d5329c0 nmethod 4162 0x000001603ad16f10 code [0x000001603ad170a0, 0x000001603ad17278]
Event: 5.986 Thread 0x000001604d5329c0 4164       3       org.gradle.model.internal.asm.MethodVisitorScope::_INVOKESPECIAL (13 bytes)
Event: 5.986 Thread 0x000001604d5329c0 nmethod 4164 0x000001603ad17390 code [0x000001603ad17540, 0x000001603ad177d8]
Event: 5.986 Thread 0x000001604d5329c0 4163       1       org.gradle.internal.instantiation.generator.AsmBackedClassGenerator$ClassBuilderImpl::access$3900 (5 bytes)
Event: 5.986 Thread 0x000001604d5329c0 nmethod 4163 0x0000016042153590 code [0x0000016042153720, 0x00000160421537d8]
Event: 5.987 Thread 0x000001604d5329c0 4165       3       org.objectweb.asm.SymbolTable$Entry::<init> (17 bytes)
Event: 5.987 Thread 0x000001604d5329c0 nmethod 4165 0x000001603ad17910 code [0x000001603ad17ac0, 0x000001603ad17c48]
Event: 5.989 Thread 0x000001604d5329c0 4166       3       com.google.common.collect.ImmutableList::builder (8 bytes)
Event: 5.990 Thread 0x000001604d5329c0 nmethod 4166 0x000001603ad17d10 code [0x000001603ad17ec0, 0x000001603ad18278]
Event: 5.990 Thread 0x000001604d5329c0 4167       3       com.google.common.collect.ImmutableList$Builder::<init> (6 bytes)
Event: 5.990 Thread 0x000001604d5329c0 nmethod 4167 0x000001603ad18410 code [0x000001603ad185c0, 0x000001603ad188f8]
Event: 5.990 Thread 0x000001604d5329c0 4168       3       java.lang.reflect.Constructor::checkCanSetAccessible (29 bytes)
Event: 5.990 Thread 0x000001604d5329c0 nmethod 4168 0x000001603ad18a10 code [0x000001603ad18be0, 0x000001603ad18e98]

GC Heap History (8 events):
Event: 0.377 GC heap before
{Heap before GC invocations=0 (full 0):
 garbage-first heap   total 262144K, used 25600K [0x00000000e0000000, 0x0000000100000000)
  region size 1024K, 23 young (23552K), 0 survivors (0K)
 Metaspace       used 1142K, committed 1280K, reserved 393216K
  class space    used 73K, committed 128K, reserved 327680K
}
Event: 0.380 GC heap after
{Heap after GC invocations=1 (full 0):
 garbage-first heap   total 262144K, used 9269K [0x00000000e0000000, 0x0000000100000000)
  region size 1024K, 3 young (3072K), 3 survivors (3072K)
 Metaspace       used 1142K, committed 1280K, reserved 393216K
  class space    used 73K, committed 128K, reserved 327680K
}
Event: 0.919 GC heap before
{Heap before GC invocations=1 (full 0):
 garbage-first heap   total 262144K, used 38965K [0x00000000e0000000, 0x0000000100000000)
  region size 1024K, 32 young (32768K), 3 survivors (3072K)
 Metaspace       used 4432K, committed 4608K, reserved 393216K
  class space    used 548K, committed 640K, reserved 327680K
}
Event: 0.922 GC heap after
{Heap after GC invocations=2 (full 0):
 garbage-first heap   total 262144K, used 11232K [0x00000000e0000000, 0x0000000100000000)
  region size 1024K, 3 young (3072K), 3 survivors (3072K)
 Metaspace       used 4432K, committed 4608K, reserved 393216K
  class space    used 548K, committed 640K, reserved 327680K
}
Event: 1.449 GC heap before
{Heap before GC invocations=2 (full 0):
 garbage-first heap   total 262144K, used 57312K [0x00000000e0000000, 0x0000000100000000)
  region size 1024K, 46 young (47104K), 3 survivors (3072K)
 Metaspace       used 6473K, committed 6656K, reserved 393216K
  class space    used 863K, committed 960K, reserved 327680K
}
Event: 1.454 GC heap after
{Heap after GC invocations=3 (full 0):
 garbage-first heap   total 262144K, used 17908K [0x00000000e0000000, 0x0000000100000000)
  region size 1024K, 6 young (6144K), 6 survivors (6144K)
 Metaspace       used 6473K, committed 6656K, reserved 393216K
  class space    used 863K, committed 960K, reserved 327680K
}
Event: 3.665 GC heap before
{Heap before GC invocations=3 (full 0):
 garbage-first heap   total 262144K, used 115188K [0x00000000e0000000, 0x0000000100000000)
  region size 1024K, 102 young (104448K), 6 survivors (6144K)
 Metaspace       used 21173K, committed 21504K, reserved 393216K
  class space    used 3072K, committed 3264K, reserved 327680K
}
Event: 3.674 GC heap after
{Heap after GC invocations=4 (full 0):
 garbage-first heap   total 262144K, used 24122K [0x00000000e0000000, 0x0000000100000000)
  region size 1024K, 13 young (13312K), 13 survivors (13312K)
 Metaspace       used 21173K, committed 21504K, reserved 393216K
  class space    used 3072K, committed 3264K, reserved 327680K
}

Deoptimization events (20 events):
Event: 5.978 Thread 0x000001606705c990 Uncommon trap: trap_request=0xffffff45 fr.pc=0x00000160421316a8 relative=0x0000000000000288
Event: 5.978 Thread 0x000001606705c990 Uncommon trap: reason=unstable_if action=reinterpret pc=0x00000160421316a8 method=java.util.HashMap.getNode(Ljava/lang/Object;)Ljava/util/HashMap$Node; @ 85 c2
Event: 5.978 Thread 0x000001606705c990 DEOPT PACKING pc=0x00000160421316a8 sp=0x0000004c62df8830
Event: 5.978 Thread 0x000001606705c990 DEOPT UNPACKING pc=0x0000016041a223a3 sp=0x0000004c62df8740 mode 2
Event: 5.978 Thread 0x000001606705c990 Uncommon trap: trap_request=0xffffff45 fr.pc=0x000001604211868c relative=0x000000000000072c
Event: 5.978 Thread 0x000001606705c990 Uncommon trap: reason=unstable_if action=reinterpret pc=0x000001604211868c method=java.util.HashMap.putVal(ILjava/lang/Object;Ljava/lang/Object;ZZ)Ljava/lang/Object; @ 109 c2
Event: 5.978 Thread 0x000001606705c990 DEOPT PACKING pc=0x000001604211868c sp=0x0000004c62df8800
Event: 5.978 Thread 0x000001606705c990 DEOPT UNPACKING pc=0x0000016041a223a3 sp=0x0000004c62df8718 mode 2
Event: 5.978 Thread 0x000001606705c990 Uncommon trap: trap_request=0xffffff45 fr.pc=0x0000016041f97b90 relative=0x0000000000000930
Event: 5.978 Thread 0x000001606705c990 Uncommon trap: reason=unstable_if action=reinterpret pc=0x0000016041f97b90 method=java.util.HashMap.resize()[Ljava/util/HashMap$Node; @ 203 c2
Event: 5.978 Thread 0x000001606705c990 DEOPT PACKING pc=0x0000016041f97b90 sp=0x0000004c62df86c0
Event: 5.978 Thread 0x000001606705c990 DEOPT UNPACKING pc=0x0000016041a223a3 sp=0x0000004c62df8650 mode 2
Event: 5.978 Thread 0x000001606705c990 Uncommon trap: trap_request=0xffffff45 fr.pc=0x00000160420fc844 relative=0x0000000000000224
Event: 5.978 Thread 0x000001606705c990 Uncommon trap: reason=unstable_if action=reinterpret pc=0x00000160420fc844 method=java.util.HashMap.getNode(Ljava/lang/Object;)Ljava/util/HashMap$Node; @ 85 c2
Event: 5.978 Thread 0x000001606705c990 DEOPT PACKING pc=0x00000160420fc844 sp=0x0000004c62df87b0
Event: 5.978 Thread 0x000001606705c990 DEOPT UNPACKING pc=0x0000016041a223a3 sp=0x0000004c62df8730 mode 2
Event: 5.978 Thread 0x000001606705c990 Uncommon trap: trap_request=0xffffff45 fr.pc=0x0000016042115078 relative=0x0000000000000698
Event: 5.978 Thread 0x000001606705c990 Uncommon trap: reason=unstable_if action=reinterpret pc=0x0000016042115078 method=java.util.HashMap.putVal(ILjava/lang/Object;Ljava/lang/Object;ZZ)Ljava/lang/Object; @ 109 c2
Event: 5.978 Thread 0x000001606705c990 DEOPT PACKING pc=0x0000016042115078 sp=0x0000004c62df8750
Event: 5.978 Thread 0x000001606705c990 DEOPT UNPACKING pc=0x0000016041a223a3 sp=0x0000004c62df8708 mode 2

Classes unloaded (0 events):
No events

Classes redefined (0 events):
No events

Internal exceptions (20 events):
Event: 5.271 Thread 0x000001606705c990 Exception <a 'java/lang/NoSuchMethodError'{0x00000000eac6a1f0}: 'java.lang.Object java.lang.invoke.DirectMethodHandle$Holder.invokeSpecialIFC(java.lang.Object, java.lang.Object, java.lang.Object, java.lang.Object)'> (0x00000000eac6a1f0) 
thrown [s\open\src\hotspot\share\interpreter\linkResolver.cpp, line 759]
Event: 5.280 Thread 0x000001606705c990 Exception <a 'java/lang/NoSuchMethodError'{0x00000000eab2f008}: 'java.lang.Object java.lang.invoke.DirectMethodHandle$Holder.newInvokeSpecial(java.lang.Object, java.lang.Object, java.lang.Object, java.lang.Object, java.lang.Object, java.lang.Object, java.lang.Object, java.lang.Object, java.lang.Object, java.lang.Object)'> (0x00000000eab2f008) 
thrown [s\open\src\hotspot\share\interpreter\linkResolver.cpp, line 759]
Event: 5.281 Thread 0x000001606705c990 Exception <a 'java/lang/NoSuchMethodError'{0x00000000eab33ef0}: 'java.lang.Object java.lang.invoke.Invokers$Holder.linkToTargetMethod(java.lang.Object, java.lang.Object, java.lang.Object, java.lang.Object, java.lang.Object, java.lang.Object, java.lang.Object, java.lang.Object, java.lang.Object, java.lang.Object)'> (0x00000000eab33ef0) 
thrown [s\open\src\hotspot\share\interpreter\linkResolver.cpp, line 759]
Event: 5.336 Thread 0x000001606705c990 Exception <a 'java/lang/NoSuchMethodError'{0x00000000eaade6c8}: 'void java.lang.invoke.Invokers$Holder.invoke_MT(java.lang.Object, java.lang.Object, java.lang.Object, java.lang.Object)'> (0x00000000eaade6c8) 
thrown [s\open\src\hotspot\share\interpreter\linkResolver.cpp, line 759]
Event: 5.350 Thread 0x000001606705c990 Exception <a 'java/lang/ClassNotFoundException'{0x00000000ea9ba3d8}: org/gradle/initialization/DefaultSettings_DecoratedBeanInfo> (0x00000000ea9ba3d8) 
thrown [s\open\src\hotspot\share\classfile\systemDictionary.cpp, line 256]
Event: 5.351 Thread 0x000001606705c990 Exception <a 'java/lang/ClassNotFoundException'{0x00000000ea9c9c08}: org/gradle/initialization/DefaultSettingsBeanInfo> (0x00000000ea9c9c08) 
thrown [s\open\src\hotspot\share\classfile\systemDictionary.cpp, line 256]
Event: 5.352 Thread 0x000001606705c990 Exception <a 'java/lang/ClassNotFoundException'{0x00000000ea9d9e70}: org/gradle/api/internal/project/AbstractPluginAwareBeanInfo> (0x00000000ea9d9e70) 
thrown [s\open\src\hotspot\share\classfile\systemDictionary.cpp, line 256]
Event: 5.353 Thread 0x000001606705c990 Exception <a 'java/lang/ClassNotFoundException'{0x00000000ea9e9ef8}: org/gradle/api/internal/project/AbstractPluginAwareCustomizer> (0x00000000ea9e9ef8) 
thrown [s\open\src\hotspot\share\classfile\systemDictionary.cpp, line 256]
Event: 5.355 Thread 0x000001606705c990 Exception <a 'java/lang/ClassNotFoundException'{0x00000000ea9ff560}: org/gradle/initialization/DefaultSettingsCustomizer> (0x00000000ea9ff560) 
thrown [s\open\src\hotspot\share\classfile\systemDictionary.cpp, line 256]
Event: 5.359 Thread 0x000001606705c990 Exception <a 'java/lang/ClassNotFoundException'{0x00000000ea847d88}: org/gradle/initialization/DefaultSettings_DecoratedCustomizer> (0x00000000ea847d88) 
thrown [s\open\src\hotspot\share\classfile\systemDictionary.cpp, line 256]
Event: 5.376 Thread 0x000001606705c990 Exception <a 'java/lang/ClassNotFoundException'{0x00000000ea7216f0}: org/gradle/initialization/DefaultProjectDescriptorBeanInfo> (0x00000000ea7216f0) 
thrown [s\open\src\hotspot\share\classfile\systemDictionary.cpp, line 256]
Event: 5.377 Thread 0x000001606705c990 Exception <a 'java/lang/ClassNotFoundException'{0x00000000ea7306a0}: org/gradle/initialization/DefaultProjectDescriptorCustomizer> (0x00000000ea7306a0) 
thrown [s\open\src\hotspot\share\classfile\systemDictionary.cpp, line 256]
Event: 5.622 Thread 0x000001606705c990 Exception <a 'java/lang/NoSuchMethodError'{0x00000000e9c6de90}: 'java.lang.Object java.lang.invoke.DirectMethodHandle$Holder.newInvokeSpecial(java.lang.Object, java.lang.Object, java.lang.Object, java.lang.Object, java.lang.Object, java.lang.Object, java.lang.Object, java.lang.Object, java.lang.Object, java.lang.Object, java.lang.Object)'> (0x00000000e9c6de90) 
thrown [s\open\src\hotspot\share\interpreter\linkResolver.cpp, line 759]
Event: 5.623 Thread 0x000001606705c990 Exception <a 'java/lang/NoSuchMethodError'{0x00000000e9c739c8}: 'java.lang.Object java.lang.invoke.DirectMethodHandle$Holder.invokeSpecial(java.lang.Object, java.lang.Object, java.lang.Object, java.lang.Object, java.lang.Object, java.lang.Object, java.lang.Object, java.lang.Object, java.lang.Object, java.lang.Object, java.lang.Object, java.lang.Object)'> (0x00000000e9c739c8) 
thrown [s\open\src\hotspot\share\interpreter\linkResolver.cpp, line 759]
Event: 5.623 Thread 0x000001606705c990 Exception <a 'java/lang/NoSuchMethodError'{0x00000000e9c79060}: 'java.lang.Object java.lang.invoke.Invokers$Holder.linkToTargetMethod(java.lang.Object, java.lang.Object, java.lang.Object, java.lang.Object, java.lang.Object, java.lang.Object, java.lang.Object, java.lang.Object, java.lang.Object, java.lang.Object, java.lang.Object)'> (0x00000000e9c79060) 
thrown [s\open\src\hotspot\share\interpreter\linkResolver.cpp, line 759]
Event: 5.634 Thread 0x000001606705c990 Exception <a 'java/lang/NoSuchMethodError'{0x00000000e9cf5930}: 'java.lang.Object java.lang.invoke.DirectMethodHandle$Holder.newInvokeSpecial(java.lang.Object, java.lang.Object, java.lang.Object, java.lang.Object, java.lang.Object, java.lang.Object, java.lang.Object, java.lang.Object, java.lang.Object, java.lang.Object, java.lang.Object, java.lang.Object)'> (0x00000000e9cf5930) 
thrown [s\open\src\hotspot\share\interpreter\linkResolver.cpp, line 759]
Event: 5.635 Thread 0x000001606705c990 Exception <a 'java/lang/NoSuchMethodError'{0x00000000e9cfb650}: 'java.lang.Object java.lang.invoke.DirectMethodHandle$Holder.invokeSpecial(java.lang.Object, java.lang.Object, java.lang.Object, java.lang.Object, java.lang.Object, java.lang.Object, java.lang.Object, java.lang.Object, java.lang.Object, java.lang.Object, java.lang.Object, java.lang.Object, java.lang.Object)'> (0x00000000e9cfb650) 
thrown [s\open\src\hotspot\share\interpreter\linkResolver.cpp, line 759]
Event: 5.636 Thread 0x000001606705c990 Exception <a 'java/lang/NoSuchMethodError'{0x00000000e9b01308}: 'java.lang.Object java.lang.invoke.Invokers$Holder.linkToTargetMethod(java.lang.Object, java.lang.Object, java.lang.Object, java.lang.Object, java.lang.Object, java.lang.Object, java.lang.Object, java.lang.Object, java.lang.Object, java.lang.Object, java.lang.Object, java.lang.Object)'> (0x00000000e9b01308) 
thrown [s\open\src\hotspot\share\interpreter\linkResolver.cpp, line 759]
Event: 5.798 Thread 0x000001606705c990 Exception <a 'java/lang/NoSuchMethodError'{0x00000000e87d43f8}: 'void java.lang.invoke.DirectMethodHandle$Holder.invokeInterface(java.lang.Object, java.lang.Object)'> (0x00000000e87d43f8) 
thrown [s\open\src\hotspot\share\interpreter\linkResolver.cpp, line 759]
Event: 5.816 Thread 0x000001606705c990 Implicit null exception at 0x00000160421309ec to 0x0000016042130a98

VM Operations (20 events):
Event: 4.451 Executing VM operation: HandshakeAllThreads
Event: 4.451 Executing VM operation: HandshakeAllThreads done
Event: 4.522 Executing VM operation: HandshakeAllThreads
Event: 4.522 Executing VM operation: HandshakeAllThreads done
Event: 4.525 Executing VM operation: ICBufferFull
Event: 4.525 Executing VM operation: ICBufferFull done
Event: 4.765 Executing VM operation: HandshakeAllThreads
Event: 4.765 Executing VM operation: HandshakeAllThreads done
Event: 4.776 Executing VM operation: HandshakeAllThreads
Event: 4.776 Executing VM operation: HandshakeAllThreads done
Event: 4.824 Executing VM operation: HandshakeAllThreads
Event: 4.824 Executing VM operation: HandshakeAllThreads done
Event: 4.826 Executing VM operation: HandshakeAllThreads
Event: 4.826 Executing VM operation: HandshakeAllThreads done
Event: 5.071 Executing VM operation: ICBufferFull
Event: 5.072 Executing VM operation: ICBufferFull done
Event: 5.526 Executing VM operation: ICBufferFull
Event: 5.526 Executing VM operation: ICBufferFull done
Event: 5.958 Executing VM operation: HandshakeAllThreads
Event: 5.958 Executing VM operation: HandshakeAllThreads done

Events (20 events):
Event: 4.930 loading class java/util/stream/Streams$RangeIntSpliterator done
Event: 4.960 Thread 0x00000160697e24b0 Thread added: 0x00000160697e24b0
Event: 5.065 Thread 0x00000160697e5c60 Thread added: 0x00000160697e5c60
Event: 5.079 loading class jdk/internal/loader/URLClassPath$FileLoader
Event: 5.079 loading class jdk/internal/loader/URLClassPath$FileLoader done
Event: 5.081 loading class jdk/internal/loader/URLClassPath$FileLoader$1
Event: 5.081 loading class jdk/internal/loader/URLClassPath$FileLoader$1 done
Event: 5.098 loading class java/util/stream/Nodes$FixedNodeBuilder
Event: 5.099 loading class java/util/stream/Nodes$ArrayNode
Event: 5.099 loading class java/util/stream/Nodes$ArrayNode done
Event: 5.099 loading class java/util/stream/Nodes$FixedNodeBuilder done
Event: 5.119 loading class java/lang/ProcessBuilder
Event: 5.120 loading class java/lang/ProcessBuilder done
Event: 5.262 Thread 0x00000160697e0b60 Thread added: 0x00000160697e0b60
Event: 5.294 Thread 0x00000160697e5240 Thread added: 0x00000160697e5240
Event: 5.348 Thread 0x00000160695b7790 Thread added: 0x00000160695b7790
Event: 5.646 Thread 0x00000160697e0650 Thread added: 0x00000160697e0650
Event: 5.696 Thread 0x00000160697e3e00 Thread added: 0x00000160697e3e00
Event: 5.957 loading class java/io/FileWriter
Event: 5.957 loading class java/io/FileWriter done


Dynamic libraries:
0x00007ff64a3d0000 - 0x00007ff64a3e0000 	C:\Program Files\Java\jdk-17\bin\java.exe
0x00007ff95cb10000 - 0x00007ff95cd08000 	C:\WINDOWS\SYSTEM32\ntdll.dll
0x00007ff95c000000 - 0x00007ff95c0c2000 	C:\WINDOWS\System32\KERNEL32.DLL
0x00007ff95a220000 - 0x00007ff95a516000 	C:\WINDOWS\System32\KERNELBASE.dll
0x00007ff95a720000 - 0x00007ff95a820000 	C:\WINDOWS\System32\ucrtbase.dll
0x00007ff952660000 - 0x00007ff952679000 	C:\Program Files\Java\jdk-17\bin\jli.dll
0x00007ff952e40000 - 0x00007ff952e5b000 	C:\Program Files\Java\jdk-17\bin\VCRUNTIME140.dll
0x00007ff95b2e0000 - 0x00007ff95b38f000 	C:\WINDOWS\System32\ADVAPI32.dll
0x00007ff95bf60000 - 0x00007ff95bffe000 	C:\WINDOWS\System32\msvcrt.dll
0x00007ff95c2f0000 - 0x00007ff95c38f000 	C:\WINDOWS\System32\sechost.dll
0x00007ff95c7b0000 - 0x00007ff95c8d3000 	C:\WINDOWS\System32\RPCRT4.dll
0x00007ff95a640000 - 0x00007ff95a667000 	C:\WINDOWS\System32\bcrypt.dll
0x00007ff95b140000 - 0x00007ff95b2dd000 	C:\WINDOWS\System32\USER32.dll
0x00007ff95ab00000 - 0x00007ff95ab22000 	C:\WINDOWS\System32\win32u.dll
0x00007ff94bf50000 - 0x00007ff94c1ea000 	C:\WINDOWS\WinSxS\amd64_microsoft.windows.common-controls_6595b64144ccf1df_6.0.19041.4355_none_60b8b9eb71f62e16\COMCTL32.dll
0x00007ff95ab60000 - 0x00007ff95ab8b000 	C:\WINDOWS\System32\GDI32.dll
0x00007ff95a520000 - 0x00007ff95a63a000 	C:\WINDOWS\System32\gdi32full.dll
0x00007ff95a820000 - 0x00007ff95a8bd000 	C:\WINDOWS\System32\msvcp_win.dll
0x00007ff9505c0000 - 0x00007ff9505ca000 	C:\WINDOWS\SYSTEM32\VERSION.dll
0x00007ff95ab30000 - 0x00007ff95ab5f000 	C:\WINDOWS\System32\IMM32.DLL
0x00007ff9556d0000 - 0x00007ff9556dc000 	C:\Program Files\Java\jdk-17\bin\vcruntime140_1.dll
0x00007ff950fd0000 - 0x00007ff95105e000 	C:\Program Files\Java\jdk-17\bin\msvcp140.dll
0x00007ff926ed0000 - 0x00007ff927ab0000 	C:\Program Files\Java\jdk-17\bin\server\jvm.dll
0x00007ff95c6b0000 - 0x00007ff95c6b8000 	C:\WINDOWS\System32\PSAPI.DLL
0x00007ff94d910000 - 0x00007ff94d937000 	C:\WINDOWS\SYSTEM32\WINMM.dll
0x00007ff953f70000 - 0x00007ff953f79000 	C:\WINDOWS\SYSTEM32\WSOCK32.dll
0x00007ff95c280000 - 0x00007ff95c2eb000 	C:\WINDOWS\System32\WS2_32.dll
0x00007ff9584f0000 - 0x00007ff958502000 	C:\WINDOWS\SYSTEM32\kernel.appcore.dll
0x00007ff952650000 - 0x00007ff95265a000 	C:\Program Files\Java\jdk-17\bin\jimage.dll
0x00007ff957d00000 - 0x00007ff957ee4000 	C:\WINDOWS\SYSTEM32\DBGHELP.DLL
0x00007ff944b00000 - 0x00007ff944b34000 	C:\WINDOWS\SYSTEM32\dbgcore.DLL
0x00007ff95a8c0000 - 0x00007ff95a942000 	C:\WINDOWS\System32\bcryptPrimitives.dll
0x00007ff9522c0000 - 0x00007ff9522ce000 	C:\Program Files\Java\jdk-17\bin\instrument.dll
0x00007ff94e7f0000 - 0x00007ff94e815000 	C:\Program Files\Java\jdk-17\bin\java.dll
0x00007ff9394f0000 - 0x00007ff9395c7000 	C:\Program Files\Java\jdk-17\bin\jsvml.dll
0x00007ff95b700000 - 0x00007ff95be6f000 	C:\WINDOWS\System32\SHELL32.dll
0x00007ff957540000 - 0x00007ff957ce3000 	C:\WINDOWS\SYSTEM32\windows.storage.dll
0x00007ff95b3a0000 - 0x00007ff95b6f5000 	C:\WINDOWS\System32\combase.dll
0x00007ff959ad0000 - 0x00007ff959afb000 	C:\WINDOWS\SYSTEM32\Wldp.dll
0x00007ff95be70000 - 0x00007ff95bf3d000 	C:\WINDOWS\System32\OLEAUT32.dll
0x00007ff95c5a0000 - 0x00007ff95c64d000 	C:\WINDOWS\System32\SHCORE.dll
0x00007ff95c8e0000 - 0x00007ff95c935000 	C:\WINDOWS\System32\shlwapi.dll
0x00007ff95a0d0000 - 0x00007ff95a0f5000 	C:\WINDOWS\SYSTEM32\profapi.dll
0x00007ff9522a0000 - 0x00007ff9522b8000 	C:\Program Files\Java\jdk-17\bin\zip.dll
0x00007ff951830000 - 0x00007ff951849000 	C:\Program Files\Java\jdk-17\bin\net.dll
0x00007ff9513d0000 - 0x00007ff9514da000 	C:\WINDOWS\SYSTEM32\WINHTTP.dll
0x00007ff9597c0000 - 0x00007ff95982c000 	C:\WINDOWS\system32\mswsock.dll
0x00007ff94e7d0000 - 0x00007ff94e7e6000 	C:\Program Files\Java\jdk-17\bin\nio.dll
0x00007ff9521d0000 - 0x00007ff9521e0000 	C:\Program Files\Java\jdk-17\bin\verify.dll
0x00007ff954ef0000 - 0x00007ff954f17000 	C:\Users\Honor\.gradle\native\1def1411415f61bf3af743bc5b6707747c0891f09f0c88961ee8f79bc544acac\windows-amd64\native-platform.dll
0x00007ff94c8b0000 - 0x00007ff94c928000 	C:\Users\Honor\.gradle\native\0.2.7\x86_64-windows-gnu\gradle-fileevents.dll
0x00007ff950fc0000 - 0x00007ff950fca000 	C:\Program Files\Java\jdk-17\bin\management.dll
0x00007ff94e700000 - 0x00007ff94e70b000 	C:\Program Files\Java\jdk-17\bin\management_ext.dll
0x00007ff9594b0000 - 0x00007ff9594eb000 	C:\WINDOWS\SYSTEM32\IPHLPAPI.DLL
0x00007ff95ab90000 - 0x00007ff95ab98000 	C:\WINDOWS\System32\NSI.dll
0x00007ff952190000 - 0x00007ff9521a7000 	C:\WINDOWS\SYSTEM32\dhcpcsvc6.DLL
0x00007ff951f50000 - 0x00007ff951f6d000 	C:\WINDOWS\SYSTEM32\dhcpcsvc.DLL
0x00007ff9594f0000 - 0x00007ff9595ba000 	C:\WINDOWS\SYSTEM32\DNSAPI.dll
0x00007ff959a20000 - 0x00007ff959a38000 	C:\WINDOWS\SYSTEM32\CRYPTSP.dll
0x00007ff959a00000 - 0x00007ff959a17000 	C:\Program Files\Common Files\Crypto Pro\AppCompat\cpadvai.dll
0x00007ff9590e0000 - 0x00007ff959118000 	C:\WINDOWS\system32\rsaenh.dll
0x00007ff95a090000 - 0x00007ff95a0be000 	C:\WINDOWS\SYSTEM32\USERENV.dll
0x00007ff959a40000 - 0x00007ff959a4c000 	C:\WINDOWS\SYSTEM32\CRYPTBASE.dll
0x00007ff94e6f0000 - 0x00007ff94e6fe000 	C:\Program Files\Java\jdk-17\bin\sunmscapi.dll
0x00007ff95a950000 - 0x00007ff95aaad000 	C:\WINDOWS\System32\CRYPT32.dll
0x00007ff959b40000 - 0x00007ff959b67000 	C:\WINDOWS\SYSTEM32\ncrypt.dll
0x00007ff959b70000 - 0x00007ff959b91000 	C:\Program Files\Common Files\Crypto Pro\AppCompat\cpcrypt.dll
0x00007ff959b00000 - 0x00007ff959b3b000 	C:\WINDOWS\SYSTEM32\NTASN1.dll
0x00007ff94ba40000 - 0x00007ff94ba47000 	C:\WINDOWS\system32\wshunix.dll

dbghelp: loaded successfully - version: 4.0.5 - missing functions: none
symbol engine: initialized successfully - sym options: 0x614 - pdb path: .;C:\Program Files\Java\jdk-17\bin;C:\WINDOWS\SYSTEM32;C:\WINDOWS\WinSxS\amd64_microsoft.windows.common-controls_6595b64144ccf1df_6.0.19041.4355_none_60b8b9eb71f62e16;C:\Program Files\Java\jdk-17\bin\server;C:\Users\Honor\.gradle\native\1def1411415f61bf3af743bc5b6707747c0891f09f0c88961ee8f79bc544acac\windows-amd64;C:\Users\Honor\.gradle\native\0.2.7\x86_64-windows-gnu;C:\Program Files\Common Files\Crypto Pro\AppCompat

VM Arguments:
jvm_args: --add-opens=java.base/java.lang=ALL-UNNAMED --add-opens=java.base/java.lang.invoke=ALL-UNNAMED --add-opens=java.base/java.util=ALL-UNNAMED --add-opens=java.prefs/java.util.prefs=ALL-UNNAMED --add-exports=jdk.compiler/com.sun.tools.javac.api=ALL-UNNAMED --add-exports=jdk.compiler/com.sun.tools.javac.util=ALL-UNNAMED --add-opens=java.base/java.util=ALL-UNNAMED --add-opens=java.prefs/java.util.prefs=ALL-UNNAMED --add-opens=java.base/java.nio.charset=ALL-UNNAMED --add-opens=java.base/java.net=ALL-UNNAMED --add-opens=java.base/java.util.concurrent.atomic=ALL-UNNAMED --add-opens=java.xml/javax.xml.namespace=ALL-UNNAMED -XX:MaxMetaspaceSize=384m -XX:+HeapDumpOnOutOfMemoryError -Xms256m -Xmx512m -Dfile.encoding=windows-1251 -Duser.country=RU -Duser.language=ru -Duser.variant -javaagent:D:\Program Files\gradle-8.13\lib\agents\gradle-instrumentation-agent-8.13.jar 
java_command: org.gradle.launcher.daemon.bootstrap.GradleDaemon 8.13
java_class_path (initial): D:\Program Files\gradle-8.13\lib\gradle-daemon-main-8.13.jar
Launcher Type: SUN_STANDARD

[Global flags]
     intx CICompilerCount                          = 4                                         {product} {ergonomic}
   size_t CompressedClassSpaceSize                 = 335544320                                 {product} {ergonomic}
     uint ConcGCThreads                            = 2                                         {product} {ergonomic}
     uint G1ConcRefinementThreads                  = 8                                         {product} {ergonomic}
   size_t G1HeapRegionSize                         = 1048576                                   {product} {ergonomic}
    uintx GCDrainStackTargetSize                   = 64                                        {product} {ergonomic}
     bool HeapDumpOnOutOfMemoryError               = true                                   {manageable} {command line}
   size_t InitialHeapSize                          = 268435456                                 {product} {command line}
   size_t MarkStackSize                            = 4194304                                   {product} {ergonomic}
   size_t MaxHeapSize                              = 536870912                                 {product} {command line}
   size_t MaxMetaspaceSize                         = 402653184                                 {product} {command line}
   size_t MaxNewSize                               = 321912832                                 {product} {ergonomic}
   size_t MinHeapDeltaBytes                        = 1048576                                   {product} {ergonomic}
   size_t MinHeapSize                              = 268435456                                 {product} {command line}
    uintx NonNMethodCodeHeapSize                   = 5839372                                {pd product} {ergonomic}
    uintx NonProfiledCodeHeapSize                  = 122909434                              {pd product} {ergonomic}
    uintx ProfiledCodeHeapSize                     = 122909434                              {pd product} {ergonomic}
    uintx ReservedCodeCacheSize                    = 251658240                              {pd product} {ergonomic}
     bool SegmentedCodeCache                       = true                                      {product} {ergonomic}
   size_t SoftMaxHeapSize                          = 536870912                              {manageable} {ergonomic}
     bool UseCompressedClassPointers               = true                           {product lp64_product} {ergonomic}
     bool UseCompressedOops                        = true                           {product lp64_product} {ergonomic}
     bool UseG1GC                                  = true                                      {product} {ergonomic}
     bool UseLargePagesIndividualAllocation        = false                                  {pd product} {ergonomic}

Logging:
Log output configuration:
 #0: stdout all=warning uptime,level,tags
 #1: stderr all=off uptime,level,tags

Environment Variables:
JAVA_HOME=C:\Program Files\Java\jdk-17
CLASSPATH=D:\Program Files\gradle-8.13\lib\gradle-gradle-cli-main-8.13.jar
PATH=C:\Program Files\Java\jdk-17\bin;C:\WINDOWS\system32;C:\WINDOWS;C:\WINDOWS\System32\Wbem;C:\WINDOWS\System32\WindowsPowerShell\v1.0\;C:\WINDOWS\System32\OpenSSH\;C:\Program Files (x86)\dotnet\;C:\Program Files\nodejs\;C:\Program Files\Git\cmd;D:\Program Files\gradle-8.13\bin;C:\Program Files\Java\jdk-17;;C:\Program Files\Docker\Docker\resources\bin;C:\Users\Honor\AppData\Local\Microsoft\WindowsApps;C:\Users\Honor\AppData\Local\Programs\Microsoft VS Code\bin;C:\Users\Honor\AppData\Roaming\npm
USERNAME=Honor
OS=Windows_NT
PROCESSOR_IDENTIFIER=AMD64 Family 23 Model 24 Stepping 1, AuthenticAMD



---------------  S Y S T E M  ---------------

OS:
 Windows 10 , 64 bit Build 19041 (10.0.19041.5678)
OS uptime: 1 days 1:03 hours
Hyper-V role detected

CPU: total 8 (initial active 8) (8 cores per cpu, 2 threads per core) family 23 model 24 stepping 1 microcode 0x0, cx8, cmov, fxsr, ht, mmx, 3dnowpref, sse, sse2, sse3, ssse3, sse4a, sse4.1, sse4.2, popcnt, lzcnt, tsc, tscinvbit, avx, avx2, aes, clmul, bmi1, bmi2, adx, sha, fma, vzeroupper, clflush, clflushopt, hv

Memory: 4k page, system-wide physical 7103M (321M free)
TotalPageFile size 17343M (AvailPageFile size 6M)
current process WorkingSet (physical memory assigned to process): 336M, peak: 336M
current process commit charge ("private bytes"): 461M, peak: 462M

vm_info: Java HotSpot(TM) 64-Bit Server VM (17.0.12+8-LTS-286) for windows-amd64 JRE (17.0.12+8-LTS-286), built on Jun  5 2024 06:46:59 by "mach5one" with MS VC++ 17.6 (VS2022)

END.
