#
# There is insufficient memory for the Java Runtime Environment to continue.
# Native memory allocation (mmap) failed to map 117440512 bytes for G1 virtual space
# Possible reasons:
#   The system is out of physical RAM or swap space
#   The process is running with CompressedOops enabled, and the Java Heap may be blocking the growth of the native heap
# Possible solutions:
#   Reduce memory load on the system
#   Increase physical memory or swap space
#   Check if swap backing store is full
#   Decrease Java heap size (-Xmx/-Xms)
#   Decrease number of Java threads
#   Decrease Java thread stack sizes (-Xss)
#   Set larger code cache with -XX:ReservedCodeCacheSize=
#   JVM is running with Unscaled Compressed Oops mode in which the Java heap is
#     placed in the first 4GB address space. The Java Heap base address is the
#     maximum limit for the native heap growth. Please use -XX:HeapBaseMinAddress
#     to set the Java Heap base and to place the Java Heap above 4GB virtual address.
# This output file may be truncated or incomplete.
#
#  Out of Memory Error (os_windows.cpp:3548), pid=25468, tid=11640
#
# JRE version:  (17.0.12+8) (build )
# Java VM: Java HotSpot(TM) 64-Bit Server VM (17.0.12+8-LTS-286, mixed mode, sharing, tiered, compressed oops, compressed class ptrs, g1 gc, windows-amd64)
# No core dump will be written. Minidumps are not enabled by default on client versions of Windows
#

---------------  S U M M A R Y ------------

Command Line: -Dfile.encoding=UTF-8 -Duser.country=RU -Duser.language=ru -Duser.variant com.microservices.api_gateway.ApiGatewayApplication

Host: AMD Ryzen 5 3550H with Radeon Vega Mobile Gfx  , 8 cores, 6G,  Windows 10 , 64 bit Build 19041 (10.0.19041.5678)
Time: Thu Apr 24 16:29:14 2025 RTZ 2 (s 10 , 64 bit Build 19041 (10.0.19041.5678) elapsed time: 0.015440 seconds (0d 0h 0m 0s)

---------------  T H R E A D  ---------------

Current thread (0x000001789c2366c0):  JavaThread "Unknown thread" [_thread_in_vm, id=11640, stack(0x00000066b3e00000,0x00000066b3f00000)]

Stack: [0x00000066b3e00000,0x00000066b3f00000]
Native frames: (J=compiled Java code, j=interpreted, Vv=VM code, C=native code)
V  [jvm.dll+0x67a04a]
V  [jvm.dll+0x7da4ed]
V  [jvm.dll+0x7dbe33]
V  [jvm.dll+0x7dc4a3]
V  [jvm.dll+0x24508f]
V  [jvm.dll+0x677089]
V  [jvm.dll+0x66bd32]
V  [jvm.dll+0x301fa6]
V  [jvm.dll+0x309546]
V  [jvm.dll+0x359d2e]
V  [jvm.dll+0x359f5f]
V  [jvm.dll+0x2d9078]
V  [jvm.dll+0x2d9fe4]
V  [jvm.dll+0x7aca21]
V  [jvm.dll+0x367591]
V  [jvm.dll+0x78b999]
V  [jvm.dll+0x3ec83f]
V  [jvm.dll+0x3ee471]
C  [jli.dll+0x5297]
C  [ucrtbase.dll+0x21bb2]
C  [KERNEL32.DLL+0x17374]
C  [ntdll.dll+0x4cc91]


---------------  P R O C E S S  ---------------

Threads class SMR info:
_java_thread_list=0x00007ff927987a18, length=0, elements={
}

Java Threads: ( => current thread )

Other Threads:
  0x000001789c28bdd0 GCTaskThread "GC Thread#0" [stack: 0x00000066b3f00000,0x00000066b4000000] [id=10312]
  0x000001789c29aa30 ConcurrentGCThread "G1 Main Marker" [stack: 0x00000066b4000000,0x00000066b4100000] [id=576]
  0x000001789c29b350 ConcurrentGCThread "G1 Conc#0" [stack: 0x00000066b4100000,0x00000066b4200000] [id=4616]

[error occurred during error reporting (printing all threads), id 0xc0000005, EXCEPTION_ACCESS_VIOLATION (0xc0000005) at pc=0x00007ff9271b9b67]

VM state: not at safepoint (not fully initialized)

VM Mutex/Monitor currently owned by a thread:  ([mutex/lock_event])
[0x000001789c231b80] Heap_lock - owner thread: 0x000001789c2366c0

Heap address: 0x0000000091000000, size: 1776 MB, Compressed Oops mode: 32-bit

CDS archive(s) mapped at: [0x0000000000000000-0x0000000000000000-0x0000000000000000), size 0, SharedBaseAddress: 0x0000000800000000, ArchiveRelocationMode: 1.
Narrow klass base: 0x0000000000000000, Narrow klass shift: 0, Narrow klass range: 0x0

GC Precious Log:
<Empty>

Heap:
 garbage-first heap   total 0K, used 0K [0x0000000091000000, 0x0000000100000000)
  region size 1024K, 0 young (0K), 0 survivors (0K)

[error occurred during error reporting (printing heap information), id 0xc0000005, EXCEPTION_ACCESS_VIOLATION (0xc0000005) at pc=0x00007ff9275a3859]

GC Heap History (0 events):
No events

Deoptimization events (0 events):
No events

Classes unloaded (0 events):
No events

Classes redefined (0 events):
No events

Internal exceptions (0 events):
No events

VM Operations (0 events):
No events

Events (1 events):
Event: 0.009 Loaded shared library C:\Program Files\Java\jdk-17\bin\java.dll


Dynamic libraries:
0x00007ff64a3d0000 - 0x00007ff64a3e0000 	C:\Program Files\Java\jdk-17\bin\java.exe
0x00007ff95cb10000 - 0x00007ff95cd08000 	C:\WINDOWS\SYSTEM32\ntdll.dll
0x00007ff95c000000 - 0x00007ff95c0c2000 	C:\WINDOWS\System32\KERNEL32.DLL
0x00007ff95a220000 - 0x00007ff95a516000 	C:\WINDOWS\System32\KERNELBASE.dll
0x00007ff95a720000 - 0x00007ff95a820000 	C:\WINDOWS\System32\ucrtbase.dll
0x00007ff952e40000 - 0x00007ff952e5b000 	C:\Program Files\Java\jdk-17\bin\VCRUNTIME140.dll
0x00007ff952660000 - 0x00007ff952679000 	C:\Program Files\Java\jdk-17\bin\jli.dll
0x00007ff95b2e0000 - 0x00007ff95b38f000 	C:\WINDOWS\System32\ADVAPI32.dll
0x00007ff95bf60000 - 0x00007ff95bffe000 	C:\WINDOWS\System32\msvcrt.dll
0x00007ff95c2f0000 - 0x00007ff95c38f000 	C:\WINDOWS\System32\sechost.dll
0x00007ff95c7b0000 - 0x00007ff95c8d3000 	C:\WINDOWS\System32\RPCRT4.dll
0x00007ff95a640000 - 0x00007ff95a667000 	C:\WINDOWS\System32\bcrypt.dll
0x00007ff95b140000 - 0x00007ff95b2dd000 	C:\WINDOWS\System32\USER32.dll
0x00007ff95ab00000 - 0x00007ff95ab22000 	C:\WINDOWS\System32\win32u.dll
0x00007ff94bf50000 - 0x00007ff94c1ea000 	C:\WINDOWS\WinSxS\amd64_microsoft.windows.common-controls_6595b64144ccf1df_6.0.19041.4355_none_60b8b9eb71f62e16\COMCTL32.dll
0x00007ff95ab60000 - 0x00007ff95ab8b000 	C:\WINDOWS\System32\GDI32.dll
0x00007ff95a520000 - 0x00007ff95a63a000 	C:\WINDOWS\System32\gdi32full.dll
0x00007ff95a820000 - 0x00007ff95a8bd000 	C:\WINDOWS\System32\msvcp_win.dll
0x00007ff9505c0000 - 0x00007ff9505ca000 	C:\WINDOWS\SYSTEM32\VERSION.dll
0x00007ff95ab30000 - 0x00007ff95ab5f000 	C:\WINDOWS\System32\IMM32.DLL
0x00007ff9556d0000 - 0x00007ff9556dc000 	C:\Program Files\Java\jdk-17\bin\vcruntime140_1.dll
0x00007ff950fd0000 - 0x00007ff95105e000 	C:\Program Files\Java\jdk-17\bin\msvcp140.dll
0x00007ff926ed0000 - 0x00007ff927ab0000 	C:\Program Files\Java\jdk-17\bin\server\jvm.dll
0x00007ff95c6b0000 - 0x00007ff95c6b8000 	C:\WINDOWS\System32\PSAPI.DLL
0x00007ff953f70000 - 0x00007ff953f79000 	C:\WINDOWS\SYSTEM32\WSOCK32.dll
0x00007ff94d910000 - 0x00007ff94d937000 	C:\WINDOWS\SYSTEM32\WINMM.dll
0x00007ff95c280000 - 0x00007ff95c2eb000 	C:\WINDOWS\System32\WS2_32.dll
0x00007ff9584f0000 - 0x00007ff958502000 	C:\WINDOWS\SYSTEM32\kernel.appcore.dll
0x00007ff952650000 - 0x00007ff95265a000 	C:\Program Files\Java\jdk-17\bin\jimage.dll
0x00007ff957d00000 - 0x00007ff957ee4000 	C:\WINDOWS\SYSTEM32\DBGHELP.DLL
0x00007ff944b00000 - 0x00007ff944b34000 	C:\WINDOWS\SYSTEM32\dbgcore.DLL
0x00007ff95a8c0000 - 0x00007ff95a942000 	C:\WINDOWS\System32\bcryptPrimitives.dll
0x00007ff94e7f0000 - 0x00007ff94e815000 	C:\Program Files\Java\jdk-17\bin\java.dll

dbghelp: loaded successfully - version: 4.0.5 - missing functions: none
symbol engine: initialized successfully - sym options: 0x614 - pdb path: .;C:\Program Files\Java\jdk-17\bin;C:\WINDOWS\SYSTEM32;C:\WINDOWS\WinSxS\amd64_microsoft.windows.common-controls_6595b64144ccf1df_6.0.19041.4355_none_60b8b9eb71f62e16;C:\Program Files\Java\jdk-17\bin\server

VM Arguments:
jvm_args: -Dfile.encoding=UTF-8 -Duser.country=RU -Duser.language=ru -Duser.variant 
java_command: com.microservices.api_gateway.ApiGatewayApplication
java_class_path (initial): D:\DEV\api-gateway\build\classes\java\main;D:\DEV\api-gateway\build\resources\main;C:\Users\Honor\.gradle\caches\modules-2\files-2.1\org.springframework.cloud\spring-cloud-starter-gateway\4.2.0-RC1\795df2fd348c2eb18a7129b57da50bebf16bd64\spring-cloud-starter-gateway-4.2.0-RC1.jar;C:\Users\Honor\.gradle\caches\modules-2\files-2.1\org.springframework.boot\spring-boot-starter-webflux\3.4.0\69e4eaf6c5b1aee42b65d4077deb964a8bad6e19\spring-boot-starter-webflux-3.4.0.jar;C:\Users\Honor\.gradle\caches\modules-2\files-2.1\org.springframework.boot\spring-boot-starter-security\3.4.0\b4027ba9875f9d78ffec7010da88c1e5b964d6ed\spring-boot-starter-security-3.4.0.jar;C:\Users\Honor\.gradle\caches\modules-2\files-2.1\org.springframework.boot\spring-boot-starter-json\3.4.0\b817379dd7629234dbacd52a7d5a6b11f95d8d67\spring-boot-starter-json-3.4.0.jar;C:\Users\Honor\.gradle\caches\modules-2\files-2.1\org.springframework.cloud\spring-cloud-starter\4.2.0-RC1\7c4d44e6a20d7abc94a6c901903dff5cead802cd\spring-cloud-starter-4.2.0-RC1.jar;C:\Users\Honor\.gradle\caches\modules-2\files-2.1\org.springframework.cloud\spring-cloud-gateway-server\4.2.0-RC1\5681e8c692833154c6f47fc638f361ccfb8d1101\spring-cloud-gateway-server-4.2.0-RC1.jar;C:\Users\Honor\.gradle\caches\modules-2\files-2.1\org.springframework.boot\spring-boot-starter-validation\3.4.0\580aad0cdaf9d9f862e9703a612db95846055843\spring-boot-starter-validation-3.4.0.jar;C:\Users\Honor\.gradle\caches\modules-2\files-2.1\org.springframework.boot\spring-boot-starter\3.4.0\81b6241291e468e5654a4df26ee8fb35c2879bbc\spring-boot-starter-3.4.0.jar;C:\Users\Honor\.gradle\caches\modules-2\files-2.1\org.springframework.boot\spring-boot-starter-reactor-netty\3.4.0\54a9f73c94384e8fb290be274d9a288efec9fd05\spring-boot-starter-reactor-netty-3.4.0.jar;C:\Users\Honor\.gradle\caches\modules-2\files-2.1\org.springframework\spring-webflux\6.2.0\e94a99e1442f2215599f6977d1d02101e7e8ae87\spring-webflux-6.2.0.jar;C:\Users\Honor\.gradle\cach
Launcher Type: SUN_STANDARD

[Global flags]
     intx CICompilerCount                          = 4                                         {product} {ergonomic}
     uint ConcGCThreads                            = 2                                         {product} {ergonomic}
     uint G1ConcRefinementThreads                  = 8                                         {product} {ergonomic}
   size_t G1HeapRegionSize                         = 1048576                                   {product} {ergonomic}
    uintx GCDrainStackTargetSize                   = 64                                        {product} {ergonomic}
   size_t InitialHeapSize                          = 117440512                                 {product} {ergonomic}
   size_t MarkStackSize                            = 4194304                                   {product} {ergonomic}
   size_t MaxHeapSize                              = 1862270976                                {product} {ergonomic}
   size_t MinHeapDeltaBytes                        = 1048576                                   {product} {ergonomic}
   size_t MinHeapSize                              = 8388608                                   {product} {ergonomic}
    uintx NonNMethodCodeHeapSize                   = 5839372                                {pd product} {ergonomic}
    uintx NonProfiledCodeHeapSize                  = 122909434                              {pd product} {ergonomic}
    uintx ProfiledCodeHeapSize                     = 122909434                              {pd product} {ergonomic}
    uintx ReservedCodeCacheSize                    = 251658240                              {pd product} {ergonomic}
     bool SegmentedCodeCache                       = true                                      {product} {ergonomic}
   size_t SoftMaxHeapSize                          = 1862270976                             {manageable} {ergonomic}
     bool UseCompressedClassPointers               = true                           {product lp64_product} {ergonomic}
     bool UseCompressedOops                        = true                           {product lp64_product} {ergonomic}
     bool UseG1GC                                  = true                                      {product} {ergonomic}
     bool UseLargePagesIndividualAllocation        = false                                  {pd product} {ergonomic}

Logging:
Log output configuration:
 #0: stdout all=warning uptime,level,tags
 #1: stderr all=off uptime,level,tags

Environment Variables:
JAVA_HOME=C:\Program Files\Java\jdk-17
PATH=C:\Program Files\Java\jdk-17\bin;C:\WINDOWS\system32;C:\WINDOWS;C:\WINDOWS\System32\Wbem;C:\WINDOWS\System32\WindowsPowerShell\v1.0\;C:\WINDOWS\System32\OpenSSH\;C:\Program Files (x86)\dotnet\;C:\Program Files\nodejs\;C:\Program Files\Git\cmd;D:\Program Files\gradle-8.13\bin;C:\Program Files\Java\jdk-17;;C:\Program Files\Docker\Docker\resources\bin;C:\Users\Honor\AppData\Local\Microsoft\WindowsApps;C:\Users\Honor\AppData\Local\Programs\Microsoft VS Code\bin;C:\Users\Honor\AppData\Roaming\npm
USERNAME=Honor
OS=Windows_NT
PROCESSOR_IDENTIFIER=AMD64 Family 23 Model 24 Stepping 1, AuthenticAMD



---------------  S Y S T E M  ---------------

OS:
 Windows 10 , 64 bit Build 19041 (10.0.19041.5678)
OS uptime: 1 days 1:06 hours
Hyper-V role detected

CPU: total 8 (initial active 8) (8 cores per cpu, 2 threads per core) family 23 model 24 stepping 1 microcode 0x0, cx8, cmov, fxsr, ht, mmx, 3dnowpref, sse, sse2, sse3, ssse3, sse4a, sse4.1, sse4.2, popcnt, lzcnt, tsc, tscinvbit, avx, avx2, aes, clmul, bmi1, bmi2, adx, sha, fma, vzeroupper, clflush, clflushopt, hv

Memory: 4k page, system-wide physical 7103M (432M free)
TotalPageFile size 17343M (AvailPageFile size 61M)
current process WorkingSet (physical memory assigned to process): 10M, peak: 10M
current process commit charge ("private bytes"): 60M, peak: 172M

vm_info: Java HotSpot(TM) 64-Bit Server VM (17.0.12+8-LTS-286) for windows-amd64 JRE (17.0.12+8-LTS-286), built on Jun  5 2024 06:46:59 by "mach5one" with MS VC++ 17.6 (VS2022)

END.
