#
# There is insufficient memory for the Java Runtime Environment to continue.
# Native memory allocation (malloc) failed to allocate 1435856 bytes for Chunk::new
# Possible reasons:
#   The system is out of physical RAM or swap space
#   The process is running with CompressedOops enabled, and the Java Heap may be blocking the growth of the native heap
# Possible solutions:
#   Reduce memory load on the system
#   Increase physical memory or swap space
#   Check if swap backing store is full
#   Decrease Java heap size (-Xmx/-Xms)
#   Decrease number of Java threads
#   Decrease Java thread stack sizes (-Xss)
#   Set larger code cache with -XX:ReservedCodeCacheSize=
#   JVM is running with Unscaled Compressed Oops mode in which the Java heap is
#     placed in the first 4GB address space. The Java Heap base address is the
#     maximum limit for the native heap growth. Please use -XX:HeapBaseMinAddress
#     to set the Java Heap base and to place the Java Heap above 4GB virtual address.
# This output file may be truncated or incomplete.
#
#  Out of Memory Error (arena.cpp:189), pid=17920, tid=8500
#
# JRE version: Java(TM) SE Runtime Environment (17.0.12+8) (build 17.0.12+8-LTS-286)
# Java VM: Java HotSpot(TM) 64-Bit Server VM (17.0.12+8-LTS-286, mixed mode, sharing, tiered, compressed oops, compressed class ptrs, g1 gc, windows-amd64)
# No core dump will be written. Minidumps are not enabled by default on client versions of Windows
#

---------------  S U M M A R Y ------------

Command Line: --add-opens=java.base/java.lang=ALL-UNNAMED --add-opens=java.base/java.lang.invoke=ALL-UNNAMED --add-opens=java.base/java.util=ALL-UNNAMED --add-opens=java.prefs/java.util.prefs=ALL-UNNAMED --add-exports=jdk.compiler/com.sun.tools.javac.api=ALL-UNNAMED --add-exports=jdk.compiler/com.sun.tools.javac.util=ALL-UNNAMED --add-opens=java.base/java.util=ALL-UNNAMED --add-opens=java.prefs/java.util.prefs=ALL-UNNAMED --add-opens=java.base/java.nio.charset=ALL-UNNAMED --add-opens=java.base/java.net=ALL-UNNAMED --add-opens=java.base/java.util.concurrent.atomic=ALL-UNNAMED --add-opens=java.xml/javax.xml.namespace=ALL-UNNAMED -XX:MaxMetaspaceSize=384m -XX:+HeapDumpOnOutOfMemoryError -Xms256m -Xmx512m -Dfile.encoding=windows-1251 -Duser.country=RU -Duser.language=ru -Duser.variant -javaagent:D:\Program Files\gradle-8.13\lib\agents\gradle-instrumentation-agent-8.13.jar org.gradle.launcher.daemon.bootstrap.GradleDaemon 8.13

Host: AMD Ryzen 5 3550H with Radeon Vega Mobile Gfx  , 8 cores, 6G,  Windows 10 , 64 bit Build 19041 (10.0.19041.5678)
Time: Thu Apr 24 16:24:39 2025 RTZ 2 (s 10 , 64 bit Build 19041 (10.0.19041.5678) elapsed time: 11.611294 seconds (0d 0h 0m 11s)

---------------  T H R E A D  ---------------

Current thread (0x000001d84b443a60):  JavaThread "C2 CompilerThread0" daemon [_thread_in_native, id=8500, stack(0x0000003671700000,0x0000003671800000)]


Current CompileTask:
C2:  11611 10647 %     4       java.util.zip.ZipFile$Source::initCEN @ 240 (591 bytes)

Stack: [0x0000003671700000,0x0000003671800000]
Native frames: (J=compiled Java code, j=interpreted, Vv=VM code, C=native code)
V  [jvm.dll+0x67a04a]
V  [jvm.dll+0x7da4ed]
V  [jvm.dll+0x7dbe33]
V  [jvm.dll+0x7dc4a3]
V  [jvm.dll+0x24508f]
V  [jvm.dll+0xab773]
V  [jvm.dll+0xabd3c]
V  [jvm.dll+0x361b9f]
V  [jvm.dll+0x32c431]
V  [jvm.dll+0x32b8ca]
V  [jvm.dll+0x21683f]
V  [jvm.dll+0x215c6f]
V  [jvm.dll+0x1a2960]
V  [jvm.dll+0x22610b]
V  [jvm.dll+0x2242ab]
V  [jvm.dll+0x79075c]
V  [jvm.dll+0x78abea]
V  [jvm.dll+0x678f35]
C  [ucrtbase.dll+0x21bb2]
C  [KERNEL32.DLL+0x17374]
C  [ntdll.dll+0x4cc91]


---------------  P R O C E S S  ---------------

Threads class SMR info:
_java_thread_list=0x000001d868f8cad0, length=135, elements={
0x000001d830b28790, 0x000001d84b41dcb0, 0x000001d84b41ea40, 0x000001d84b439920,
0x000001d84b43a2f0, 0x000001d84b43cfd0, 0x000001d84b43f8b0, 0x000001d84b443a60,
0x000001d84b44c430, 0x000001d84b44fd40, 0x000001d84b40aac0, 0x000001d84b7a5b30,
0x000001d865e86c80, 0x000001d8664d5970, 0x000001d8666a42e0, 0x000001d8663797c0,
0x000001d86650d310, 0x000001d86654a3f0, 0x000001d86654b830, 0x000001d866548080,
0x000001d866549ee0, 0x000001d866548590, 0x000001d86654a900, 0x000001d8665494c0,
0x000001d86654ae10, 0x000001d866548aa0, 0x000001d866548fb0, 0x000001d8665499d0,
0x000001d866a23fc0, 0x000001d866a22670, 0x000001d866a244d0, 0x000001d866a1d060,
0x000001d866a21c50, 0x000001d866a23090, 0x000001d866a1e4a0, 0x000001d866a235a0,
0x000001d866a1d570, 0x000001d866a1f3d0, 0x000001d866a249e0, 0x000001d866a1da80,
0x000001d866a21740, 0x000001d866a20d20, 0x000001d866a1df90, 0x000001d866a1e9b0,
0x000001d866a1f8e0, 0x000001d866a1fdf0, 0x000001d866a20300, 0x000001d866a20810,
0x000001d866a21230, 0x000001d866a22160, 0x000001d866a22b80, 0x000001d86877c2c0,
0x000001d86877c7d0, 0x000001d86877e120, 0x000001d86877ae80, 0x000001d86877f050,
0x000001d86877bdb0, 0x000001d86877cce0, 0x000001d86877b8a0, 0x000001d868779f50,
0x000001d86877e630, 0x000001d86877eb40, 0x000001d86877d1f0, 0x000001d86877f560,
0x000001d8687780f0, 0x000001d868779530, 0x000001d86877d700, 0x000001d86877fa70,
0x000001d868778600, 0x000001d868778b10, 0x000001d868779020, 0x000001d868779a40,
0x000001d86877a460, 0x000001d868e53e40, 0x000001d868e54350, 0x000001d868e51ad0,
0x000001d868e50ba0, 0x000001d868e510b0, 0x000001d868e55790, 0x000001d868e56bd0,
0x000001d868e54860, 0x000001d868e570e0, 0x000001d868e515c0, 0x000001d868e52f10,
0x000001d868e51fe0, 0x000001d868e54d70, 0x000001d868e52a00, 0x000001d868e50180,
0x000001d868e561b0, 0x000001d868e55280, 0x000001d868e50690, 0x000001d868e524f0,
0x000001d868e566c0, 0x000001d868e53420, 0x000001d868e55ca0, 0x000001d868e53930,
0x000001d868e57b00, 0x000001d868e07c20, 0x000001d868e07200, 0x000001d868e06cf0,
0x000001d868e07710, 0x000001d868e08130, 0x000001d868e08b50, 0x000001d868e04980,
0x000001d868e09a80, 0x000001d868e0a4a0, 0x000001d868e08640, 0x000001d868e04470,
0x000001d868e09060, 0x000001d868e04e90, 0x000001d868e09570, 0x000001d868e09f90,
0x000001d868e03030, 0x000001d868e0a9b0, 0x000001d868e03540, 0x000001d868e053a0,
0x000001d868e03a50, 0x000001d868e03f60, 0x000001d868e058b0, 0x000001d868e05dc0,
0x000001d868e062d0, 0x000001d868e067e0, 0x000001d8682ceac0, 0x000001d8682d2780,
0x000001d8682cff00, 0x000001d8682d3bc0, 0x000001d8682d1d60, 0x000001d8682d40d0,
0x000001d8682d45e0, 0x000001d8682d0920, 0x000001d8682d6440, 0x000001d8682d5000,
0x000001d8682d0410, 0x000001d8682d5510, 0x000001d8682d0e30
}

Java Threads: ( => current thread )
  0x000001d830b28790 JavaThread "main" [_thread_blocked, id=20164, stack(0x0000003670a00000,0x0000003670b00000)]
  0x000001d84b41dcb0 JavaThread "Reference Handler" daemon [_thread_blocked, id=18244, stack(0x0000003671100000,0x0000003671200000)]
  0x000001d84b41ea40 JavaThread "Finalizer" daemon [_thread_blocked, id=1400, stack(0x0000003671200000,0x0000003671300000)]
  0x000001d84b439920 JavaThread "Signal Dispatcher" daemon [_thread_blocked, id=7304, stack(0x0000003671300000,0x0000003671400000)]
  0x000001d84b43a2f0 JavaThread "Attach Listener" daemon [_thread_blocked, id=18300, stack(0x0000003671400000,0x0000003671500000)]
  0x000001d84b43cfd0 JavaThread "Service Thread" daemon [_thread_blocked, id=13632, stack(0x0000003671500000,0x0000003671600000)]
  0x000001d84b43f8b0 JavaThread "Monitor Deflation Thread" daemon [_thread_blocked, id=10984, stack(0x0000003671600000,0x0000003671700000)]
=>0x000001d84b443a60 JavaThread "C2 CompilerThread0" daemon [_thread_in_native, id=8500, stack(0x0000003671700000,0x0000003671800000)]
  0x000001d84b44c430 JavaThread "C1 CompilerThread0" daemon [_thread_blocked, id=4360, stack(0x0000003671800000,0x0000003671900000)]
  0x000001d84b44fd40 JavaThread "Sweeper thread" daemon [_thread_blocked, id=9556, stack(0x0000003671900000,0x0000003671a00000)]
  0x000001d84b40aac0 JavaThread "Common-Cleaner" daemon [_thread_blocked, id=20500, stack(0x0000003671a00000,0x0000003671b00000)]
  0x000001d84b7a5b30 JavaThread "Notification Thread" daemon [_thread_blocked, id=9592, stack(0x0000003671b00000,0x0000003671c00000)]
  0x000001d865e86c80 JavaThread "Daemon health stats" [_thread_blocked, id=19600, stack(0x0000003672200000,0x0000003672300000)]
  0x000001d8664d5970 JavaThread "Incoming local TCP Connector on port 61022" [_thread_in_native, id=16456, stack(0x0000003672500000,0x0000003672600000)]
  0x000001d8666a42e0 JavaThread "Daemon periodic checks" [_thread_blocked, id=6960, stack(0x0000003672600000,0x0000003672700000)]
  0x000001d8663797c0 JavaThread "Daemon" [_thread_blocked, id=9780, stack(0x0000003672700000,0x0000003672800000)]
  0x000001d86650d310 JavaThread "Handler for socket connection from /127.0.0.1:61022 to /127.0.0.1:61023" [_thread_in_native, id=23300, stack(0x0000003672800000,0x0000003672900000)]
  0x000001d86654a3f0 JavaThread "Cancel handler" [_thread_blocked, id=14404, stack(0x0000003672900000,0x0000003672a00000)]
  0x000001d86654b830 JavaThread "Daemon worker" [_thread_blocked, id=20048, stack(0x0000003672a00000,0x0000003672b00000)]
  0x000001d866548080 JavaThread "Asynchronous log dispatcher for DefaultDaemonConnection: socket connection from /127.0.0.1:61022 to /127.0.0.1:61023" [_thread_blocked, id=19924, stack(0x0000003672b00000,0x0000003672c00000)]
  0x000001d866549ee0 JavaThread "Stdin handler" [_thread_blocked, id=9988, stack(0x0000003672c00000,0x0000003672d00000)]
  0x000001d866548590 JavaThread "Daemon client event forwarder" [_thread_blocked, id=11204, stack(0x0000003672d00000,0x0000003672e00000)]
  0x000001d86654a900 JavaThread "Cache worker for journal cache (C:\Users\Honor\.gradle\caches\journal-1)" [_thread_blocked, id=24156, stack(0x0000003672e00000,0x0000003672f00000)]
  0x000001d8665494c0 JavaThread "File lock request listener" [_thread_in_native, id=10052, stack(0x0000003672f00000,0x0000003673000000)]
  0x000001d86654ae10 JavaThread "Cache worker for file hash cache (C:\Users\Honor\.gradle\caches\8.13\fileHashes)" [_thread_blocked, id=9140, stack(0x0000003673000000,0x0000003673100000)]
  0x000001d866548aa0 JavaThread "Cache worker for file hash cache (D:\DEV\api-gateway\.gradle\8.13\fileHashes)" [_thread_blocked, id=11480, stack(0x0000003673100000,0x0000003673200000)]
  0x000001d866548fb0 JavaThread "Cache worker for Build Output Cleanup Cache (D:\DEV\api-gateway\.gradle\buildOutputCleanup)" [_thread_blocked, id=12204, stack(0x0000003673200000,0x0000003673300000)]
  0x000001d8665499d0 JavaThread "File watcher server" daemon [_thread_in_native, id=22880, stack(0x0000003673400000,0x0000003673500000)]
  0x000001d866a23fc0 JavaThread "File watcher consumer" daemon [_thread_blocked, id=8948, stack(0x0000003673500000,0x0000003673600000)]
  0x000001d866a22670 JavaThread "jar transforms" [_thread_blocked, id=5460, stack(0x0000003673600000,0x0000003673700000)]
  0x000001d866a244d0 JavaThread "jar transforms Thread 2" [_thread_blocked, id=20848, stack(0x0000003673700000,0x0000003673800000)]
  0x000001d866a1d060 JavaThread "Cache worker for checksums cache (D:\DEV\api-gateway\.gradle\8.13\checksums)" [_thread_blocked, id=11408, stack(0x0000003673800000,0x0000003673900000)]
  0x000001d866a21c50 JavaThread "Cache worker for file content cache (C:\Users\Honor\.gradle\caches\8.13\fileContent)" [_thread_blocked, id=11036, stack(0x0000003673900000,0x0000003673a00000)]
  0x000001d866a23090 JavaThread "Cache worker for cache directory md-supplier (C:\Users\Honor\.gradle\caches\8.13\md-supplier)" [_thread_blocked, id=10252, stack(0x0000003673a00000,0x0000003673b00000)]
  0x000001d866a1e4a0 JavaThread "Cache worker for cache directory md-rule (C:\Users\Honor\.gradle\caches\8.13\md-rule)" [_thread_blocked, id=18200, stack(0x0000003673b00000,0x0000003673c00000)]
  0x000001d866a235a0 JavaThread "jar transforms Thread 3" [_thread_blocked, id=13576, stack(0x0000003673f00000,0x0000003674000000)]
  0x000001d866a1d570 JavaThread "Unconstrained build operations" [_thread_blocked, id=7192, stack(0x0000003674000000,0x0000003674100000)]
  0x000001d866a1f3d0 JavaThread "Unconstrained build operations Thread 2" [_thread_blocked, id=4556, stack(0x0000003674100000,0x0000003674200000)]
  0x000001d866a249e0 JavaThread "Unconstrained build operations Thread 3" [_thread_blocked, id=7988, stack(0x0000003674200000,0x0000003674300000)]
  0x000001d866a1da80 JavaThread "Unconstrained build operations Thread 4" [_thread_blocked, id=16820, stack(0x0000003674300000,0x0000003674400000)]
  0x000001d866a21740 JavaThread "Unconstrained build operations Thread 5" [_thread_blocked, id=20028, stack(0x0000003674400000,0x0000003674500000)]
  0x000001d866a20d20 JavaThread "Unconstrained build operations Thread 6" [_thread_blocked, id=15348, stack(0x0000003674500000,0x0000003674600000)]
  0x000001d866a1df90 JavaThread "Unconstrained build operations Thread 7" [_thread_blocked, id=2756, stack(0x0000003674600000,0x0000003674700000)]
  0x000001d866a1e9b0 JavaThread "Unconstrained build operations Thread 8" [_thread_blocked, id=3820, stack(0x0000003674700000,0x0000003674800000)]
  0x000001d866a1f8e0 JavaThread "Unconstrained build operations Thread 9" [_thread_blocked, id=14328, stack(0x0000003674800000,0x0000003674900000)]
  0x000001d866a1fdf0 JavaThread "Unconstrained build operations Thread 10" [_thread_blocked, id=3968, stack(0x0000003674900000,0x0000003674a00000)]
  0x000001d866a20300 JavaThread "Unconstrained build operations Thread 11" [_thread_blocked, id=9776, stack(0x0000003674a00000,0x0000003674b00000)]
  0x000001d866a20810 JavaThread "Unconstrained build operations Thread 12" [_thread_blocked, id=6596, stack(0x0000003674b00000,0x0000003674c00000)]
  0x000001d866a21230 JavaThread "Unconstrained build operations Thread 13" [_thread_blocked, id=13400, stack(0x0000003674c00000,0x0000003674d00000)]
  0x000001d866a22160 JavaThread "Unconstrained build operations Thread 14" [_thread_blocked, id=23916, stack(0x0000003674d00000,0x0000003674e00000)]
  0x000001d866a22b80 JavaThread "Unconstrained build operations Thread 15" [_thread_blocked, id=17696, stack(0x0000003674e00000,0x0000003674f00000)]
  0x000001d86877c2c0 JavaThread "Unconstrained build operations Thread 16" [_thread_blocked, id=11500, stack(0x0000003674f00000,0x0000003675000000)]
  0x000001d86877c7d0 JavaThread "Unconstrained build operations Thread 17" [_thread_blocked, id=7548, stack(0x0000003675000000,0x0000003675100000)]
  0x000001d86877e120 JavaThread "Unconstrained build operations Thread 18" [_thread_blocked, id=19828, stack(0x0000003675100000,0x0000003675200000)]
  0x000001d86877ae80 JavaThread "Unconstrained build operations Thread 19" [_thread_blocked, id=11344, stack(0x0000003675200000,0x0000003675300000)]
  0x000001d86877f050 JavaThread "Unconstrained build operations Thread 20" [_thread_blocked, id=5652, stack(0x0000003675300000,0x0000003675400000)]
  0x000001d86877bdb0 JavaThread "Unconstrained build operations Thread 21" [_thread_blocked, id=20284, stack(0x0000003675400000,0x0000003675500000)]
  0x000001d86877cce0 JavaThread "Memory manager" [_thread_blocked, id=7768, stack(0x0000003675500000,0x0000003675600000)]
  0x000001d86877b8a0 JavaThread "jar transforms Thread 4" [_thread_blocked, id=25032, stack(0x0000003675600000,0x0000003675700000)]
  0x000001d868779f50 JavaThread "Problems report writer" [_thread_blocked, id=20336, stack(0x0000003675700000,0x0000003675800000)]
  0x000001d86877e630 JavaThread "Unconstrained build operations Thread 22" [_thread_blocked, id=18188, stack(0x0000003675800000,0x0000003675900000)]
  0x000001d86877eb40 JavaThread "Unconstrained build operations Thread 23" [_thread_blocked, id=7184, stack(0x0000003675900000,0x0000003675a00000)]
  0x000001d86877d1f0 JavaThread "Unconstrained build operations Thread 24" [_thread_blocked, id=22836, stack(0x0000003675a00000,0x0000003675b00000)]
  0x000001d86877f560 JavaThread "Unconstrained build operations Thread 25" [_thread_blocked, id=24364, stack(0x0000003675b00000,0x0000003675c00000)]
  0x000001d8687780f0 JavaThread "Unconstrained build operations Thread 26" [_thread_blocked, id=11136, stack(0x0000003675c00000,0x0000003675d00000)]
  0x000001d868779530 JavaThread "Unconstrained build operations Thread 27" [_thread_blocked, id=9028, stack(0x0000003675d00000,0x0000003675e00000)]
  0x000001d86877d700 JavaThread "Unconstrained build operations Thread 28" [_thread_blocked, id=19244, stack(0x0000003675e00000,0x0000003675f00000)]
  0x000001d86877fa70 JavaThread "Unconstrained build operations Thread 29" [_thread_blocked, id=9240, stack(0x0000003675f00000,0x0000003676000000)]
  0x000001d868778600 JavaThread "Unconstrained build operations Thread 30" [_thread_blocked, id=5560, stack(0x0000003676000000,0x0000003676100000)]
  0x000001d868778b10 JavaThread "Unconstrained build operations Thread 31" [_thread_blocked, id=10436, stack(0x0000003676100000,0x0000003676200000)]
  0x000001d868779020 JavaThread "Unconstrained build operations Thread 32" [_thread_blocked, id=19236, stack(0x0000003676200000,0x0000003676300000)]
  0x000001d868779a40 JavaThread "Unconstrained build operations Thread 33" [_thread_blocked, id=15456, stack(0x0000003676300000,0x0000003676400000)]
  0x000001d86877a460 JavaThread "Unconstrained build operations Thread 34" [_thread_blocked, id=6952, stack(0x0000003676400000,0x0000003676500000)]
  0x000001d868e53e40 JavaThread "Unconstrained build operations Thread 35" [_thread_blocked, id=308, stack(0x0000003676500000,0x0000003676600000)]
  0x000001d868e54350 JavaThread "Unconstrained build operations Thread 36" [_thread_blocked, id=12696, stack(0x0000003676600000,0x0000003676700000)]
  0x000001d868e51ad0 JavaThread "Unconstrained build operations Thread 37" [_thread_blocked, id=23192, stack(0x0000003676700000,0x0000003676800000)]
  0x000001d868e50ba0 JavaThread "Unconstrained build operations Thread 38" [_thread_blocked, id=23040, stack(0x0000003676800000,0x0000003676900000)]
  0x000001d868e510b0 JavaThread "Unconstrained build operations Thread 39" [_thread_blocked, id=19872, stack(0x0000003676900000,0x0000003676a00000)]
  0x000001d868e55790 JavaThread "Unconstrained build operations Thread 40" [_thread_blocked, id=24340, stack(0x0000003676a00000,0x0000003676b00000)]
  0x000001d868e56bd0 JavaThread "Unconstrained build operations Thread 41" [_thread_blocked, id=11548, stack(0x0000003676b00000,0x0000003676c00000)]
  0x000001d868e54860 JavaThread "Unconstrained build operations Thread 42" [_thread_blocked, id=1788, stack(0x0000003676c00000,0x0000003676d00000)]
  0x000001d868e570e0 JavaThread "Unconstrained build operations Thread 43" [_thread_blocked, id=14400, stack(0x0000003676d00000,0x0000003676e00000)]
  0x000001d868e515c0 JavaThread "Unconstrained build operations Thread 44" [_thread_blocked, id=13580, stack(0x0000003676e00000,0x0000003676f00000)]
  0x000001d868e52f10 JavaThread "Unconstrained build operations Thread 45" [_thread_blocked, id=22936, stack(0x0000003676f00000,0x0000003677000000)]
  0x000001d868e51fe0 JavaThread "Unconstrained build operations Thread 46" [_thread_blocked, id=7308, stack(0x0000003677000000,0x0000003677100000)]
  0x000001d868e54d70 JavaThread "Unconstrained build operations Thread 47" [_thread_blocked, id=6556, stack(0x0000003677100000,0x0000003677200000)]
  0x000001d868e52a00 JavaThread "Unconstrained build operations Thread 48" [_thread_blocked, id=22744, stack(0x0000003677200000,0x0000003677300000)]
  0x000001d868e50180 JavaThread "Unconstrained build operations Thread 49" [_thread_blocked, id=6864, stack(0x0000003677300000,0x0000003677400000)]
  0x000001d868e561b0 JavaThread "Unconstrained build operations Thread 50" [_thread_blocked, id=21088, stack(0x0000003677400000,0x0000003677500000)]
  0x000001d868e55280 JavaThread "Unconstrained build operations Thread 51" [_thread_blocked, id=21472, stack(0x0000003677500000,0x0000003677600000)]
  0x000001d868e50690 JavaThread "Unconstrained build operations Thread 52" [_thread_blocked, id=15312, stack(0x0000003677600000,0x0000003677700000)]
  0x000001d868e524f0 JavaThread "Unconstrained build operations Thread 53" [_thread_blocked, id=21224, stack(0x0000003677700000,0x0000003677800000)]
  0x000001d868e566c0 JavaThread "Unconstrained build operations Thread 54" [_thread_blocked, id=23224, stack(0x0000003677800000,0x0000003677900000)]
  0x000001d868e53420 JavaThread "Unconstrained build operations Thread 55" [_thread_blocked, id=23336, stack(0x0000003677900000,0x0000003677a00000)]
  0x000001d868e55ca0 JavaThread "Unconstrained build operations Thread 56" [_thread_blocked, id=18196, stack(0x0000003677a00000,0x0000003677b00000)]
  0x000001d868e53930 JavaThread "Unconstrained build operations Thread 57" [_thread_blocked, id=20368, stack(0x0000003677b00000,0x0000003677c00000)]
  0x000001d868e57b00 JavaThread "Unconstrained build operations Thread 58" [_thread_blocked, id=7380, stack(0x0000003677c00000,0x0000003677d00000)]
  0x000001d868e07c20 JavaThread "Unconstrained build operations Thread 59" [_thread_blocked, id=18632, stack(0x0000003677d00000,0x0000003677e00000)]
  0x000001d868e07200 JavaThread "Unconstrained build operations Thread 60" [_thread_blocked, id=6396, stack(0x0000003677e00000,0x0000003677f00000)]
  0x000001d868e06cf0 JavaThread "Unconstrained build operations Thread 61" [_thread_blocked, id=3156, stack(0x0000003677f00000,0x0000003678000000)]
  0x000001d868e07710 JavaThread "Unconstrained build operations Thread 62" [_thread_blocked, id=14480, stack(0x0000003678000000,0x0000003678100000)]
  0x000001d868e08130 JavaThread "Unconstrained build operations Thread 63" [_thread_blocked, id=6944, stack(0x0000003678100000,0x0000003678200000)]
  0x000001d868e08b50 JavaThread "Unconstrained build operations Thread 64" [_thread_blocked, id=19472, stack(0x0000003678200000,0x0000003678300000)]
  0x000001d868e04980 JavaThread "Unconstrained build operations Thread 65" [_thread_blocked, id=2276, stack(0x0000003678300000,0x0000003678400000)]
  0x000001d868e09a80 JavaThread "Unconstrained build operations Thread 66" [_thread_blocked, id=6156, stack(0x0000003678400000,0x0000003678500000)]
  0x000001d868e0a4a0 JavaThread "Unconstrained build operations Thread 67" [_thread_blocked, id=2792, stack(0x0000003678500000,0x0000003678600000)]
  0x000001d868e08640 JavaThread "Unconstrained build operations Thread 68" [_thread_blocked, id=11652, stack(0x0000003678600000,0x0000003678700000)]
  0x000001d868e04470 JavaThread "Unconstrained build operations Thread 69" [_thread_blocked, id=19064, stack(0x0000003678700000,0x0000003678800000)]
  0x000001d868e09060 JavaThread "Unconstrained build operations Thread 70" [_thread_blocked, id=20804, stack(0x0000003678800000,0x0000003678900000)]
  0x000001d868e04e90 JavaThread "Unconstrained build operations Thread 71" [_thread_blocked, id=21968, stack(0x0000003678900000,0x0000003678a00000)]
  0x000001d868e09570 JavaThread "Unconstrained build operations Thread 72" [_thread_blocked, id=19084, stack(0x0000003678a00000,0x0000003678b00000)]
  0x000001d868e09f90 JavaThread "Unconstrained build operations Thread 73" [_thread_blocked, id=19796, stack(0x0000003678b00000,0x0000003678c00000)]
  0x000001d868e03030 JavaThread "Unconstrained build operations Thread 74" [_thread_blocked, id=7344, stack(0x0000003678c00000,0x0000003678d00000)]
  0x000001d868e0a9b0 JavaThread "Unconstrained build operations Thread 75" [_thread_blocked, id=9424, stack(0x0000003678d00000,0x0000003678e00000)]
  0x000001d868e03540 JavaThread "Unconstrained build operations Thread 76" [_thread_blocked, id=10188, stack(0x0000003678e00000,0x0000003678f00000)]
  0x000001d868e053a0 JavaThread "Unconstrained build operations Thread 77" [_thread_blocked, id=16968, stack(0x0000003678f00000,0x0000003679000000)]
  0x000001d868e03a50 JavaThread "Unconstrained build operations Thread 78" [_thread_blocked, id=16440, stack(0x0000003679000000,0x0000003679100000)]
  0x000001d868e03f60 JavaThread "Unconstrained build operations Thread 79" [_thread_blocked, id=22648, stack(0x0000003679100000,0x0000003679200000)]
  0x000001d868e058b0 JavaThread "Unconstrained build operations Thread 80" [_thread_blocked, id=18564, stack(0x0000003679200000,0x0000003679300000)]
  0x000001d868e05dc0 JavaThread "ForkJoinPool.commonPool-worker-1" daemon [_thread_blocked, id=16760, stack(0x0000003679300000,0x0000003679400000)]
  0x000001d868e062d0 JavaThread "ForkJoinPool.commonPool-worker-2" daemon [_thread_blocked, id=16164, stack(0x0000003679400000,0x0000003679500000)]
  0x000001d868e067e0 JavaThread "ForkJoinPool.commonPool-worker-3" daemon [_thread_blocked, id=9884, stack(0x0000003679500000,0x0000003679600000)]
  0x000001d8682ceac0 JavaThread "ForkJoinPool.commonPool-worker-4" daemon [_thread_blocked, id=17256, stack(0x0000003679600000,0x0000003679700000)]
  0x000001d8682d2780 JavaThread "ForkJoinPool.commonPool-worker-5" daemon [_thread_blocked, id=20324, stack(0x0000003679700000,0x0000003679800000)]
  0x000001d8682cff00 JavaThread "ForkJoinPool.commonPool-worker-6" daemon [_thread_blocked, id=1548, stack(0x0000003679800000,0x0000003679900000)]
  0x000001d8682d3bc0 JavaThread "ForkJoinPool.commonPool-worker-7" daemon [_thread_blocked, id=14040, stack(0x0000003679900000,0x0000003679a00000)]
  0x000001d8682d1d60 JavaThread "included builds" [_thread_in_vm, id=14712, stack(0x0000003679a00000,0x0000003679b00000)]
  0x000001d8682d40d0 JavaThread "Execution worker" [_thread_blocked, id=14832, stack(0x0000003679b00000,0x0000003679c00000)]
  0x000001d8682d45e0 JavaThread "Execution worker Thread 2" [_thread_blocked, id=9940, stack(0x0000003679c00000,0x0000003679d00000)]
  0x000001d8682d0920 JavaThread "Execution worker Thread 3" [_thread_blocked, id=22864, stack(0x0000003679d00000,0x0000003679e00000)]
  0x000001d8682d6440 JavaThread "Execution worker Thread 4" [_thread_blocked, id=23372, stack(0x0000003679e00000,0x0000003679f00000)]
  0x000001d8682d5000 JavaThread "Execution worker Thread 5" [_thread_blocked, id=22316, stack(0x0000003679f00000,0x000000367a000000)]
  0x000001d8682d0410 JavaThread "Execution worker Thread 6" [_thread_blocked, id=19852, stack(0x000000367a000000,0x000000367a100000)]
  0x000001d8682d5510 JavaThread "Execution worker Thread 7" [_thread_blocked, id=14660, stack(0x000000367a100000,0x000000367a200000)]
  0x000001d8682d0e30 JavaThread "Cache worker for execution history cache (D:\DEV\api-gateway\.gradle\8.13\executionHistory)" [_thread_blocked, id=4112, stack(0x000000367a200000,0x000000367a300000)]

Other Threads:
  0x000001d84b418d90 VMThread "VM Thread" [stack: 0x0000003671000000,0x0000003671100000] [id=11324]
  0x000001d830b65170 WatcherThread [stack: 0x0000003671c00000,0x0000003671d00000] [id=17144]
  0x000001d830b565e0 GCTaskThread "GC Thread#0" [stack: 0x0000003670b00000,0x0000003670c00000] [id=13216]
  0x000001d865285a10 GCTaskThread "GC Thread#1" [stack: 0x0000003671d00000,0x0000003671e00000] [id=16872]
  0x000001d865285cd0 GCTaskThread "GC Thread#2" [stack: 0x0000003671e00000,0x0000003671f00000] [id=21124]
  0x000001d865188d40 GCTaskThread "GC Thread#3" [stack: 0x0000003671f00000,0x0000003672000000] [id=11992]
  0x000001d865189000 GCTaskThread "GC Thread#4" [stack: 0x0000003672000000,0x0000003672100000] [id=572]
  0x000001d84b8abfd0 GCTaskThread "GC Thread#5" [stack: 0x0000003672100000,0x0000003672200000] [id=12236]
  0x000001d866092a50 GCTaskThread "GC Thread#6" [stack: 0x0000003672300000,0x0000003672400000] [id=7512]
  0x000001d865a49e60 GCTaskThread "GC Thread#7" [stack: 0x0000003672400000,0x0000003672500000] [id=24196]
  0x000001d830b5bc50 ConcurrentGCThread "G1 Main Marker" [stack: 0x0000003670c00000,0x0000003670d00000] [id=18472]
  0x000001d830b5c570 ConcurrentGCThread "G1 Conc#0" [stack: 0x0000003670d00000,0x0000003670e00000] [id=20280]
  0x000001d867c23100 ConcurrentGCThread "G1 Conc#1" [stack: 0x0000003673300000,0x0000003673400000] [id=6976]
  0x000001d830bfd010 ConcurrentGCThread "G1 Refine#0" [stack: 0x0000003670e00000,0x0000003670f00000] [id=14188]
  0x000001d866ea2aa0 ConcurrentGCThread "G1 Refine#1" [stack: 0x0000003673c00000,0x0000003673d00000] [id=19436]
  0x000001d866ea1030 ConcurrentGCThread "G1 Refine#2" [stack: 0x0000003673d00000,0x0000003673e00000] [id=6900]
  0x000001d866ea1320 ConcurrentGCThread "G1 Refine#3" [stack: 0x0000003673e00000,0x0000003673f00000] [id=21216]
  0x000001d830bfd950 ConcurrentGCThread "G1 Service" [stack: 0x0000003670f00000,0x0000003671000000] [id=17756]

Threads with active compile tasks:
C2 CompilerThread0    11643 10647 %     4       java.util.zip.ZipFile$Source::initCEN @ 240 (591 bytes)
C1 CompilerThread0    11643 10789       2       org.gradle.internal.snapshot.AbstractIncompleteFileSystemNode::anyChildMatches (23 bytes)

VM state: not at safepoint (normal execution)

VM Mutex/Monitor currently owned by a thread: None

Heap address: 0x00000000e0000000, size: 512 MB, Compressed Oops mode: 32-bit

CDS archive(s) mapped at: [0x000001d84c000000-0x000001d84cbd0000-0x000001d84cbd0000), size 12386304, SharedBaseAddress: 0x000001d84c000000, ArchiveRelocationMode: 1.
Compressed class space mapped at: 0x000001d84d000000-0x000001d861000000, reserved size: 335544320
Narrow klass base: 0x000001d84c000000, Narrow klass shift: 0, Narrow klass range: 0x100000000

GC Precious Log:
 CPUs: 8 total, 8 available
 Memory: 7103M
 Large Page Support: Disabled
 NUMA Support: Disabled
 Compressed Oops: Enabled (32-bit)
 Heap Region Size: 1M
 Heap Min Capacity: 256M
 Heap Initial Capacity: 256M
 Heap Max Capacity: 512M
 Pre-touch: Disabled
 Parallel Workers: 8
 Concurrent Workers: 2
 Concurrent Refinement Workers: 8
 Periodic GC: Disabled

Heap:
 garbage-first heap   total 262144K, used 99623K [0x00000000e0000000, 0x0000000100000000)
  region size 1024K, 45 young (46080K), 7 survivors (7168K)
 Metaspace       used 59659K, committed 60224K, reserved 393216K
  class space    used 8281K, committed 8512K, reserved 327680K

Heap Regions: E=young(eden), S=young(survivor), O=old, HS=humongous(starts), HC=humongous(continues), CS=collection set, F=free, OA=open archive, CA=closed archive, TAMS=top-at-mark-start (previous, next)
|   0|0x00000000e0000000, 0x00000000e0100000, 0x00000000e0100000|100%|HS|  |TAMS 0x00000000e0100000, 0x00000000e0000000| Complete 
|   1|0x00000000e0100000, 0x00000000e0200000, 0x00000000e0200000|100%|HC|  |TAMS 0x00000000e0200000, 0x00000000e0100000| Complete 
|   2|0x00000000e0200000, 0x00000000e0300000, 0x00000000e0300000|100%|HC|  |TAMS 0x00000000e0300000, 0x00000000e0200000| Complete 
|   3|0x00000000e0300000, 0x00000000e0400000, 0x00000000e0400000|100%| O|  |TAMS 0x00000000e0400000, 0x00000000e0300000| Untracked 
|   4|0x00000000e0400000, 0x00000000e0500000, 0x00000000e0500000|100%| O|  |TAMS 0x00000000e0500000, 0x00000000e0400000| Untracked 
|   5|0x00000000e0500000, 0x00000000e0600000, 0x00000000e0600000|100%| O|  |TAMS 0x00000000e0500000, 0x00000000e0500000| Untracked 
|   6|0x00000000e0600000, 0x00000000e0700000, 0x00000000e0700000|100%| O|  |TAMS 0x00000000e0700000, 0x00000000e0600000| Untracked 
|   7|0x00000000e0700000, 0x00000000e0800000, 0x00000000e0800000|100%| O|  |TAMS 0x00000000e0800000, 0x00000000e0700000| Untracked 
|   8|0x00000000e0800000, 0x00000000e0900000, 0x00000000e0900000|100%| O|  |TAMS 0x00000000e0900000, 0x00000000e0800000| Untracked 
|   9|0x00000000e0900000, 0x00000000e0a00000, 0x00000000e0a00000|100%|HS|  |TAMS 0x00000000e0a00000, 0x00000000e0900000| Complete 
|  10|0x00000000e0a00000, 0x00000000e0b00000, 0x00000000e0b00000|100%|HS|  |TAMS 0x00000000e0a00000, 0x00000000e0a00000| Complete 
|  11|0x00000000e0b00000, 0x00000000e0c00000, 0x00000000e0c00000|100%| O|  |TAMS 0x00000000e0c00000, 0x00000000e0b00000| Untracked 
|  12|0x00000000e0c00000, 0x00000000e0d00000, 0x00000000e0d00000|100%| O|  |TAMS 0x00000000e0d00000, 0x00000000e0c00000| Untracked 
|  13|0x00000000e0d00000, 0x00000000e0e00000, 0x00000000e0e00000|100%| O|  |TAMS 0x00000000e0e00000, 0x00000000e0d00000| Untracked 
|  14|0x00000000e0e00000, 0x00000000e0f00000, 0x00000000e0f00000|100%| O|  |TAMS 0x00000000e0f00000, 0x00000000e0e00000| Untracked 
|  15|0x00000000e0f00000, 0x00000000e1000000, 0x00000000e1000000|100%| O|  |TAMS 0x00000000e1000000, 0x00000000e0f00000| Untracked 
|  16|0x00000000e1000000, 0x00000000e1100000, 0x00000000e1100000|100%| O|  |TAMS 0x00000000e1100000, 0x00000000e1000000| Untracked 
|  17|0x00000000e1100000, 0x00000000e1200000, 0x00000000e1200000|100%| O|  |TAMS 0x00000000e1200000, 0x00000000e1100000| Untracked 
|  18|0x00000000e1200000, 0x00000000e1300000, 0x00000000e1300000|100%| O|  |TAMS 0x00000000e1300000, 0x00000000e1200000| Untracked 
|  19|0x00000000e1300000, 0x00000000e1400000, 0x00000000e1400000|100%| O|  |TAMS 0x00000000e1400000, 0x00000000e1300000| Untracked 
|  20|0x00000000e1400000, 0x00000000e1500000, 0x00000000e1500000|100%| O|  |TAMS 0x00000000e1500000, 0x00000000e1400000| Untracked 
|  21|0x00000000e1500000, 0x00000000e1600000, 0x00000000e1600000|100%| O|  |TAMS 0x00000000e1600000, 0x00000000e1500000| Untracked 
|  22|0x00000000e1600000, 0x00000000e1700000, 0x00000000e1700000|100%| O|  |TAMS 0x00000000e1700000, 0x00000000e1600000| Untracked 
|  23|0x00000000e1700000, 0x00000000e1800000, 0x00000000e1800000|100%| O|  |TAMS 0x00000000e1800000, 0x00000000e1700000| Untracked 
|  24|0x00000000e1800000, 0x00000000e1900000, 0x00000000e1900000|100%| O|  |TAMS 0x00000000e1900000, 0x00000000e1800000| Untracked 
|  25|0x00000000e1900000, 0x00000000e1a00000, 0x00000000e1a00000|100%| O|  |TAMS 0x00000000e1a00000, 0x00000000e1900000| Untracked 
|  26|0x00000000e1a00000, 0x00000000e1b00000, 0x00000000e1b00000|100%| O|  |TAMS 0x00000000e1b00000, 0x00000000e1a00000| Untracked 
|  27|0x00000000e1b00000, 0x00000000e1c00000, 0x00000000e1c00000|100%| O|  |TAMS 0x00000000e1c00000, 0x00000000e1b00000| Untracked 
|  28|0x00000000e1c00000, 0x00000000e1d00000, 0x00000000e1d00000|100%| O|  |TAMS 0x00000000e1d00000, 0x00000000e1c00000| Untracked 
|  29|0x00000000e1d00000, 0x00000000e1e00000, 0x00000000e1e00000|100%| O|  |TAMS 0x00000000e1e00000, 0x00000000e1d00000| Untracked 
|  30|0x00000000e1e00000, 0x00000000e1f00000, 0x00000000e1f00000|100%| O|  |TAMS 0x00000000e1f00000, 0x00000000e1e00000| Untracked 
|  31|0x00000000e1f00000, 0x00000000e2000000, 0x00000000e2000000|100%| O|  |TAMS 0x00000000e1f39a00, 0x00000000e1f00000| Untracked 
|  32|0x00000000e2000000, 0x00000000e2100000, 0x00000000e2100000|100%| O|  |TAMS 0x00000000e2000000, 0x00000000e2000000| Untracked 
|  33|0x00000000e2100000, 0x00000000e2200000, 0x00000000e2200000|100%| O|  |TAMS 0x00000000e2100000, 0x00000000e2100000| Untracked 
|  34|0x00000000e2200000, 0x00000000e2300000, 0x00000000e2300000|100%| O|  |TAMS 0x00000000e2200000, 0x00000000e2200000| Untracked 
|  35|0x00000000e2300000, 0x00000000e2400000, 0x00000000e2400000|100%| O|  |TAMS 0x00000000e2300000, 0x00000000e2300000| Untracked 
|  36|0x00000000e2400000, 0x00000000e2500000, 0x00000000e2500000|100%| O|  |TAMS 0x00000000e2400000, 0x00000000e2400000| Untracked 
|  37|0x00000000e2500000, 0x00000000e2600000, 0x00000000e2600000|100%| O|  |TAMS 0x00000000e2500000, 0x00000000e2500000| Untracked 
|  38|0x00000000e2600000, 0x00000000e2700000, 0x00000000e2700000|100%| O|  |TAMS 0x00000000e2600000, 0x00000000e2600000| Untracked 
|  39|0x00000000e2700000, 0x00000000e2800000, 0x00000000e2800000|100%| O|  |TAMS 0x00000000e2700000, 0x00000000e2700000| Untracked 
|  40|0x00000000e2800000, 0x00000000e2900000, 0x00000000e2900000|100%| O|  |TAMS 0x00000000e2800000, 0x00000000e2800000| Untracked 
|  41|0x00000000e2900000, 0x00000000e2a00000, 0x00000000e2a00000|100%|HS|  |TAMS 0x00000000e2900000, 0x00000000e2900000| Complete 
|  42|0x00000000e2a00000, 0x00000000e2b00000, 0x00000000e2b00000|100%|HS|  |TAMS 0x00000000e2a00000, 0x00000000e2a00000| Complete 
|  43|0x00000000e2b00000, 0x00000000e2c00000, 0x00000000e2c00000|100%|HS|  |TAMS 0x00000000e2b00000, 0x00000000e2b00000| Complete 
|  44|0x00000000e2c00000, 0x00000000e2d00000, 0x00000000e2d00000|100%| O|  |TAMS 0x00000000e2c00000, 0x00000000e2c00000| Untracked 
|  45|0x00000000e2d00000, 0x00000000e2e00000, 0x00000000e2e00000|100%| O|  |TAMS 0x00000000e2d00000, 0x00000000e2d00000| Untracked 
|  46|0x00000000e2e00000, 0x00000000e2f00000, 0x00000000e2f00000|100%| O|  |TAMS 0x00000000e2e00000, 0x00000000e2e00000| Untracked 
|  47|0x00000000e2f00000, 0x00000000e3000000, 0x00000000e3000000|100%| O|  |TAMS 0x00000000e2f00000, 0x00000000e2f00000| Untracked 
|  48|0x00000000e3000000, 0x00000000e3100000, 0x00000000e3100000|100%| O|  |TAMS 0x00000000e3000000, 0x00000000e3000000| Untracked 
|  49|0x00000000e3100000, 0x00000000e3200000, 0x00000000e3200000|100%| O|  |TAMS 0x00000000e3100000, 0x00000000e3100000| Untracked 
|  50|0x00000000e3200000, 0x00000000e32daa00, 0x00000000e3300000| 85%| O|  |TAMS 0x00000000e3200000, 0x00000000e3200000| Untracked 
|  51|0x00000000e3300000, 0x00000000e3400000, 0x00000000e3400000|100%|HS|  |TAMS 0x00000000e3300000, 0x00000000e3300000| Complete 
|  52|0x00000000e3400000, 0x00000000e3500000, 0x00000000e3500000|100%|HS|  |TAMS 0x00000000e3400000, 0x00000000e3400000| Complete 
|  53|0x00000000e3500000, 0x00000000e3600000, 0x00000000e3600000|100%|HS|  |TAMS 0x00000000e3500000, 0x00000000e3500000| Complete 
|  54|0x00000000e3600000, 0x00000000e3700000, 0x00000000e3700000|100%|HS|  |TAMS 0x00000000e3600000, 0x00000000e3600000| Complete 
|  55|0x00000000e3700000, 0x00000000e3700000, 0x00000000e3800000|  0%| F|  |TAMS 0x00000000e3700000, 0x00000000e3700000| Untracked 
|  56|0x00000000e3800000, 0x00000000e3800000, 0x00000000e3900000|  0%| F|  |TAMS 0x00000000e3800000, 0x00000000e3800000| Untracked 
|  57|0x00000000e3900000, 0x00000000e3900000, 0x00000000e3a00000|  0%| F|  |TAMS 0x00000000e3900000, 0x00000000e3900000| Untracked 
|  58|0x00000000e3a00000, 0x00000000e3a00000, 0x00000000e3b00000|  0%| F|  |TAMS 0x00000000e3a00000, 0x00000000e3a00000| Untracked 
|  59|0x00000000e3b00000, 0x00000000e3b00000, 0x00000000e3c00000|  0%| F|  |TAMS 0x00000000e3b00000, 0x00000000e3b00000| Untracked 
|  60|0x00000000e3c00000, 0x00000000e3c00000, 0x00000000e3d00000|  0%| F|  |TAMS 0x00000000e3c00000, 0x00000000e3c00000| Untracked 
|  61|0x00000000e3d00000, 0x00000000e3d00000, 0x00000000e3e00000|  0%| F|  |TAMS 0x00000000e3d00000, 0x00000000e3d00000| Untracked 
|  62|0x00000000e3e00000, 0x00000000e3e00000, 0x00000000e3f00000|  0%| F|  |TAMS 0x00000000e3e00000, 0x00000000e3e00000| Untracked 
|  63|0x00000000e3f00000, 0x00000000e3f00000, 0x00000000e4000000|  0%| F|  |TAMS 0x00000000e3f00000, 0x00000000e3f00000| Untracked 
|  64|0x00000000e4000000, 0x00000000e4000000, 0x00000000e4100000|  0%| F|  |TAMS 0x00000000e4000000, 0x00000000e4000000| Untracked 
|  65|0x00000000e4100000, 0x00000000e4100000, 0x00000000e4200000|  0%| F|  |TAMS 0x00000000e4100000, 0x00000000e4100000| Untracked 
|  66|0x00000000e4200000, 0x00000000e4200000, 0x00000000e4300000|  0%| F|  |TAMS 0x00000000e4200000, 0x00000000e4200000| Untracked 
|  67|0x00000000e4300000, 0x00000000e4300000, 0x00000000e4400000|  0%| F|  |TAMS 0x00000000e4300000, 0x00000000e4300000| Untracked 
|  68|0x00000000e4400000, 0x00000000e4400000, 0x00000000e4500000|  0%| F|  |TAMS 0x00000000e4400000, 0x00000000e4400000| Untracked 
|  69|0x00000000e4500000, 0x00000000e4500000, 0x00000000e4600000|  0%| F|  |TAMS 0x00000000e4500000, 0x00000000e4500000| Untracked 
|  70|0x00000000e4600000, 0x00000000e4600000, 0x00000000e4700000|  0%| F|  |TAMS 0x00000000e4600000, 0x00000000e4600000| Untracked 
|  71|0x00000000e4700000, 0x00000000e4700000, 0x00000000e4800000|  0%| F|  |TAMS 0x00000000e4700000, 0x00000000e4700000| Untracked 
|  72|0x00000000e4800000, 0x00000000e4800000, 0x00000000e4900000|  0%| F|  |TAMS 0x00000000e4800000, 0x00000000e4800000| Untracked 
|  73|0x00000000e4900000, 0x00000000e4900000, 0x00000000e4a00000|  0%| F|  |TAMS 0x00000000e4900000, 0x00000000e4900000| Untracked 
|  74|0x00000000e4a00000, 0x00000000e4a00000, 0x00000000e4b00000|  0%| F|  |TAMS 0x00000000e4a00000, 0x00000000e4a00000| Untracked 
|  75|0x00000000e4b00000, 0x00000000e4b00000, 0x00000000e4c00000|  0%| F|  |TAMS 0x00000000e4b00000, 0x00000000e4b00000| Untracked 
|  76|0x00000000e4c00000, 0x00000000e4c00000, 0x00000000e4d00000|  0%| F|  |TAMS 0x00000000e4c00000, 0x00000000e4c00000| Untracked 
|  77|0x00000000e4d00000, 0x00000000e4d00000, 0x00000000e4e00000|  0%| F|  |TAMS 0x00000000e4d00000, 0x00000000e4d00000| Untracked 
|  78|0x00000000e4e00000, 0x00000000e4e00000, 0x00000000e4f00000|  0%| F|  |TAMS 0x00000000e4e00000, 0x00000000e4e00000| Untracked 
|  79|0x00000000e4f00000, 0x00000000e4f00000, 0x00000000e5000000|  0%| F|  |TAMS 0x00000000e4f00000, 0x00000000e4f00000| Untracked 
|  80|0x00000000e5000000, 0x00000000e5000000, 0x00000000e5100000|  0%| F|  |TAMS 0x00000000e5000000, 0x00000000e5000000| Untracked 
|  81|0x00000000e5100000, 0x00000000e5100000, 0x00000000e5200000|  0%| F|  |TAMS 0x00000000e5100000, 0x00000000e5100000| Untracked 
|  82|0x00000000e5200000, 0x00000000e5200000, 0x00000000e5300000|  0%| F|  |TAMS 0x00000000e5200000, 0x00000000e5200000| Untracked 
|  83|0x00000000e5300000, 0x00000000e5300000, 0x00000000e5400000|  0%| F|  |TAMS 0x00000000e5300000, 0x00000000e5300000| Untracked 
|  84|0x00000000e5400000, 0x00000000e5400000, 0x00000000e5500000|  0%| F|  |TAMS 0x00000000e5400000, 0x00000000e5400000| Untracked 
|  85|0x00000000e5500000, 0x00000000e5500000, 0x00000000e5600000|  0%| F|  |TAMS 0x00000000e5500000, 0x00000000e5500000| Untracked 
|  86|0x00000000e5600000, 0x00000000e5600000, 0x00000000e5700000|  0%| F|  |TAMS 0x00000000e5600000, 0x00000000e5600000| Untracked 
|  87|0x00000000e5700000, 0x00000000e5700000, 0x00000000e5800000|  0%| F|  |TAMS 0x00000000e5700000, 0x00000000e5700000| Untracked 
|  88|0x00000000e5800000, 0x00000000e5800000, 0x00000000e5900000|  0%| F|  |TAMS 0x00000000e5800000, 0x00000000e5800000| Untracked 
|  89|0x00000000e5900000, 0x00000000e5900000, 0x00000000e5a00000|  0%| F|  |TAMS 0x00000000e5900000, 0x00000000e5900000| Untracked 
|  90|0x00000000e5a00000, 0x00000000e5a00000, 0x00000000e5b00000|  0%| F|  |TAMS 0x00000000e5a00000, 0x00000000e5a00000| Untracked 
|  91|0x00000000e5b00000, 0x00000000e5b00000, 0x00000000e5c00000|  0%| F|  |TAMS 0x00000000e5b00000, 0x00000000e5b00000| Untracked 
|  92|0x00000000e5c00000, 0x00000000e5c00000, 0x00000000e5d00000|  0%| F|  |TAMS 0x00000000e5c00000, 0x00000000e5c00000| Untracked 
|  93|0x00000000e5d00000, 0x00000000e5d00000, 0x00000000e5e00000|  0%| F|  |TAMS 0x00000000e5d00000, 0x00000000e5d00000| Untracked 
|  94|0x00000000e5e00000, 0x00000000e5e00000, 0x00000000e5f00000|  0%| F|  |TAMS 0x00000000e5e00000, 0x00000000e5e00000| Untracked 
|  95|0x00000000e5f00000, 0x00000000e5f00000, 0x00000000e6000000|  0%| F|  |TAMS 0x00000000e5f00000, 0x00000000e5f00000| Untracked 
|  96|0x00000000e6000000, 0x00000000e6000000, 0x00000000e6100000|  0%| F|  |TAMS 0x00000000e6000000, 0x00000000e6000000| Untracked 
|  97|0x00000000e6100000, 0x00000000e6100000, 0x00000000e6200000|  0%| F|  |TAMS 0x00000000e6100000, 0x00000000e6100000| Untracked 
|  98|0x00000000e6200000, 0x00000000e6200000, 0x00000000e6300000|  0%| F|  |TAMS 0x00000000e6200000, 0x00000000e6200000| Untracked 
|  99|0x00000000e6300000, 0x00000000e6300000, 0x00000000e6400000|  0%| F|  |TAMS 0x00000000e6300000, 0x00000000e6300000| Untracked 
| 100|0x00000000e6400000, 0x00000000e6400000, 0x00000000e6500000|  0%| F|  |TAMS 0x00000000e6400000, 0x00000000e6400000| Untracked 
| 101|0x00000000e6500000, 0x00000000e6500000, 0x00000000e6600000|  0%| F|  |TAMS 0x00000000e6500000, 0x00000000e6500000| Untracked 
| 102|0x00000000e6600000, 0x00000000e6600000, 0x00000000e6700000|  0%| F|  |TAMS 0x00000000e6600000, 0x00000000e6600000| Untracked 
| 103|0x00000000e6700000, 0x00000000e6700000, 0x00000000e6800000|  0%| F|  |TAMS 0x00000000e6700000, 0x00000000e6700000| Untracked 
| 104|0x00000000e6800000, 0x00000000e6800000, 0x00000000e6900000|  0%| F|  |TAMS 0x00000000e6800000, 0x00000000e6800000| Untracked 
| 105|0x00000000e6900000, 0x00000000e6900000, 0x00000000e6a00000|  0%| F|  |TAMS 0x00000000e6900000, 0x00000000e6900000| Untracked 
| 106|0x00000000e6a00000, 0x00000000e6a00000, 0x00000000e6b00000|  0%| F|  |TAMS 0x00000000e6a00000, 0x00000000e6a00000| Untracked 
| 107|0x00000000e6b00000, 0x00000000e6b00000, 0x00000000e6c00000|  0%| F|  |TAMS 0x00000000e6b00000, 0x00000000e6b00000| Untracked 
| 108|0x00000000e6c00000, 0x00000000e6c6f510, 0x00000000e6d00000| 43%| S|CS|TAMS 0x00000000e6c00000, 0x00000000e6c00000| Complete 
| 109|0x00000000e6d00000, 0x00000000e6e00000, 0x00000000e6e00000|100%| S|CS|TAMS 0x00000000e6d00000, 0x00000000e6d00000| Complete 
| 110|0x00000000e6e00000, 0x00000000e6f00000, 0x00000000e6f00000|100%| S|CS|TAMS 0x00000000e6e00000, 0x00000000e6e00000| Complete 
| 111|0x00000000e6f00000, 0x00000000e7000000, 0x00000000e7000000|100%| S|CS|TAMS 0x00000000e6f00000, 0x00000000e6f00000| Complete 
| 112|0x00000000e7000000, 0x00000000e7100000, 0x00000000e7100000|100%| S|CS|TAMS 0x00000000e7000000, 0x00000000e7000000| Complete 
| 113|0x00000000e7100000, 0x00000000e7200000, 0x00000000e7200000|100%| S|CS|TAMS 0x00000000e7100000, 0x00000000e7100000| Complete 
| 114|0x00000000e7200000, 0x00000000e7300000, 0x00000000e7300000|100%| S|CS|TAMS 0x00000000e7200000, 0x00000000e7200000| Complete 
| 115|0x00000000e7300000, 0x00000000e7300000, 0x00000000e7400000|  0%| F|  |TAMS 0x00000000e7300000, 0x00000000e7300000| Untracked 
| 116|0x00000000e7400000, 0x00000000e7400000, 0x00000000e7500000|  0%| F|  |TAMS 0x00000000e7400000, 0x00000000e7400000| Untracked 
| 117|0x00000000e7500000, 0x00000000e7500000, 0x00000000e7600000|  0%| F|  |TAMS 0x00000000e7500000, 0x00000000e7500000| Untracked 
| 118|0x00000000e7600000, 0x00000000e7600000, 0x00000000e7700000|  0%| F|  |TAMS 0x00000000e7600000, 0x00000000e7600000| Untracked 
| 119|0x00000000e7700000, 0x00000000e7700000, 0x00000000e7800000|  0%| F|  |TAMS 0x00000000e7700000, 0x00000000e7700000| Untracked 
| 120|0x00000000e7800000, 0x00000000e7800000, 0x00000000e7900000|  0%| F|  |TAMS 0x00000000e7800000, 0x00000000e7800000| Untracked 
| 121|0x00000000e7900000, 0x00000000e7900000, 0x00000000e7a00000|  0%| F|  |TAMS 0x00000000e7900000, 0x00000000e7900000| Untracked 
| 122|0x00000000e7a00000, 0x00000000e7a00000, 0x00000000e7b00000|  0%| F|  |TAMS 0x00000000e7a00000, 0x00000000e7a00000| Untracked 
| 123|0x00000000e7b00000, 0x00000000e7b00000, 0x00000000e7c00000|  0%| F|  |TAMS 0x00000000e7b00000, 0x00000000e7b00000| Untracked 
| 124|0x00000000e7c00000, 0x00000000e7c00000, 0x00000000e7d00000|  0%| F|  |TAMS 0x00000000e7c00000, 0x00000000e7c00000| Untracked 
| 125|0x00000000e7d00000, 0x00000000e7d00000, 0x00000000e7e00000|  0%| F|  |TAMS 0x00000000e7d00000, 0x00000000e7d00000| Untracked 
| 126|0x00000000e7e00000, 0x00000000e7e00000, 0x00000000e7f00000|  0%| F|  |TAMS 0x00000000e7e00000, 0x00000000e7e00000| Untracked 
| 127|0x00000000e7f00000, 0x00000000e7f00000, 0x00000000e8000000|  0%| F|  |TAMS 0x00000000e7f00000, 0x00000000e7f00000| Untracked 
| 128|0x00000000e8000000, 0x00000000e8000000, 0x00000000e8100000|  0%| F|  |TAMS 0x00000000e8000000, 0x00000000e8000000| Untracked 
| 129|0x00000000e8100000, 0x00000000e8100000, 0x00000000e8200000|  0%| F|  |TAMS 0x00000000e8100000, 0x00000000e8100000| Untracked 
| 130|0x00000000e8200000, 0x00000000e8200000, 0x00000000e8300000|  0%| F|  |TAMS 0x00000000e8200000, 0x00000000e8200000| Untracked 
| 131|0x00000000e8300000, 0x00000000e8300000, 0x00000000e8400000|  0%| F|  |TAMS 0x00000000e8300000, 0x00000000e8300000| Untracked 
| 132|0x00000000e8400000, 0x00000000e8400000, 0x00000000e8500000|  0%| F|  |TAMS 0x00000000e8400000, 0x00000000e8400000| Untracked 
| 133|0x00000000e8500000, 0x00000000e8500000, 0x00000000e8600000|  0%| F|  |TAMS 0x00000000e8500000, 0x00000000e8500000| Untracked 
| 134|0x00000000e8600000, 0x00000000e8600000, 0x00000000e8700000|  0%| F|  |TAMS 0x00000000e8600000, 0x00000000e8600000| Untracked 
| 135|0x00000000e8700000, 0x00000000e8700000, 0x00000000e8800000|  0%| F|  |TAMS 0x00000000e8700000, 0x00000000e8700000| Untracked 
| 136|0x00000000e8800000, 0x00000000e8800000, 0x00000000e8900000|  0%| F|  |TAMS 0x00000000e8800000, 0x00000000e8800000| Untracked 
| 137|0x00000000e8900000, 0x00000000e8900000, 0x00000000e8a00000|  0%| F|  |TAMS 0x00000000e8900000, 0x00000000e8900000| Untracked 
| 138|0x00000000e8a00000, 0x00000000e8a00000, 0x00000000e8b00000|  0%| F|  |TAMS 0x00000000e8a00000, 0x00000000e8a00000| Untracked 
| 139|0x00000000e8b00000, 0x00000000e8b00000, 0x00000000e8c00000|  0%| F|  |TAMS 0x00000000e8b00000, 0x00000000e8b00000| Untracked 
| 140|0x00000000e8c00000, 0x00000000e8c00000, 0x00000000e8d00000|  0%| F|  |TAMS 0x00000000e8c00000, 0x00000000e8c00000| Untracked 
| 141|0x00000000e8d00000, 0x00000000e8d00000, 0x00000000e8e00000|  0%| F|  |TAMS 0x00000000e8d00000, 0x00000000e8d00000| Untracked 
| 142|0x00000000e8e00000, 0x00000000e8e00000, 0x00000000e8f00000|  0%| F|  |TAMS 0x00000000e8e00000, 0x00000000e8e00000| Untracked 
| 143|0x00000000e8f00000, 0x00000000e8f00000, 0x00000000e9000000|  0%| F|  |TAMS 0x00000000e8f00000, 0x00000000e8f00000| Untracked 
| 144|0x00000000e9000000, 0x00000000e9000000, 0x00000000e9100000|  0%| F|  |TAMS 0x00000000e9000000, 0x00000000e9000000| Untracked 
| 145|0x00000000e9100000, 0x00000000e9100000, 0x00000000e9200000|  0%| F|  |TAMS 0x00000000e9100000, 0x00000000e9100000| Untracked 
| 146|0x00000000e9200000, 0x00000000e9200000, 0x00000000e9300000|  0%| F|  |TAMS 0x00000000e9200000, 0x00000000e9200000| Untracked 
| 147|0x00000000e9300000, 0x00000000e9300000, 0x00000000e9400000|  0%| F|  |TAMS 0x00000000e9300000, 0x00000000e9300000| Untracked 
| 148|0x00000000e9400000, 0x00000000e9400000, 0x00000000e9500000|  0%| F|  |TAMS 0x00000000e9400000, 0x00000000e9400000| Untracked 
| 149|0x00000000e9500000, 0x00000000e9500000, 0x00000000e9600000|  0%| F|  |TAMS 0x00000000e9500000, 0x00000000e9500000| Untracked 
| 150|0x00000000e9600000, 0x00000000e9600000, 0x00000000e9700000|  0%| F|  |TAMS 0x00000000e9600000, 0x00000000e9600000| Untracked 
| 151|0x00000000e9700000, 0x00000000e9700000, 0x00000000e9800000|  0%| F|  |TAMS 0x00000000e9700000, 0x00000000e9700000| Untracked 
| 152|0x00000000e9800000, 0x00000000e9800000, 0x00000000e9900000|  0%| F|  |TAMS 0x00000000e9800000, 0x00000000e9800000| Untracked 
| 153|0x00000000e9900000, 0x00000000e9900000, 0x00000000e9a00000|  0%| F|  |TAMS 0x00000000e9900000, 0x00000000e9900000| Untracked 
| 154|0x00000000e9a00000, 0x00000000e9a00000, 0x00000000e9b00000|  0%| F|  |TAMS 0x00000000e9a00000, 0x00000000e9a00000| Untracked 
| 155|0x00000000e9b00000, 0x00000000e9b00000, 0x00000000e9c00000|  0%| F|  |TAMS 0x00000000e9b00000, 0x00000000e9b00000| Untracked 
| 156|0x00000000e9c00000, 0x00000000e9c00000, 0x00000000e9d00000|  0%| F|  |TAMS 0x00000000e9c00000, 0x00000000e9c00000| Untracked 
| 157|0x00000000e9d00000, 0x00000000e9d00000, 0x00000000e9e00000|  0%| F|  |TAMS 0x00000000e9d00000, 0x00000000e9d00000| Untracked 
| 158|0x00000000e9e00000, 0x00000000e9e00000, 0x00000000e9f00000|  0%| F|  |TAMS 0x00000000e9e00000, 0x00000000e9e00000| Untracked 
| 159|0x00000000e9f00000, 0x00000000e9f00000, 0x00000000ea000000|  0%| F|  |TAMS 0x00000000e9f00000, 0x00000000e9f00000| Untracked 
| 160|0x00000000ea000000, 0x00000000ea000000, 0x00000000ea100000|  0%| F|  |TAMS 0x00000000ea000000, 0x00000000ea000000| Untracked 
| 161|0x00000000ea100000, 0x00000000ea100000, 0x00000000ea200000|  0%| F|  |TAMS 0x00000000ea100000, 0x00000000ea100000| Untracked 
| 162|0x00000000ea200000, 0x00000000ea200000, 0x00000000ea300000|  0%| F|  |TAMS 0x00000000ea200000, 0x00000000ea200000| Untracked 
| 163|0x00000000ea300000, 0x00000000ea300000, 0x00000000ea400000|  0%| F|  |TAMS 0x00000000ea300000, 0x00000000ea300000| Untracked 
| 164|0x00000000ea400000, 0x00000000ea400000, 0x00000000ea500000|  0%| F|  |TAMS 0x00000000ea400000, 0x00000000ea400000| Untracked 
| 165|0x00000000ea500000, 0x00000000ea500000, 0x00000000ea600000|  0%| F|  |TAMS 0x00000000ea500000, 0x00000000ea500000| Untracked 
| 166|0x00000000ea600000, 0x00000000ea600000, 0x00000000ea700000|  0%| F|  |TAMS 0x00000000ea600000, 0x00000000ea600000| Untracked 
| 167|0x00000000ea700000, 0x00000000ea700000, 0x00000000ea800000|  0%| F|  |TAMS 0x00000000ea700000, 0x00000000ea700000| Untracked 
| 168|0x00000000ea800000, 0x00000000ea800000, 0x00000000ea900000|  0%| F|  |TAMS 0x00000000ea800000, 0x00000000ea800000| Untracked 
| 169|0x00000000ea900000, 0x00000000ea900000, 0x00000000eaa00000|  0%| F|  |TAMS 0x00000000ea900000, 0x00000000ea900000| Untracked 
| 170|0x00000000eaa00000, 0x00000000eaa00000, 0x00000000eab00000|  0%| F|  |TAMS 0x00000000eaa00000, 0x00000000eaa00000| Untracked 
| 171|0x00000000eab00000, 0x00000000eab00000, 0x00000000eac00000|  0%| F|  |TAMS 0x00000000eab00000, 0x00000000eab00000| Untracked 
| 172|0x00000000eac00000, 0x00000000eac00000, 0x00000000ead00000|  0%| F|  |TAMS 0x00000000eac00000, 0x00000000eac00000| Untracked 
| 173|0x00000000ead00000, 0x00000000ead00000, 0x00000000eae00000|  0%| F|  |TAMS 0x00000000ead00000, 0x00000000ead00000| Untracked 
| 174|0x00000000eae00000, 0x00000000eae00000, 0x00000000eaf00000|  0%| F|  |TAMS 0x00000000eae00000, 0x00000000eae00000| Untracked 
| 175|0x00000000eaf00000, 0x00000000eaf00000, 0x00000000eb000000|  0%| F|  |TAMS 0x00000000eaf00000, 0x00000000eaf00000| Untracked 
| 176|0x00000000eb000000, 0x00000000eb000000, 0x00000000eb100000|  0%| F|  |TAMS 0x00000000eb000000, 0x00000000eb000000| Untracked 
| 177|0x00000000eb100000, 0x00000000eb100000, 0x00000000eb200000|  0%| F|  |TAMS 0x00000000eb100000, 0x00000000eb100000| Untracked 
| 178|0x00000000eb200000, 0x00000000eb200000, 0x00000000eb300000|  0%| F|  |TAMS 0x00000000eb200000, 0x00000000eb200000| Untracked 
| 179|0x00000000eb300000, 0x00000000eb300000, 0x00000000eb400000|  0%| F|  |TAMS 0x00000000eb300000, 0x00000000eb300000| Untracked 
| 180|0x00000000eb400000, 0x00000000eb400000, 0x00000000eb500000|  0%| F|  |TAMS 0x00000000eb400000, 0x00000000eb400000| Untracked 
| 181|0x00000000eb500000, 0x00000000eb500000, 0x00000000eb600000|  0%| F|  |TAMS 0x00000000eb500000, 0x00000000eb500000| Untracked 
| 182|0x00000000eb600000, 0x00000000eb600000, 0x00000000eb700000|  0%| F|  |TAMS 0x00000000eb600000, 0x00000000eb600000| Untracked 
| 183|0x00000000eb700000, 0x00000000eb700000, 0x00000000eb800000|  0%| F|  |TAMS 0x00000000eb700000, 0x00000000eb700000| Untracked 
| 184|0x00000000eb800000, 0x00000000eb800000, 0x00000000eb900000|  0%| F|  |TAMS 0x00000000eb800000, 0x00000000eb800000| Untracked 
| 185|0x00000000eb900000, 0x00000000eb900000, 0x00000000eba00000|  0%| F|  |TAMS 0x00000000eb900000, 0x00000000eb900000| Untracked 
| 186|0x00000000eba00000, 0x00000000eba00000, 0x00000000ebb00000|  0%| F|  |TAMS 0x00000000eba00000, 0x00000000eba00000| Untracked 
| 187|0x00000000ebb00000, 0x00000000ebb00000, 0x00000000ebc00000|  0%| F|  |TAMS 0x00000000ebb00000, 0x00000000ebb00000| Untracked 
| 188|0x00000000ebc00000, 0x00000000ebc00000, 0x00000000ebd00000|  0%| F|  |TAMS 0x00000000ebc00000, 0x00000000ebc00000| Untracked 
| 189|0x00000000ebd00000, 0x00000000ebd00000, 0x00000000ebe00000|  0%| F|  |TAMS 0x00000000ebd00000, 0x00000000ebd00000| Untracked 
| 190|0x00000000ebe00000, 0x00000000ebe00000, 0x00000000ebf00000|  0%| F|  |TAMS 0x00000000ebe00000, 0x00000000ebe00000| Untracked 
| 191|0x00000000ebf00000, 0x00000000ebf00000, 0x00000000ec000000|  0%| F|  |TAMS 0x00000000ebf00000, 0x00000000ebf00000| Untracked 
| 192|0x00000000ec000000, 0x00000000ec000000, 0x00000000ec100000|  0%| F|  |TAMS 0x00000000ec000000, 0x00000000ec000000| Untracked 
| 193|0x00000000ec100000, 0x00000000ec100000, 0x00000000ec200000|  0%| F|  |TAMS 0x00000000ec100000, 0x00000000ec100000| Untracked 
| 194|0x00000000ec200000, 0x00000000ec200000, 0x00000000ec300000|  0%| F|  |TAMS 0x00000000ec200000, 0x00000000ec200000| Untracked 
| 195|0x00000000ec300000, 0x00000000ec300000, 0x00000000ec400000|  0%| F|  |TAMS 0x00000000ec300000, 0x00000000ec300000| Untracked 
| 196|0x00000000ec400000, 0x00000000ec400000, 0x00000000ec500000|  0%| F|  |TAMS 0x00000000ec400000, 0x00000000ec400000| Untracked 
| 197|0x00000000ec500000, 0x00000000ec500000, 0x00000000ec600000|  0%| F|  |TAMS 0x00000000ec500000, 0x00000000ec500000| Untracked 
| 198|0x00000000ec600000, 0x00000000ec600000, 0x00000000ec700000|  0%| F|  |TAMS 0x00000000ec600000, 0x00000000ec600000| Untracked 
| 199|0x00000000ec700000, 0x00000000ec700000, 0x00000000ec800000|  0%| F|  |TAMS 0x00000000ec700000, 0x00000000ec700000| Untracked 
| 200|0x00000000ec800000, 0x00000000ec800000, 0x00000000ec900000|  0%| F|  |TAMS 0x00000000ec800000, 0x00000000ec800000| Untracked 
| 201|0x00000000ec900000, 0x00000000ec900000, 0x00000000eca00000|  0%| F|  |TAMS 0x00000000ec900000, 0x00000000ec900000| Untracked 
| 202|0x00000000eca00000, 0x00000000eca00000, 0x00000000ecb00000|  0%| F|  |TAMS 0x00000000eca00000, 0x00000000eca00000| Untracked 
| 203|0x00000000ecb00000, 0x00000000ecb00000, 0x00000000ecc00000|  0%| F|  |TAMS 0x00000000ecb00000, 0x00000000ecb00000| Untracked 
| 204|0x00000000ecc00000, 0x00000000ecc00000, 0x00000000ecd00000|  0%| F|  |TAMS 0x00000000ecc00000, 0x00000000ecc00000| Untracked 
| 205|0x00000000ecd00000, 0x00000000ecd00000, 0x00000000ece00000|  0%| F|  |TAMS 0x00000000ecd00000, 0x00000000ecd00000| Untracked 
| 206|0x00000000ece00000, 0x00000000ece00000, 0x00000000ecf00000|  0%| F|  |TAMS 0x00000000ece00000, 0x00000000ece00000| Untracked 
| 207|0x00000000ecf00000, 0x00000000ecf00000, 0x00000000ed000000|  0%| F|  |TAMS 0x00000000ecf00000, 0x00000000ecf00000| Untracked 
| 208|0x00000000ed000000, 0x00000000ed000000, 0x00000000ed100000|  0%| F|  |TAMS 0x00000000ed000000, 0x00000000ed000000| Untracked 
| 209|0x00000000ed100000, 0x00000000ed100000, 0x00000000ed200000|  0%| F|  |TAMS 0x00000000ed100000, 0x00000000ed100000| Untracked 
| 210|0x00000000ed200000, 0x00000000ed200000, 0x00000000ed300000|  0%| F|  |TAMS 0x00000000ed200000, 0x00000000ed200000| Untracked 
| 211|0x00000000ed300000, 0x00000000ed300000, 0x00000000ed400000|  0%| F|  |TAMS 0x00000000ed300000, 0x00000000ed300000| Untracked 
| 212|0x00000000ed400000, 0x00000000ed400000, 0x00000000ed500000|  0%| F|  |TAMS 0x00000000ed400000, 0x00000000ed400000| Untracked 
| 213|0x00000000ed500000, 0x00000000ed500000, 0x00000000ed600000|  0%| F|  |TAMS 0x00000000ed500000, 0x00000000ed500000| Untracked 
| 214|0x00000000ed600000, 0x00000000ed600000, 0x00000000ed700000|  0%| F|  |TAMS 0x00000000ed600000, 0x00000000ed600000| Untracked 
| 215|0x00000000ed700000, 0x00000000ed700000, 0x00000000ed800000|  0%| F|  |TAMS 0x00000000ed700000, 0x00000000ed700000| Untracked 
| 216|0x00000000ed800000, 0x00000000ed800000, 0x00000000ed900000|  0%| F|  |TAMS 0x00000000ed800000, 0x00000000ed800000| Untracked 
| 217|0x00000000ed900000, 0x00000000ed900000, 0x00000000eda00000|  0%| F|  |TAMS 0x00000000ed900000, 0x00000000ed900000| Untracked 
| 218|0x00000000eda00000, 0x00000000edaf3c98, 0x00000000edb00000| 95%| E|  |TAMS 0x00000000eda00000, 0x00000000eda00000| Complete 
| 219|0x00000000edb00000, 0x00000000edc00000, 0x00000000edc00000|100%| E|CS|TAMS 0x00000000edb00000, 0x00000000edb00000| Complete 
| 220|0x00000000edc00000, 0x00000000edd00000, 0x00000000edd00000|100%| E|CS|TAMS 0x00000000edc00000, 0x00000000edc00000| Complete 
| 221|0x00000000edd00000, 0x00000000ede00000, 0x00000000ede00000|100%| E|CS|TAMS 0x00000000edd00000, 0x00000000edd00000| Complete 
| 222|0x00000000ede00000, 0x00000000edf00000, 0x00000000edf00000|100%| E|CS|TAMS 0x00000000ede00000, 0x00000000ede00000| Complete 
| 223|0x00000000edf00000, 0x00000000ee000000, 0x00000000ee000000|100%| E|CS|TAMS 0x00000000edf00000, 0x00000000edf00000| Complete 
| 224|0x00000000ee000000, 0x00000000ee100000, 0x00000000ee100000|100%| E|CS|TAMS 0x00000000ee000000, 0x00000000ee000000| Complete 
| 225|0x00000000ee100000, 0x00000000ee200000, 0x00000000ee200000|100%| E|CS|TAMS 0x00000000ee100000, 0x00000000ee100000| Complete 
| 226|0x00000000ee200000, 0x00000000ee300000, 0x00000000ee300000|100%| E|CS|TAMS 0x00000000ee200000, 0x00000000ee200000| Complete 
| 227|0x00000000ee300000, 0x00000000ee400000, 0x00000000ee400000|100%| E|CS|TAMS 0x00000000ee300000, 0x00000000ee300000| Complete 
| 228|0x00000000ee400000, 0x00000000ee500000, 0x00000000ee500000|100%| E|CS|TAMS 0x00000000ee400000, 0x00000000ee400000| Complete 
| 229|0x00000000ee500000, 0x00000000ee600000, 0x00000000ee600000|100%| E|CS|TAMS 0x00000000ee500000, 0x00000000ee500000| Complete 
| 230|0x00000000ee600000, 0x00000000ee700000, 0x00000000ee700000|100%| E|CS|TAMS 0x00000000ee600000, 0x00000000ee600000| Complete 
| 231|0x00000000ee700000, 0x00000000ee800000, 0x00000000ee800000|100%| E|  |TAMS 0x00000000ee700000, 0x00000000ee700000| Complete 
| 232|0x00000000ee800000, 0x00000000ee900000, 0x00000000ee900000|100%| E|CS|TAMS 0x00000000ee800000, 0x00000000ee800000| Complete 
| 233|0x00000000ee900000, 0x00000000eea00000, 0x00000000eea00000|100%| E|CS|TAMS 0x00000000ee900000, 0x00000000ee900000| Complete 
| 234|0x00000000eea00000, 0x00000000eeb00000, 0x00000000eeb00000|100%| E|CS|TAMS 0x00000000eea00000, 0x00000000eea00000| Complete 
| 235|0x00000000eeb00000, 0x00000000eec00000, 0x00000000eec00000|100%| E|CS|TAMS 0x00000000eeb00000, 0x00000000eeb00000| Complete 
| 236|0x00000000eec00000, 0x00000000eed00000, 0x00000000eed00000|100%| E|CS|TAMS 0x00000000eec00000, 0x00000000eec00000| Complete 
| 237|0x00000000eed00000, 0x00000000eee00000, 0x00000000eee00000|100%| E|CS|TAMS 0x00000000eed00000, 0x00000000eed00000| Complete 
| 238|0x00000000eee00000, 0x00000000eef00000, 0x00000000eef00000|100%| E|CS|TAMS 0x00000000eee00000, 0x00000000eee00000| Complete 
| 239|0x00000000eef00000, 0x00000000ef000000, 0x00000000ef000000|100%| E|CS|TAMS 0x00000000eef00000, 0x00000000eef00000| Complete 
| 240|0x00000000ef000000, 0x00000000ef100000, 0x00000000ef100000|100%| E|CS|TAMS 0x00000000ef000000, 0x00000000ef000000| Complete 
| 241|0x00000000ef100000, 0x00000000ef200000, 0x00000000ef200000|100%| E|CS|TAMS 0x00000000ef100000, 0x00000000ef100000| Complete 
| 242|0x00000000ef200000, 0x00000000ef300000, 0x00000000ef300000|100%| E|CS|TAMS 0x00000000ef200000, 0x00000000ef200000| Complete 
| 243|0x00000000ef300000, 0x00000000ef400000, 0x00000000ef400000|100%| E|CS|TAMS 0x00000000ef300000, 0x00000000ef300000| Complete 
| 244|0x00000000ef400000, 0x00000000ef500000, 0x00000000ef500000|100%| E|CS|TAMS 0x00000000ef400000, 0x00000000ef400000| Complete 
| 245|0x00000000ef500000, 0x00000000ef600000, 0x00000000ef600000|100%| E|CS|TAMS 0x00000000ef500000, 0x00000000ef500000| Complete 
| 246|0x00000000ef600000, 0x00000000ef700000, 0x00000000ef700000|100%| E|CS|TAMS 0x00000000ef600000, 0x00000000ef600000| Complete 
| 247|0x00000000ef700000, 0x00000000ef800000, 0x00000000ef800000|100%| E|CS|TAMS 0x00000000ef700000, 0x00000000ef700000| Complete 
| 248|0x00000000ef800000, 0x00000000ef900000, 0x00000000ef900000|100%| E|CS|TAMS 0x00000000ef800000, 0x00000000ef800000| Complete 
| 249|0x00000000ef900000, 0x00000000efa00000, 0x00000000efa00000|100%| E|CS|TAMS 0x00000000ef900000, 0x00000000ef900000| Complete 
| 250|0x00000000efa00000, 0x00000000efb00000, 0x00000000efb00000|100%| E|CS|TAMS 0x00000000efa00000, 0x00000000efa00000| Complete 
| 251|0x00000000efb00000, 0x00000000efc00000, 0x00000000efc00000|100%| E|CS|TAMS 0x00000000efb00000, 0x00000000efb00000| Complete 
| 252|0x00000000efc00000, 0x00000000efd00000, 0x00000000efd00000|100%| E|CS|TAMS 0x00000000efc00000, 0x00000000efc00000| Complete 
| 253|0x00000000efd00000, 0x00000000efe00000, 0x00000000efe00000|100%| E|CS|TAMS 0x00000000efd00000, 0x00000000efd00000| Complete 
| 254|0x00000000efe00000, 0x00000000eff00000, 0x00000000eff00000|100%| E|CS|TAMS 0x00000000efe00000, 0x00000000efe00000| Complete 
| 255|0x00000000eff00000, 0x00000000f0000000, 0x00000000f0000000|100%| E|CS|TAMS 0x00000000eff00000, 0x00000000eff00000| Complete 

Card table byte_map: [0x000001d847820000,0x000001d847920000] _byte_map_base: 0x000001d847120000

Marking Bits (Prev, Next): (CMBitMap*) 0x000001d830b56b10, (CMBitMap*) 0x000001d830b56b50
 Prev Bits: [0x000001d847a20000, 0x000001d848220000)
 Next Bits: [0x000001d848220000, 0x000001d848a20000)

Polling page: 0x000001d82e940000

Metaspace:

Usage:
  Non-class:     50.19 MB used.
      Class:      8.09 MB used.
       Both:     58.27 MB used.

Virtual space:
  Non-class space:       64.00 MB reserved,      50.50 MB ( 79%) committed,  1 nodes.
      Class space:      320.00 MB reserved,       8.31 MB (  3%) committed,  1 nodes.
             Both:      384.00 MB reserved,      58.81 MB ( 15%) committed. 

Chunk freelists:
   Non-Class:  13.48 MB
       Class:  7.69 MB
        Both:  21.18 MB

MaxMetaspaceSize: 384.00 MB
CompressedClassSpaceSize: 320.00 MB
Initial GC threshold: 21.00 MB
Current GC threshold: 59.62 MB
CDS: on
MetaspaceReclaimPolicy: balanced
 - commit_granule_bytes: 65536.
 - commit_granule_words: 8192.
 - virtual_space_node_default_size: 8388608.
 - enlarge_chunks_in_place: 1.
 - new_chunks_are_fully_committed: 0.
 - uncommit_free_chunks: 1.
 - use_allocation_guard: 0.
 - handle_deallocations: 1.


Internal statistics:

num_allocs_failed_limit: 9.
num_arena_births: 676.
num_arena_deaths: 0.
num_vsnodes_births: 2.
num_vsnodes_deaths: 0.
num_space_committed: 941.
num_space_uncommitted: 0.
num_chunks_returned_to_freelist: 9.
num_chunks_taken_from_freelist: 3205.
num_chunk_merges: 9.
num_chunk_splits: 2051.
num_chunks_enlarged: 1330.
num_inconsistent_stats: 0.

CodeHeap 'non-profiled nmethods': size=120000Kb used=3547Kb max_used=3547Kb free=116452Kb
 bounds [0x000001d83fec0000, 0x000001d840240000, 0x000001d8473f0000]
CodeHeap 'profiled nmethods': size=120000Kb used=16970Kb max_used=16970Kb free=103029Kb
 bounds [0x000001d8383f0000, 0x000001d839490000, 0x000001d83f920000]
CodeHeap 'non-nmethods': size=5760Kb used=2340Kb max_used=2382Kb free=3419Kb
 bounds [0x000001d83f920000, 0x000001d83fb90000, 0x000001d83fec0000]
 total_blobs=10670 nmethods=9813 adapters=769
 compilation: enabled
              stopped_count=0, restarted_count=0
 full_count=0

Compilation events (20 events):
Event: 11.600 Thread 0x000001d84b44c430 nmethod 10709 0x000001d83944c590 code [0x000001d83944c920, 0x000001d83944e468]
Event: 11.600 Thread 0x000001d84b44c430 10711       2       com.google.common.collect.Iterators::emptyListIterator (4 bytes)
Event: 11.600 Thread 0x000001d84b44c430 nmethod 10711 0x000001d83944ec10 code [0x000001d83944eda0, 0x000001d83944ee98]
Event: 11.600 Thread 0x000001d84b44c430 10710       2       org.gradle.api.internal.file.collections.UnpackingVisitor::<init> (38 bytes)
Event: 11.600 Thread 0x000001d84b44c430 nmethod 10710 0x000001d83944ef10 code [0x000001d83944f0c0, 0x000001d83944f398]
Event: 11.601 Thread 0x000001d84b44c430 10712       2       org.gradle.execution.plan.DefaultFinalizedExecutionPlan$ExecutionQueue::isEmpty (10 bytes)
Event: 11.601 Thread 0x000001d84b44c430 nmethod 10712 0x000001d83944f490 code [0x000001d83944f620, 0x000001d83944f748]
Event: 11.601 Thread 0x000001d84b44c430 10713       2       org.gradle.internal.operations.DefaultBuildOperationProgressEventEmitter::doEmit (21 bytes)
Event: 11.601 Thread 0x000001d84b44c430 nmethod 10713 0x000001d83944f810 code [0x000001d83944f9c0, 0x000001d83944fba8]
Event: 11.602 Thread 0x000001d84b44c430 10714       2       org.gradle.internal.resources.AbstractResourceLockRegistry::lockAcquired (37 bytes)
Event: 11.603 Thread 0x000001d84b44c430 nmethod 10714 0x000001d83944fc90 code [0x000001d83944fe60, 0x000001d839450088]
Event: 11.603 Thread 0x000001d84b44c430 10715       2       org.gradle.internal.resources.DefaultResourceLockCoordinationService$DefaultResourceLockState::registerLocked (57 bytes)
Event: 11.603 Thread 0x000001d84b44c430 nmethod 10715 0x000001d839450210 code [0x000001d8394503c0, 0x000001d8394506f8]
Event: 11.603 Thread 0x000001d84b44c430 10716   !   2       com.google.common.base.Suppliers$NonSerializableMemoizingSupplier::get (68 bytes)
Event: 11.603 Thread 0x000001d84b44c430 nmethod 10716 0x000001d839450810 code [0x000001d8394509c0, 0x000001d839450d28]
Event: 11.604 Thread 0x000001d84b44c430 10717       2       org.gradle.internal.fingerprint.impl.IgnoredPathFileSystemLocationFingerprint::<init> (15 bytes)
Event: 11.604 Thread 0x000001d84b44c430 nmethod 10717 0x000001d839450e10 code [0x000001d839450fa0, 0x000001d839451158]
Event: 11.605 Thread 0x000001d84b44c430 10718       2       org.gradle.api.internal.file.pattern.FixedStepPathMatcher::matches (54 bytes)
Event: 11.606 Thread 0x000001d84b44c430 nmethod 10718 0x000001d839451210 code [0x000001d8394513c0, 0x000001d8394515d8]
Event: 11.610 Thread 0x000001d84b44c430 10719       2       org.gradle.api.internal.file.collections.UnpackingVisitor$SingleFileResolvingFileCollection::<init> (18 bytes)

GC Heap History (20 events):
Event: 0.876 GC heap before
{Heap before GC invocations=1 (full 0):
 garbage-first heap   total 262144K, used 38508K [0x00000000e0000000, 0x0000000100000000)
  region size 1024K, 32 young (32768K), 3 survivors (3072K)
 Metaspace       used 4423K, committed 4608K, reserved 393216K
  class space    used 549K, committed 640K, reserved 327680K
}
Event: 0.880 GC heap after
{Heap after GC invocations=2 (full 0):
 garbage-first heap   total 262144K, used 11440K [0x00000000e0000000, 0x0000000100000000)
  region size 1024K, 3 young (3072K), 3 survivors (3072K)
 Metaspace       used 4423K, committed 4608K, reserved 393216K
  class space    used 549K, committed 640K, reserved 327680K
}
Event: 1.587 GC heap before
{Heap before GC invocations=2 (full 0):
 garbage-first heap   total 262144K, used 57520K [0x00000000e0000000, 0x0000000100000000)
  region size 1024K, 46 young (47104K), 3 survivors (3072K)
 Metaspace       used 6485K, committed 6720K, reserved 393216K
  class space    used 862K, committed 960K, reserved 327680K
}
Event: 1.592 GC heap after
{Heap after GC invocations=3 (full 0):
 garbage-first heap   total 262144K, used 17763K [0x00000000e0000000, 0x0000000100000000)
  region size 1024K, 6 young (6144K), 6 survivors (6144K)
 Metaspace       used 6485K, committed 6720K, reserved 393216K
  class space    used 862K, committed 960K, reserved 327680K
}
Event: 3.736 GC heap before
{Heap before GC invocations=3 (full 0):
 garbage-first heap   total 262144K, used 115043K [0x00000000e0000000, 0x0000000100000000)
  region size 1024K, 102 young (104448K), 6 survivors (6144K)
 Metaspace       used 21182K, committed 21504K, reserved 393216K
  class space    used 3073K, committed 3264K, reserved 327680K
}
Event: 3.746 GC heap after
{Heap after GC invocations=4 (full 0):
 garbage-first heap   total 262144K, used 23984K [0x00000000e0000000, 0x0000000100000000)
  region size 1024K, 13 young (13312K), 13 survivors (13312K)
 Metaspace       used 21182K, committed 21504K, reserved 393216K
  class space    used 3073K, committed 3264K, reserved 327680K
}
Event: 5.480 GC heap before
{Heap before GC invocations=5 (full 0):
 garbage-first heap   total 262144K, used 141744K [0x00000000e0000000, 0x0000000100000000)
  region size 1024K, 130 young (133120K), 13 survivors (13312K)
 Metaspace       used 35744K, committed 36096K, reserved 393216K
  class space    used 5071K, committed 5248K, reserved 327680K
}
Event: 5.496 GC heap after
{Heap after GC invocations=6 (full 0):
 garbage-first heap   total 262144K, used 32727K [0x00000000e0000000, 0x0000000100000000)
  region size 1024K, 15 young (15360K), 15 survivors (15360K)
 Metaspace       used 35744K, committed 36096K, reserved 393216K
  class space    used 5071K, committed 5248K, reserved 327680K
}
Event: 5.519 GC heap before
{Heap before GC invocations=6 (full 0):
 garbage-first heap   total 262144K, used 33751K [0x00000000e0000000, 0x0000000100000000)
  region size 1024K, 16 young (16384K), 15 survivors (15360K)
 Metaspace       used 35861K, committed 36224K, reserved 393216K
  class space    used 5089K, committed 5248K, reserved 327680K
}
Event: 5.531 GC heap after
{Heap after GC invocations=7 (full 0):
 garbage-first heap   total 262144K, used 32863K [0x00000000e0000000, 0x0000000100000000)
  region size 1024K, 2 young (2048K), 2 survivors (2048K)
 Metaspace       used 35861K, committed 36224K, reserved 393216K
  class space    used 5089K, committed 5248K, reserved 327680K
}
Event: 5.572 GC heap before
{Heap before GC invocations=7 (full 0):
 garbage-first heap   total 262144K, used 33887K [0x00000000e0000000, 0x0000000100000000)
  region size 1024K, 4 young (4096K), 2 survivors (2048K)
 Metaspace       used 36049K, committed 36416K, reserved 393216K
  class space    used 5116K, committed 5312K, reserved 327680K
}
Event: 5.573 GC heap after
{Heap after GC invocations=8 (full 0):
 garbage-first heap   total 262144K, used 31441K [0x00000000e0000000, 0x0000000100000000)
  region size 1024K, 1 young (1024K), 1 survivors (1024K)
 Metaspace       used 36049K, committed 36416K, reserved 393216K
  class space    used 5116K, committed 5312K, reserved 327680K
}
Event: 7.990 GC heap before
{Heap before GC invocations=9 (full 0):
 garbage-first heap   total 262144K, used 193233K [0x00000000e0000000, 0x0000000100000000)
  region size 1024K, 153 young (156672K), 1 survivors (1024K)
 Metaspace       used 50131K, committed 50624K, reserved 393216K
  class space    used 7128K, committed 7360K, reserved 327680K
}
Event: 8.000 GC heap after
{Heap after GC invocations=10 (full 0):
 garbage-first heap   total 262144K, used 40249K [0x00000000e0000000, 0x0000000100000000)
  region size 1024K, 10 young (10240K), 10 survivors (10240K)
 Metaspace       used 50131K, committed 50624K, reserved 393216K
  class space    used 7128K, committed 7360K, reserved 327680K
}
Event: 8.021 GC heap before
{Heap before GC invocations=10 (full 0):
 garbage-first heap   total 262144K, used 41273K [0x00000000e0000000, 0x0000000100000000)
  region size 1024K, 12 young (12288K), 10 survivors (10240K)
 Metaspace       used 50613K, committed 51072K, reserved 393216K
  class space    used 7166K, committed 7360K, reserved 327680K
}
Event: 8.031 GC heap after
{Heap after GC invocations=11 (full 0):
 garbage-first heap   total 262144K, used 40977K [0x00000000e0000000, 0x0000000100000000)
  region size 1024K, 1 young (1024K), 1 survivors (1024K)
 Metaspace       used 50613K, committed 51072K, reserved 393216K
  class space    used 7166K, committed 7360K, reserved 327680K
}
Event: 9.905 GC heap before
{Heap before GC invocations=11 (full 0):
 garbage-first heap   total 262144K, used 196625K [0x00000000e0000000, 0x0000000100000000)
  region size 1024K, 153 young (156672K), 1 survivors (1024K)
 Metaspace       used 55305K, committed 55872K, reserved 393216K
  class space    used 7615K, committed 7872K, reserved 327680K
}
Event: 9.929 GC heap after
{Heap after GC invocations=12 (full 0):
 garbage-first heap   total 262144K, used 51598K [0x00000000e0000000, 0x0000000100000000)
  region size 1024K, 12 young (12288K), 12 survivors (12288K)
 Metaspace       used 55305K, committed 55872K, reserved 393216K
  class space    used 7615K, committed 7872K, reserved 327680K
}
Event: 11.459 GC heap before
{Heap before GC invocations=12 (full 0):
 garbage-first heap   total 262144K, used 199054K [0x00000000e0000000, 0x0000000100000000)
  region size 1024K, 153 young (156672K), 12 survivors (12288K)
 Metaspace       used 59622K, committed 60160K, reserved 393216K
  class space    used 8280K, committed 8512K, reserved 327680K
}
Event: 11.473 GC heap after
{Heap after GC invocations=13 (full 0):
 garbage-first heap   total 262144K, used 54567K [0x00000000e0000000, 0x0000000100000000)
  region size 1024K, 7 young (7168K), 7 survivors (7168K)
 Metaspace       used 59622K, committed 60160K, reserved 393216K
  class space    used 8280K, committed 8512K, reserved 327680K
}

Deoptimization events (20 events):
Event: 11.355 Thread 0x000001d8682d6440 Uncommon trap: trap_request=0xffffff45 fr.pc=0x000001d83ff29d50 relative=0x0000000000000610
Event: 11.355 Thread 0x000001d8682d6440 Uncommon trap: reason=unstable_if action=reinterpret pc=0x000001d83ff29d50 method=java.util.jar.Manifest$FastInputStream.readLine([BII)I @ 130 c2
Event: 11.355 Thread 0x000001d8682d6440 DEOPT PACKING pc=0x000001d83ff29d50 sp=0x0000003679efb120
Event: 11.355 Thread 0x000001d8682d6440 DEOPT UNPACKING pc=0x000001d83f9723a3 sp=0x0000003679efb0b0 mode 2
Event: 11.452 Thread 0x000001d8682d6440 Uncommon trap: trap_request=0xffffff45 fr.pc=0x000001d83ff949b8 relative=0x0000000000000218
Event: 11.452 Thread 0x000001d8682d6440 Uncommon trap: reason=unstable_if action=reinterpret pc=0x000001d83ff949b8 method=java.util.StringTokenizer.scanToken(I)I @ 42 c2
Event: 11.452 Thread 0x000001d8682d6440 DEOPT PACKING pc=0x000001d83ff949b8 sp=0x0000003679efc330
Event: 11.452 Thread 0x000001d8682d6440 DEOPT UNPACKING pc=0x000001d83f9723a3 sp=0x0000003679efc2c0 mode 2
Event: 11.526 Thread 0x000001d8682d6440 Uncommon trap: trap_request=0xffffff45 fr.pc=0x000001d840230acc relative=0x000000000000304c
Event: 11.526 Thread 0x000001d8682d6440 Uncommon trap: reason=unstable_if action=reinterpret pc=0x000001d840230acc method=java.util.ImmutableCollections$MapN.probe(Ljava/lang/Object;)I @ 52 c2
Event: 11.526 Thread 0x000001d8682d6440 DEOPT PACKING pc=0x000001d840230acc sp=0x0000003679efb920
Event: 11.526 Thread 0x000001d8682d6440 DEOPT UNPACKING pc=0x000001d83f9723a3 sp=0x0000003679efb748 mode 2
Event: 11.542 Thread 0x000001d8682d6440 DEOPT PACKING pc=0x000001d838681a6b sp=0x0000003679efb1b0
Event: 11.542 Thread 0x000001d8682d6440 DEOPT UNPACKING pc=0x000001d83f972b43 sp=0x0000003679efa720 mode 0
Event: 11.599 Thread 0x000001d8682d6440 DEOPT PACKING pc=0x000001d8393b5a50 sp=0x0000003679efb840
Event: 11.599 Thread 0x000001d8682d6440 DEOPT UNPACKING pc=0x000001d83f972b43 sp=0x0000003679efad90 mode 0
Event: 11.604 Thread 0x000001d8682d0e30 Uncommon trap: trap_request=0xffffffc6 fr.pc=0x000001d8401e757c relative=0x00000000000001bc
Event: 11.604 Thread 0x000001d8682d0e30 Uncommon trap: reason=bimorphic_or_optimized_type_check action=maybe_recompile pc=0x000001d8401e757c method=java.io.BufferedInputStream.read1([BII)I @ 39 c2
Event: 11.604 Thread 0x000001d8682d0e30 DEOPT PACKING pc=0x000001d8401e757c sp=0x000000367a2fe020
Event: 11.604 Thread 0x000001d8682d0e30 DEOPT UNPACKING pc=0x000001d83f9723a3 sp=0x000000367a2fdfa8 mode 2

Classes unloaded (0 events):
No events

Classes redefined (0 events):
No events

Internal exceptions (20 events):
Event: 11.311 Thread 0x000001d8682d6440 Exception <a 'java/io/FileNotFoundException'{0x00000000e850e9a8}> (0x00000000e850e9a8) 
thrown [s\open\src\hotspot\share\prims\jni.cpp, line 516]
Event: 11.311 Thread 0x000001d8682d6440 Exception <a 'java/io/FileNotFoundException'{0x00000000e850ff30}> (0x00000000e850ff30) 
thrown [s\open\src\hotspot\share\prims\jni.cpp, line 516]
Event: 11.399 Thread 0x000001d8682d6440 Exception <a 'java/io/FileNotFoundException'{0x00000000e7d43cb0}> (0x00000000e7d43cb0) 
thrown [s\open\src\hotspot\share\prims\jni.cpp, line 516]
Event: 11.399 Thread 0x000001d8682d6440 Exception <a 'java/io/FileNotFoundException'{0x00000000e7d45238}> (0x00000000e7d45238) 
thrown [s\open\src\hotspot\share\prims\jni.cpp, line 516]
Event: 11.438 Thread 0x000001d8682d6440 Exception <a 'java/lang/NoSuchMethodError'{0x00000000e75a9480}: static Lorg/springframework/boot/gradle/tasks/bundling/LayeredSpec$ApplicationSpec_Decorated;.<clinit>()V> (0x00000000e75a9480) 
thrown [s\open\src\hotspot\share\prims\jni.cpp, line 1112]
Event: 11.438 Thread 0x000001d8682d6440 Exception <a 'java/lang/NoSuchMethodError'{0x00000000e75ae4c0}: static Lorg/springframework/boot/gradle/tasks/bundling/LayeredSpec$ApplicationSpec;.<clinit>()V> (0x00000000e75ae4c0) 
thrown [s\open\src\hotspot\share\prims\jni.cpp, line 1112]
Event: 11.438 Thread 0x000001d8682d6440 Exception <a 'java/lang/NoSuchMethodError'{0x00000000e75b0638}: static Lorg/springframework/boot/gradle/tasks/bundling/LayeredSpec$IntoLayersSpec;.<clinit>()V> (0x00000000e75b0638) 
thrown [s\open\src\hotspot\share\prims\jni.cpp, line 1112]
Event: 11.440 Thread 0x000001d8682d6440 Exception <a 'java/lang/NoSuchMethodError'{0x00000000e75cc268}: static Lorg/springframework/boot/gradle/tasks/bundling/LayeredSpec$ApplicationSpec$IntoLayerSpecFactory;.<clinit>()V> (0x00000000e75cc268) 
thrown [s\open\src\hotspot\share\prims\jni.cpp, line 1112]
Event: 11.441 Thread 0x000001d8682d6440 Exception <a 'java/lang/NoSuchMethodError'{0x00000000e75e8e98}: static Lorg/springframework/boot/gradle/tasks/bundling/LayeredSpec$DependenciesSpec_Decorated;.<clinit>()V> (0x00000000e75e8e98) 
thrown [s\open\src\hotspot\share\prims\jni.cpp, line 1112]
Event: 11.441 Thread 0x000001d8682d6440 Exception <a 'java/lang/NoSuchMethodError'{0x00000000e75edf80}: static Lorg/springframework/boot/gradle/tasks/bundling/LayeredSpec$DependenciesSpec;.<clinit>()V> (0x00000000e75edf80) 
thrown [s\open\src\hotspot\share\prims\jni.cpp, line 1112]
Event: 11.442 Thread 0x000001d8682d6440 Exception <a 'java/lang/NoSuchMethodError'{0x00000000e75faa20}: static Lorg/springframework/boot/gradle/tasks/bundling/LayeredSpec$DependenciesSpec$IntoLayerSpecFactory;.<clinit>()V> (0x00000000e75faa20) 
thrown [s\open\src\hotspot\share\prims\jni.cpp, line 1112]
Event: 11.444 Thread 0x000001d8682d6440 Exception <a 'java/lang/NoSuchMethodError'{0x00000000e74156f0}: 'java.lang.Object java.lang.invoke.Invokers$Holder.invokeExact_MT(java.lang.Object, java.lang.Object, java.lang.Object)'> (0x00000000e74156f0) 
thrown [s\open\src\hotspot\share\interpreter\linkResolver.cpp, line 759]
Event: 11.454 Thread 0x000001d8682d6440 Exception <a 'java/io/FileNotFoundException'{0x00000000e74eaa08}> (0x00000000e74eaa08) 
thrown [s\open\src\hotspot\share\prims\jni.cpp, line 516]
Event: 11.454 Thread 0x000001d8682d6440 Exception <a 'java/io/FileNotFoundException'{0x00000000e74ec0c0}> (0x00000000e74ec0c0) 
thrown [s\open\src\hotspot\share\prims\jni.cpp, line 516]
Event: 11.500 Thread 0x000001d8682d6440 Exception <a 'java/io/FileNotFoundException'{0x00000000ef895758}> (0x00000000ef895758) 
thrown [s\open\src\hotspot\share\prims\jni.cpp, line 516]
Event: 11.500 Thread 0x000001d8682d6440 Exception <a 'java/io/FileNotFoundException'{0x00000000ef896c88}> (0x00000000ef896c88) 
thrown [s\open\src\hotspot\share\prims\jni.cpp, line 516]
Event: 11.528 Thread 0x000001d8682d6440 Exception <a 'java/io/FileNotFoundException'{0x00000000ef0ccf70}> (0x00000000ef0ccf70) 
thrown [s\open\src\hotspot\share\prims\jni.cpp, line 516]
Event: 11.528 Thread 0x000001d8682d6440 Exception <a 'java/io/FileNotFoundException'{0x00000000ef0ce4f8}> (0x00000000ef0ce4f8) 
thrown [s\open\src\hotspot\share\prims\jni.cpp, line 516]
Event: 11.558 Thread 0x000001d8682d6440 Exception <a 'java/io/FileNotFoundException'{0x00000000ee8faba0}> (0x00000000ee8faba0) 
thrown [s\open\src\hotspot\share\prims\jni.cpp, line 516]
Event: 11.558 Thread 0x000001d8682d6440 Exception <a 'java/io/FileNotFoundException'{0x00000000ee8fc128}> (0x00000000ee8fc128) 
thrown [s\open\src\hotspot\share\prims\jni.cpp, line 516]

VM Operations (20 events):
Event: 10.921 Executing VM operation: HandshakeAllThreads
Event: 10.921 Executing VM operation: HandshakeAllThreads done
Event: 10.931 Executing VM operation: ICBufferFull
Event: 10.931 Executing VM operation: ICBufferFull done
Event: 11.022 Executing VM operation: HandshakeAllThreads
Event: 11.023 Executing VM operation: HandshakeAllThreads done
Event: 11.063 Executing VM operation: ICBufferFull
Event: 11.063 Executing VM operation: ICBufferFull done
Event: 11.159 Executing VM operation: HandshakeAllThreads
Event: 11.159 Executing VM operation: HandshakeAllThreads done
Event: 11.180 Executing VM operation: HandshakeAllThreads
Event: 11.180 Executing VM operation: HandshakeAllThreads done
Event: 11.237 Executing VM operation: ICBufferFull
Event: 11.238 Executing VM operation: ICBufferFull done
Event: 11.249 Executing VM operation: HandshakeAllThreads
Event: 11.250 Executing VM operation: HandshakeAllThreads done
Event: 11.288 Executing VM operation: ICBufferFull
Event: 11.288 Executing VM operation: ICBufferFull done
Event: 11.459 Executing VM operation: G1CollectForAllocation
Event: 11.473 Executing VM operation: G1CollectForAllocation done

Events (20 events):
Event: 11.057 loading class java/io/ObjectStreamClass$5
Event: 11.057 loading class java/io/ObjectStreamClass$5 done
Event: 11.057 loading class java/io/ObjectStreamClass$ClassDataSlot
Event: 11.057 loading class java/io/ObjectStreamClass$ClassDataSlot done
Event: 11.202 loading class java/util/PriorityQueue
Event: 11.202 loading class java/util/PriorityQueue done
Event: 11.210 loading class java/nio/file/FileTreeWalker$1
Event: 11.210 loading class java/nio/file/FileTreeWalker$1 done
Event: 11.224 loading class java/io/CharArrayWriter
Event: 11.224 loading class java/io/CharArrayWriter done
Event: 11.438 loading class jdk/internal/reflect/UnsafeQualifiedStaticLongFieldAccessorImpl
Event: 11.438 loading class jdk/internal/reflect/UnsafeQualifiedStaticLongFieldAccessorImpl done
Event: 11.439 loading class java/io/SerialCallbackContext
Event: 11.439 loading class java/io/SerialCallbackContext done
Event: 11.449 loading class java/util/ImmutableCollections$Access
Event: 11.449 loading class java/util/ImmutableCollections$Access done
Event: 11.449 loading class java/util/ImmutableCollections$Access$1
Event: 11.450 loading class jdk/internal/access/JavaUtilCollectionAccess
Event: 11.450 loading class jdk/internal/access/JavaUtilCollectionAccess done
Event: 11.450 loading class java/util/ImmutableCollections$Access$1 done


Dynamic libraries:
0x00007ff64a3d0000 - 0x00007ff64a3e0000 	C:\Program Files\Java\jdk-17\bin\java.exe
0x00007ff95cb10000 - 0x00007ff95cd08000 	C:\WINDOWS\SYSTEM32\ntdll.dll
0x00007ff95c000000 - 0x00007ff95c0c2000 	C:\WINDOWS\System32\KERNEL32.DLL
0x00007ff95a220000 - 0x00007ff95a516000 	C:\WINDOWS\System32\KERNELBASE.dll
0x00007ff95a720000 - 0x00007ff95a820000 	C:\WINDOWS\System32\ucrtbase.dll
0x00007ff952e40000 - 0x00007ff952e5b000 	C:\Program Files\Java\jdk-17\bin\VCRUNTIME140.dll
0x00007ff952660000 - 0x00007ff952679000 	C:\Program Files\Java\jdk-17\bin\jli.dll
0x00007ff95b2e0000 - 0x00007ff95b38f000 	C:\WINDOWS\System32\ADVAPI32.dll
0x00007ff95bf60000 - 0x00007ff95bffe000 	C:\WINDOWS\System32\msvcrt.dll
0x00007ff95c2f0000 - 0x00007ff95c38f000 	C:\WINDOWS\System32\sechost.dll
0x00007ff95c7b0000 - 0x00007ff95c8d3000 	C:\WINDOWS\System32\RPCRT4.dll
0x00007ff95a640000 - 0x00007ff95a667000 	C:\WINDOWS\System32\bcrypt.dll
0x00007ff95b140000 - 0x00007ff95b2dd000 	C:\WINDOWS\System32\USER32.dll
0x00007ff95ab00000 - 0x00007ff95ab22000 	C:\WINDOWS\System32\win32u.dll
0x00007ff94bf50000 - 0x00007ff94c1ea000 	C:\WINDOWS\WinSxS\amd64_microsoft.windows.common-controls_6595b64144ccf1df_6.0.19041.4355_none_60b8b9eb71f62e16\COMCTL32.dll
0x00007ff95ab60000 - 0x00007ff95ab8b000 	C:\WINDOWS\System32\GDI32.dll
0x00007ff95a520000 - 0x00007ff95a63a000 	C:\WINDOWS\System32\gdi32full.dll
0x00007ff95a820000 - 0x00007ff95a8bd000 	C:\WINDOWS\System32\msvcp_win.dll
0x00007ff9505c0000 - 0x00007ff9505ca000 	C:\WINDOWS\SYSTEM32\VERSION.dll
0x00007ff95ab30000 - 0x00007ff95ab5f000 	C:\WINDOWS\System32\IMM32.DLL
0x00007ff9556d0000 - 0x00007ff9556dc000 	C:\Program Files\Java\jdk-17\bin\vcruntime140_1.dll
0x00007ff950fd0000 - 0x00007ff95105e000 	C:\Program Files\Java\jdk-17\bin\msvcp140.dll
0x00007ff926ed0000 - 0x00007ff927ab0000 	C:\Program Files\Java\jdk-17\bin\server\jvm.dll
0x00007ff95c6b0000 - 0x00007ff95c6b8000 	C:\WINDOWS\System32\PSAPI.DLL
0x00007ff94d910000 - 0x00007ff94d937000 	C:\WINDOWS\SYSTEM32\WINMM.dll
0x00007ff953f70000 - 0x00007ff953f79000 	C:\WINDOWS\SYSTEM32\WSOCK32.dll
0x00007ff95c280000 - 0x00007ff95c2eb000 	C:\WINDOWS\System32\WS2_32.dll
0x00007ff9584f0000 - 0x00007ff958502000 	C:\WINDOWS\SYSTEM32\kernel.appcore.dll
0x00007ff952650000 - 0x00007ff95265a000 	C:\Program Files\Java\jdk-17\bin\jimage.dll
0x00007ff957d00000 - 0x00007ff957ee4000 	C:\WINDOWS\SYSTEM32\DBGHELP.DLL
0x00007ff944b00000 - 0x00007ff944b34000 	C:\WINDOWS\SYSTEM32\dbgcore.DLL
0x00007ff95a8c0000 - 0x00007ff95a942000 	C:\WINDOWS\System32\bcryptPrimitives.dll
0x00007ff9522c0000 - 0x00007ff9522ce000 	C:\Program Files\Java\jdk-17\bin\instrument.dll
0x00007ff94e7f0000 - 0x00007ff94e815000 	C:\Program Files\Java\jdk-17\bin\java.dll
0x00007ff9394f0000 - 0x00007ff9395c7000 	C:\Program Files\Java\jdk-17\bin\jsvml.dll
0x00007ff95b700000 - 0x00007ff95be6f000 	C:\WINDOWS\System32\SHELL32.dll
0x00007ff957540000 - 0x00007ff957ce3000 	C:\WINDOWS\SYSTEM32\windows.storage.dll
0x00007ff95b3a0000 - 0x00007ff95b6f5000 	C:\WINDOWS\System32\combase.dll
0x00007ff959ad0000 - 0x00007ff959afb000 	C:\WINDOWS\SYSTEM32\Wldp.dll
0x00007ff95be70000 - 0x00007ff95bf3d000 	C:\WINDOWS\System32\OLEAUT32.dll
0x00007ff95c5a0000 - 0x00007ff95c64d000 	C:\WINDOWS\System32\SHCORE.dll
0x00007ff95c8e0000 - 0x00007ff95c935000 	C:\WINDOWS\System32\shlwapi.dll
0x00007ff95a0d0000 - 0x00007ff95a0f5000 	C:\WINDOWS\SYSTEM32\profapi.dll
0x00007ff9522a0000 - 0x00007ff9522b8000 	C:\Program Files\Java\jdk-17\bin\zip.dll
0x00007ff951830000 - 0x00007ff951849000 	C:\Program Files\Java\jdk-17\bin\net.dll
0x00007ff9513d0000 - 0x00007ff9514da000 	C:\WINDOWS\SYSTEM32\WINHTTP.dll
0x00007ff9597c0000 - 0x00007ff95982c000 	C:\WINDOWS\system32\mswsock.dll
0x00007ff94e7d0000 - 0x00007ff94e7e6000 	C:\Program Files\Java\jdk-17\bin\nio.dll
0x00007ff9521d0000 - 0x00007ff9521e0000 	C:\Program Files\Java\jdk-17\bin\verify.dll
0x00007ff954ef0000 - 0x00007ff954f17000 	C:\Users\Honor\.gradle\native\1def1411415f61bf3af743bc5b6707747c0891f09f0c88961ee8f79bc544acac\windows-amd64\native-platform.dll
0x00007ff94c8b0000 - 0x00007ff94c928000 	C:\Users\Honor\.gradle\native\0.2.7\x86_64-windows-gnu\gradle-fileevents.dll
0x00007ff950fc0000 - 0x00007ff950fca000 	C:\Program Files\Java\jdk-17\bin\management.dll
0x00007ff94e700000 - 0x00007ff94e70b000 	C:\Program Files\Java\jdk-17\bin\management_ext.dll
0x00007ff9594b0000 - 0x00007ff9594eb000 	C:\WINDOWS\SYSTEM32\IPHLPAPI.DLL
0x00007ff95ab90000 - 0x00007ff95ab98000 	C:\WINDOWS\System32\NSI.dll
0x00007ff952190000 - 0x00007ff9521a7000 	C:\WINDOWS\SYSTEM32\dhcpcsvc6.DLL
0x00007ff951f50000 - 0x00007ff951f6d000 	C:\WINDOWS\SYSTEM32\dhcpcsvc.DLL
0x00007ff9594f0000 - 0x00007ff9595ba000 	C:\WINDOWS\SYSTEM32\DNSAPI.dll
0x00007ff959a20000 - 0x00007ff959a38000 	C:\WINDOWS\SYSTEM32\CRYPTSP.dll
0x00007ff959a00000 - 0x00007ff959a17000 	C:\Program Files\Common Files\Crypto Pro\AppCompat\cpadvai.dll
0x00007ff9590e0000 - 0x00007ff959118000 	C:\WINDOWS\system32\rsaenh.dll
0x00007ff95a090000 - 0x00007ff95a0be000 	C:\WINDOWS\SYSTEM32\USERENV.dll
0x00007ff959a40000 - 0x00007ff959a4c000 	C:\WINDOWS\SYSTEM32\CRYPTBASE.dll
0x00007ff94e6f0000 - 0x00007ff94e6fe000 	C:\Program Files\Java\jdk-17\bin\sunmscapi.dll
0x00007ff95a950000 - 0x00007ff95aaad000 	C:\WINDOWS\System32\CRYPT32.dll
0x00007ff959b40000 - 0x00007ff959b67000 	C:\WINDOWS\SYSTEM32\ncrypt.dll
0x00007ff959b70000 - 0x00007ff959b91000 	C:\Program Files\Common Files\Crypto Pro\AppCompat\cpcrypt.dll
0x00007ff959b00000 - 0x00007ff959b3b000 	C:\WINDOWS\SYSTEM32\NTASN1.dll
0x00007ff94ba40000 - 0x00007ff94ba47000 	C:\WINDOWS\system32\wshunix.dll

dbghelp: loaded successfully - version: 4.0.5 - missing functions: none
symbol engine: initialized successfully - sym options: 0x614 - pdb path: .;C:\Program Files\Java\jdk-17\bin;C:\WINDOWS\SYSTEM32;C:\WINDOWS\WinSxS\amd64_microsoft.windows.common-controls_6595b64144ccf1df_6.0.19041.4355_none_60b8b9eb71f62e16;C:\Program Files\Java\jdk-17\bin\server;C:\Users\Honor\.gradle\native\1def1411415f61bf3af743bc5b6707747c0891f09f0c88961ee8f79bc544acac\windows-amd64;C:\Users\Honor\.gradle\native\0.2.7\x86_64-windows-gnu;C:\Program Files\Common Files\Crypto Pro\AppCompat

VM Arguments:
jvm_args: --add-opens=java.base/java.lang=ALL-UNNAMED --add-opens=java.base/java.lang.invoke=ALL-UNNAMED --add-opens=java.base/java.util=ALL-UNNAMED --add-opens=java.prefs/java.util.prefs=ALL-UNNAMED --add-exports=jdk.compiler/com.sun.tools.javac.api=ALL-UNNAMED --add-exports=jdk.compiler/com.sun.tools.javac.util=ALL-UNNAMED --add-opens=java.base/java.util=ALL-UNNAMED --add-opens=java.prefs/java.util.prefs=ALL-UNNAMED --add-opens=java.base/java.nio.charset=ALL-UNNAMED --add-opens=java.base/java.net=ALL-UNNAMED --add-opens=java.base/java.util.concurrent.atomic=ALL-UNNAMED --add-opens=java.xml/javax.xml.namespace=ALL-UNNAMED -XX:MaxMetaspaceSize=384m -XX:+HeapDumpOnOutOfMemoryError -Xms256m -Xmx512m -Dfile.encoding=windows-1251 -Duser.country=RU -Duser.language=ru -Duser.variant -javaagent:D:\Program Files\gradle-8.13\lib\agents\gradle-instrumentation-agent-8.13.jar 
java_command: org.gradle.launcher.daemon.bootstrap.GradleDaemon 8.13
java_class_path (initial): D:\Program Files\gradle-8.13\lib\gradle-daemon-main-8.13.jar
Launcher Type: SUN_STANDARD

[Global flags]
     intx CICompilerCount                          = 4                                         {product} {ergonomic}
   size_t CompressedClassSpaceSize                 = 335544320                                 {product} {ergonomic}
     uint ConcGCThreads                            = 2                                         {product} {ergonomic}
     uint G1ConcRefinementThreads                  = 8                                         {product} {ergonomic}
   size_t G1HeapRegionSize                         = 1048576                                   {product} {ergonomic}
    uintx GCDrainStackTargetSize                   = 64                                        {product} {ergonomic}
     bool HeapDumpOnOutOfMemoryError               = true                                   {manageable} {command line}
   size_t InitialHeapSize                          = 268435456                                 {product} {command line}
   size_t MarkStackSize                            = 4194304                                   {product} {ergonomic}
   size_t MaxHeapSize                              = 536870912                                 {product} {command line}
   size_t MaxMetaspaceSize                         = 402653184                                 {product} {command line}
   size_t MaxNewSize                               = 321912832                                 {product} {ergonomic}
   size_t MinHeapDeltaBytes                        = 1048576                                   {product} {ergonomic}
   size_t MinHeapSize                              = 268435456                                 {product} {command line}
    uintx NonNMethodCodeHeapSize                   = 5839372                                {pd product} {ergonomic}
    uintx NonProfiledCodeHeapSize                  = 122909434                              {pd product} {ergonomic}
    uintx ProfiledCodeHeapSize                     = 122909434                              {pd product} {ergonomic}
    uintx ReservedCodeCacheSize                    = 251658240                              {pd product} {ergonomic}
     bool SegmentedCodeCache                       = true                                      {product} {ergonomic}
   size_t SoftMaxHeapSize                          = 536870912                              {manageable} {ergonomic}
     bool UseCompressedClassPointers               = true                           {product lp64_product} {ergonomic}
     bool UseCompressedOops                        = true                           {product lp64_product} {ergonomic}
     bool UseG1GC                                  = true                                      {product} {ergonomic}
     bool UseLargePagesIndividualAllocation        = false                                  {pd product} {ergonomic}

Logging:
Log output configuration:
 #0: stdout all=warning uptime,level,tags
 #1: stderr all=off uptime,level,tags

Environment Variables:
JAVA_HOME=C:\Program Files\Java\jdk-17
CLASSPATH=D:\Program Files\gradle-8.13\lib\gradle-gradle-cli-main-8.13.jar
PATH=C:\Program Files\Java\jdk-17\bin;C:\WINDOWS\system32;C:\WINDOWS;C:\WINDOWS\System32\Wbem;C:\WINDOWS\System32\WindowsPowerShell\v1.0\;C:\WINDOWS\System32\OpenSSH\;C:\Program Files (x86)\dotnet\;C:\Program Files\nodejs\;C:\Program Files\Git\cmd;D:\Program Files\gradle-8.13\bin;C:\Program Files\Java\jdk-17;;C:\Program Files\Docker\Docker\resources\bin;C:\Users\Honor\AppData\Local\Microsoft\WindowsApps;C:\Users\Honor\AppData\Local\Programs\Microsoft VS Code\bin;C:\Users\Honor\AppData\Roaming\npm
USERNAME=Honor
OS=Windows_NT
PROCESSOR_IDENTIFIER=AMD64 Family 23 Model 24 Stepping 1, AuthenticAMD



---------------  S Y S T E M  ---------------

OS:
 Windows 10 , 64 bit Build 19041 (10.0.19041.5678)
OS uptime: 1 days 1:01 hours
Hyper-V role detected

CPU: total 8 (initial active 8) (8 cores per cpu, 2 threads per core) family 23 model 24 stepping 1 microcode 0x0, cx8, cmov, fxsr, ht, mmx, 3dnowpref, sse, sse2, sse3, ssse3, sse4a, sse4.1, sse4.2, popcnt, lzcnt, tsc, tscinvbit, avx, avx2, aes, clmul, bmi1, bmi2, adx, sha, fma, vzeroupper, clflush, clflushopt, hv

Memory: 4k page, system-wide physical 7103M (359M free)
TotalPageFile size 17343M (AvailPageFile size 0M)
current process WorkingSet (physical memory assigned to process): 381M, peak: 381M
current process commit charge ("private bytes"): 494M, peak: 495M

vm_info: Java HotSpot(TM) 64-Bit Server VM (17.0.12+8-LTS-286) for windows-amd64 JRE (17.0.12+8-LTS-286), built on Jun  5 2024 06:46:59 by "mach5one" with MS VC++ 17.6 (VS2022)

END.
