#
# There is insufficient memory for the Java Runtime Environment to continue.
# Native memory allocation (malloc) failed to allocate 1299056 bytes for Chunk::new
# Possible reasons:
#   The system is out of physical RAM or swap space
#   The process is running with CompressedOops enabled, and the Java Heap may be blocking the growth of the native heap
# Possible solutions:
#   Reduce memory load on the system
#   Increase physical memory or swap space
#   Check if swap backing store is full
#   Decrease Java heap size (-Xmx/-Xms)
#   Decrease number of Java threads
#   Decrease Java thread stack sizes (-Xss)
#   Set larger code cache with -XX:ReservedCodeCacheSize=
#   JVM is running with Unscaled Compressed Oops mode in which the Java heap is
#     placed in the first 4GB address space. The Java Heap base address is the
#     maximum limit for the native heap growth. Please use -XX:HeapBaseMinAddress
#     to set the Java Heap base and to place the Java Heap above 4GB virtual address.
# This output file may be truncated or incomplete.
#
#  Out of Memory Error (arena.cpp:189), pid=4616, tid=22900
#
# JRE version: Java(TM) SE Runtime Environment (17.0.12+8) (build 17.0.12+8-LTS-286)
# Java VM: Java HotSpot(TM) 64-Bit Server VM (17.0.12+8-LTS-286, mixed mode, sharing, tiered, compressed oops, compressed class ptrs, g1 gc, windows-amd64)
# No core dump will be written. Minidumps are not enabled by default on client versions of Windows
#

---------------  S U M M A R Y ------------

Command Line: --add-opens=java.base/java.lang=ALL-UNNAMED --add-opens=java.base/java.lang.invoke=ALL-UNNAMED --add-opens=java.base/java.util=ALL-UNNAMED --add-opens=java.prefs/java.util.prefs=ALL-UNNAMED --add-exports=jdk.compiler/com.sun.tools.javac.api=ALL-UNNAMED --add-exports=jdk.compiler/com.sun.tools.javac.util=ALL-UNNAMED --add-opens=java.base/java.util=ALL-UNNAMED --add-opens=java.prefs/java.util.prefs=ALL-UNNAMED --add-opens=java.base/java.nio.charset=ALL-UNNAMED --add-opens=java.base/java.net=ALL-UNNAMED --add-opens=java.base/java.util.concurrent.atomic=ALL-UNNAMED --add-opens=java.xml/javax.xml.namespace=ALL-UNNAMED -XX:MaxMetaspaceSize=384m -XX:+HeapDumpOnOutOfMemoryError -Xms256m -Xmx512m -Dfile.encoding=windows-1251 -Duser.country=RU -Duser.language=ru -Duser.variant -javaagent:D:\Program Files\gradle-8.13\lib\agents\gradle-instrumentation-agent-8.13.jar org.gradle.launcher.daemon.bootstrap.GradleDaemon 8.13

Host: AMD Ryzen 5 3550H with Radeon Vega Mobile Gfx  , 8 cores, 6G,  Windows 10 , 64 bit Build 19041 (10.0.19041.5678)
Time: Thu Apr 24 16:30:39 2025 RTZ 2 (s 10 , 64 bit Build 19041 (10.0.19041.5678) elapsed time: 4.834152 seconds (0d 0h 0m 4s)

---------------  T H R E A D  ---------------

Current thread (0x000002daff7eb5d0):  JavaThread "C2 CompilerThread1" daemon [_thread_in_native, id=22900, stack(0x000000e71b300000,0x000000e71b400000)]


Current CompileTask:
C2:   4834 3701   !   4       java.net.URLClassLoader$1::run (81 bytes)

Stack: [0x000000e71b300000,0x000000e71b400000]
Native frames: (J=compiled Java code, j=interpreted, Vv=VM code, C=native code)
V  [jvm.dll+0x67a04a]
V  [jvm.dll+0x7da4ed]
V  [jvm.dll+0x7dbe33]
V  [jvm.dll+0x7dc4a3]
V  [jvm.dll+0x24508f]
V  [jvm.dll+0xab773]
V  [jvm.dll+0xabd3c]
V  [jvm.dll+0x361b9f]
V  [jvm.dll+0x1ba45a]
V  [jvm.dll+0x216997]
V  [jvm.dll+0x215c6f]
V  [jvm.dll+0x1a2960]
V  [jvm.dll+0x22610b]
V  [jvm.dll+0x2242ab]
V  [jvm.dll+0x79075c]
V  [jvm.dll+0x78abea]
V  [jvm.dll+0x678f35]
C  [ucrtbase.dll+0x21bb2]
C  [KERNEL32.DLL+0x17374]
C  [ntdll.dll+0x4cc91]


---------------  P R O C E S S  ---------------

Threads class SMR info:
_java_thread_list=0x000002daabed2f50, length=33, elements={
0x000002daf5b183f0, 0x000002daff41c5f0, 0x000002daff41d380, 0x000002daff4392c0,
0x000002daff439d90, 0x000002daff43c770, 0x000002daff43f050, 0x000002daff440c60,
0x000002daff44a370, 0x000002daff44ac80, 0x000002daff62fc00, 0x000002daff70c480,
0x000002daff7eb5d0, 0x000002daab2e7250, 0x000002daab10caf0, 0x000002daab5da4b0,
0x000002daab7d85f0, 0x000002daab7d9f40, 0x000002daab7d9520, 0x000002daab7d80e0,
0x000002daab7db890, 0x000002daab7db380, 0x000002daab7da960, 0x000002daab7d9010,
0x000002daab7da450, 0x000002daab7d9a30, 0x000002daad312fa0, 0x000002daad310210,
0x000002daad3143e0, 0x000002daad312580, 0x000002daad311140, 0x000002daad30f7f0,
0x000002daad315820
}

Java Threads: ( => current thread )
  0x000002daf5b183f0 JavaThread "main" [_thread_blocked, id=25076, stack(0x000000e71a000000,0x000000e71a100000)]
  0x000002daff41c5f0 JavaThread "Reference Handler" daemon [_thread_blocked, id=23332, stack(0x000000e71a700000,0x000000e71a800000)]
  0x000002daff41d380 JavaThread "Finalizer" daemon [_thread_blocked, id=9128, stack(0x000000e71a800000,0x000000e71a900000)]
  0x000002daff4392c0 JavaThread "Signal Dispatcher" daemon [_thread_blocked, id=19644, stack(0x000000e71a900000,0x000000e71aa00000)]
  0x000002daff439d90 JavaThread "Attach Listener" daemon [_thread_blocked, id=17292, stack(0x000000e71aa00000,0x000000e71ab00000)]
  0x000002daff43c770 JavaThread "Service Thread" daemon [_thread_blocked, id=24596, stack(0x000000e71ab00000,0x000000e71ac00000)]
  0x000002daff43f050 JavaThread "Monitor Deflation Thread" daemon [_thread_blocked, id=7956, stack(0x000000e71ac00000,0x000000e71ad00000)]
  0x000002daff440c60 JavaThread "C2 CompilerThread0" daemon [_thread_in_native, id=2388, stack(0x000000e71ad00000,0x000000e71ae00000)]
  0x000002daff44a370 JavaThread "C1 CompilerThread0" daemon [_thread_blocked, id=24648, stack(0x000000e71ae00000,0x000000e71af00000)]
  0x000002daff44ac80 JavaThread "Sweeper thread" daemon [_thread_blocked, id=6156, stack(0x000000e71af00000,0x000000e71b000000)]
  0x000002daff62fc00 JavaThread "Common-Cleaner" daemon [_thread_blocked, id=24012, stack(0x000000e71b000000,0x000000e71b100000)]
  0x000002daff70c480 JavaThread "Notification Thread" daemon [_thread_blocked, id=13272, stack(0x000000e71b100000,0x000000e71b200000)]
=>0x000002daff7eb5d0 JavaThread "C2 CompilerThread1" daemon [_thread_in_native, id=22900, stack(0x000000e71b300000,0x000000e71b400000)]
  0x000002daab2e7250 JavaThread "Daemon health stats" [_thread_blocked, id=3316, stack(0x000000e71bb00000,0x000000e71bc00000)]
  0x000002daab10caf0 JavaThread "Incoming local TCP Connector on port 61141" [_thread_in_native, id=18492, stack(0x000000e71bc00000,0x000000e71bd00000)]
  0x000002daab5da4b0 JavaThread "Daemon periodic checks" [_thread_blocked, id=22880, stack(0x000000e71bd00000,0x000000e71be00000)]
  0x000002daab7d85f0 JavaThread "Daemon" [_thread_blocked, id=9712, stack(0x000000e71be00000,0x000000e71bf00000)]
  0x000002daab7d9f40 JavaThread "Handler for socket connection from /127.0.0.1:61141 to /127.0.0.1:61142" [_thread_in_native, id=11692, stack(0x000000e71bf00000,0x000000e71c000000)]
  0x000002daab7d9520 JavaThread "Cancel handler" [_thread_blocked, id=14912, stack(0x000000e71c000000,0x000000e71c100000)]
  0x000002daab7d80e0 JavaThread "Daemon worker" [_thread_in_vm, id=6272, stack(0x000000e71c100000,0x000000e71c200000)]
  0x000002daab7db890 JavaThread "Asynchronous log dispatcher for DefaultDaemonConnection: socket connection from /127.0.0.1:61141 to /127.0.0.1:61142" [_thread_blocked, id=3568, stack(0x000000e71c200000,0x000000e71c300000)]
  0x000002daab7db380 JavaThread "Stdin handler" [_thread_blocked, id=1928, stack(0x000000e71c300000,0x000000e71c400000)]
  0x000002daab7da960 JavaThread "Daemon client event forwarder" [_thread_blocked, id=23132, stack(0x000000e71c400000,0x000000e71c500000)]
  0x000002daab7d9010 JavaThread "Cache worker for journal cache (C:\Users\Honor\.gradle\caches\journal-1)" [_thread_blocked, id=15016, stack(0x000000e71c500000,0x000000e71c600000)]
  0x000002daab7da450 JavaThread "File lock request listener" [_thread_in_native, id=20956, stack(0x000000e71c600000,0x000000e71c700000)]
  0x000002daab7d9a30 JavaThread "Cache worker for file hash cache (C:\Users\Honor\.gradle\caches\8.13\fileHashes)" [_thread_blocked, id=23864, stack(0x000000e71c700000,0x000000e71c800000)]
  0x000002daad312fa0 JavaThread "Cache worker for file hash cache (D:\DEV\api-gateway\.gradle\8.13\fileHashes)" [_thread_blocked, id=15044, stack(0x000000e71c800000,0x000000e71c900000)]
  0x000002daad310210 JavaThread "Cache worker for Build Output Cleanup Cache (D:\DEV\api-gateway\.gradle\buildOutputCleanup)" [_thread_blocked, id=11972, stack(0x000000e71c900000,0x000000e71ca00000)]
  0x000002daad3143e0 JavaThread "File watcher server" daemon [_thread_in_native, id=15744, stack(0x000000e71cb00000,0x000000e71cc00000)]
  0x000002daad312580 JavaThread "File watcher consumer" daemon [_thread_blocked, id=6720, stack(0x000000e71cc00000,0x000000e71cd00000)]
  0x000002daad311140 JavaThread "jar transforms" [_thread_blocked, id=19368, stack(0x000000e71cd00000,0x000000e71ce00000)]
  0x000002daad30f7f0 JavaThread "jar transforms Thread 2" [_thread_blocked, id=18172, stack(0x000000e71ce00000,0x000000e71cf00000)]
  0x000002daad315820 JavaThread "Cache worker for checksums cache (D:\DEV\api-gateway\.gradle\8.13\checksums)" [_thread_blocked, id=16128, stack(0x000000e71cf00000,0x000000e71d000000)]

Other Threads:
  0x000002daff416ac0 VMThread "VM Thread" [stack: 0x000000e71a600000,0x000000e71a700000] [id=12588]
  0x000002daf5b55bd0 WatcherThread [stack: 0x000000e71b200000,0x000000e71b300000] [id=12752]
  0x000002daf5b450b0 GCTaskThread "GC Thread#0" [stack: 0x000000e71a100000,0x000000e71a200000] [id=12204]
  0x000002daaa787470 GCTaskThread "GC Thread#1" [stack: 0x000000e71b400000,0x000000e71b500000] [id=15740]
  0x000002daaa787730 GCTaskThread "GC Thread#2" [stack: 0x000000e71b500000,0x000000e71b600000] [id=10392]
  0x000002daaa8e0730 GCTaskThread "GC Thread#3" [stack: 0x000000e71b600000,0x000000e71b700000] [id=12252]
  0x000002daaa8e09f0 GCTaskThread "GC Thread#4" [stack: 0x000000e71b700000,0x000000e71b800000] [id=6088]
  0x000002daaa5120f0 GCTaskThread "GC Thread#5" [stack: 0x000000e71b800000,0x000000e71b900000] [id=1416]
  0x000002daab696070 GCTaskThread "GC Thread#6" [stack: 0x000000e71b900000,0x000000e71ba00000] [id=4292]
  0x000002daab666a40 GCTaskThread "GC Thread#7" [stack: 0x000000e71ba00000,0x000000e71bb00000] [id=15408]
  0x000002daf5b49f10 ConcurrentGCThread "G1 Main Marker" [stack: 0x000000e71a200000,0x000000e71a300000] [id=10816]
  0x000002daf5b4b840 ConcurrentGCThread "G1 Conc#0" [stack: 0x000000e71a300000,0x000000e71a400000] [id=20408]
  0x000002daae160e30 ConcurrentGCThread "G1 Conc#1" [stack: 0x000000e71ca00000,0x000000e71cb00000] [id=13536]
  0x000002daff2e20d0 ConcurrentGCThread "G1 Refine#0" [stack: 0x000000e71a400000,0x000000e71a500000] [id=5996]
  0x000002daff2e2a10 ConcurrentGCThread "G1 Service" [stack: 0x000000e71a500000,0x000000e71a600000] [id=5396]

Threads with active compile tasks:
C2 CompilerThread0     4850 3700   !   4       java.net.URLClassLoader::findClass (47 bytes)
C2 CompilerThread1     4850 3701   !   4       java.net.URLClassLoader$1::run (81 bytes)

VM state: not at safepoint (normal execution)

VM Mutex/Monitor currently owned by a thread: None

Heap address: 0x00000000e0000000, size: 512 MB, Compressed Oops mode: 32-bit

CDS archive(s) mapped at: [0x000002da91000000-0x000002da91bd0000-0x000002da91bd0000), size 12386304, SharedBaseAddress: 0x000002da91000000, ArchiveRelocationMode: 1.
Compressed class space mapped at: 0x000002da92000000-0x000002daa6000000, reserved size: 335544320
Narrow klass base: 0x000002da91000000, Narrow klass shift: 0, Narrow klass range: 0x100000000

GC Precious Log:
 CPUs: 8 total, 8 available
 Memory: 7103M
 Large Page Support: Disabled
 NUMA Support: Disabled
 Compressed Oops: Enabled (32-bit)
 Heap Region Size: 1M
 Heap Min Capacity: 256M
 Heap Initial Capacity: 256M
 Heap Max Capacity: 512M
 Pre-touch: Disabled
 Parallel Workers: 8
 Concurrent Workers: 2
 Concurrent Refinement Workers: 8
 Periodic GC: Disabled

Heap:
 garbage-first heap   total 262144K, used 107845K [0x00000000e0000000, 0x0000000100000000)
  region size 1024K, 97 young (99328K), 13 survivors (13312K)
 Metaspace       used 32073K, committed 32448K, reserved 393216K
  class space    used 4513K, committed 4672K, reserved 327680K

Heap Regions: E=young(eden), S=young(survivor), O=old, HS=humongous(starts), HC=humongous(continues), CS=collection set, F=free, OA=open archive, CA=closed archive, TAMS=top-at-mark-start (previous, next)
|   0|0x00000000e0000000, 0x00000000e0100000, 0x00000000e0100000|100%| O|  |TAMS 0x00000000e0100000, 0x00000000e0000000| Untracked 
|   1|0x00000000e0100000, 0x00000000e0200000, 0x00000000e0200000|100%| O|  |TAMS 0x00000000e0200000, 0x00000000e0100000| Untracked 
|   2|0x00000000e0200000, 0x00000000e0300000, 0x00000000e0300000|100%| O|  |TAMS 0x00000000e0300000, 0x00000000e0200000| Complete 
|   3|0x00000000e0300000, 0x00000000e0400000, 0x00000000e0400000|100%|HS|  |TAMS 0x00000000e0400000, 0x00000000e0300000| Complete 
|   4|0x00000000e0400000, 0x00000000e0500000, 0x00000000e0500000|100%|HC|  |TAMS 0x00000000e0500000, 0x00000000e0400000| Complete 
|   5|0x00000000e0500000, 0x00000000e0600000, 0x00000000e0600000|100%|HC|  |TAMS 0x00000000e0600000, 0x00000000e0500000| Complete 
|   6|0x00000000e0600000, 0x00000000e0700000, 0x00000000e0700000|100%| O|  |TAMS 0x00000000e0700000, 0x00000000e0600000| Untracked 
|   7|0x00000000e0700000, 0x00000000e0800000, 0x00000000e0800000|100%| O|  |TAMS 0x00000000e0800000, 0x00000000e0700000| Untracked 
|   8|0x00000000e0800000, 0x00000000e0900000, 0x00000000e0900000|100%| O|  |TAMS 0x00000000e0900000, 0x00000000e0800000| Untracked 
|   9|0x00000000e0900000, 0x00000000e0a00000, 0x00000000e0a00000|100%|HS|  |TAMS 0x00000000e0a00000, 0x00000000e0900000| Complete 
|  10|0x00000000e0a00000, 0x00000000e0a00000, 0x00000000e0b00000|  0%| F|  |TAMS 0x00000000e0a00000, 0x00000000e0a00000| Untracked 
|  11|0x00000000e0b00000, 0x00000000e0c00000, 0x00000000e0c00000|100%| O|  |TAMS 0x00000000e0c00000, 0x00000000e0b00000| Untracked 
|  12|0x00000000e0c00000, 0x00000000e0c09600, 0x00000000e0d00000|  3%| O|  |TAMS 0x00000000e0c09600, 0x00000000e0c00000| Untracked 
|  13|0x00000000e0d00000, 0x00000000e0d00000, 0x00000000e0e00000|  0%| F|  |TAMS 0x00000000e0d00000, 0x00000000e0d00000| Untracked 
|  14|0x00000000e0e00000, 0x00000000e0e00000, 0x00000000e0f00000|  0%| F|  |TAMS 0x00000000e0e00000, 0x00000000e0e00000| Untracked 
|  15|0x00000000e0f00000, 0x00000000e0f00000, 0x00000000e1000000|  0%| F|  |TAMS 0x00000000e0f00000, 0x00000000e0f00000| Untracked 
|  16|0x00000000e1000000, 0x00000000e1000000, 0x00000000e1100000|  0%| F|  |TAMS 0x00000000e1000000, 0x00000000e1000000| Untracked 
|  17|0x00000000e1100000, 0x00000000e1100000, 0x00000000e1200000|  0%| F|  |TAMS 0x00000000e1100000, 0x00000000e1100000| Untracked 
|  18|0x00000000e1200000, 0x00000000e1200000, 0x00000000e1300000|  0%| F|  |TAMS 0x00000000e1200000, 0x00000000e1200000| Untracked 
|  19|0x00000000e1300000, 0x00000000e1300000, 0x00000000e1400000|  0%| F|  |TAMS 0x00000000e1300000, 0x00000000e1300000| Untracked 
|  20|0x00000000e1400000, 0x00000000e1400000, 0x00000000e1500000|  0%| F|  |TAMS 0x00000000e1400000, 0x00000000e1400000| Untracked 
|  21|0x00000000e1500000, 0x00000000e1500000, 0x00000000e1600000|  0%| F|  |TAMS 0x00000000e1500000, 0x00000000e1500000| Untracked 
|  22|0x00000000e1600000, 0x00000000e1600000, 0x00000000e1700000|  0%| F|  |TAMS 0x00000000e1600000, 0x00000000e1600000| Untracked 
|  23|0x00000000e1700000, 0x00000000e1700000, 0x00000000e1800000|  0%| F|  |TAMS 0x00000000e1700000, 0x00000000e1700000| Untracked 
|  24|0x00000000e1800000, 0x00000000e1800000, 0x00000000e1900000|  0%| F|  |TAMS 0x00000000e1800000, 0x00000000e1800000| Untracked 
|  25|0x00000000e1900000, 0x00000000e1900000, 0x00000000e1a00000|  0%| F|  |TAMS 0x00000000e1900000, 0x00000000e1900000| Untracked 
|  26|0x00000000e1a00000, 0x00000000e1a00000, 0x00000000e1b00000|  0%| F|  |TAMS 0x00000000e1a00000, 0x00000000e1a00000| Untracked 
|  27|0x00000000e1b00000, 0x00000000e1b00000, 0x00000000e1c00000|  0%| F|  |TAMS 0x00000000e1b00000, 0x00000000e1b00000| Untracked 
|  28|0x00000000e1c00000, 0x00000000e1c00000, 0x00000000e1d00000|  0%| F|  |TAMS 0x00000000e1c00000, 0x00000000e1c00000| Untracked 
|  29|0x00000000e1d00000, 0x00000000e1d00000, 0x00000000e1e00000|  0%| F|  |TAMS 0x00000000e1d00000, 0x00000000e1d00000| Untracked 
|  30|0x00000000e1e00000, 0x00000000e1e00000, 0x00000000e1f00000|  0%| F|  |TAMS 0x00000000e1e00000, 0x00000000e1e00000| Untracked 
|  31|0x00000000e1f00000, 0x00000000e1f00000, 0x00000000e2000000|  0%| F|  |TAMS 0x00000000e1f00000, 0x00000000e1f00000| Untracked 
|  32|0x00000000e2000000, 0x00000000e2000000, 0x00000000e2100000|  0%| F|  |TAMS 0x00000000e2000000, 0x00000000e2000000| Untracked 
|  33|0x00000000e2100000, 0x00000000e2100000, 0x00000000e2200000|  0%| F|  |TAMS 0x00000000e2100000, 0x00000000e2100000| Untracked 
|  34|0x00000000e2200000, 0x00000000e2200000, 0x00000000e2300000|  0%| F|  |TAMS 0x00000000e2200000, 0x00000000e2200000| Untracked 
|  35|0x00000000e2300000, 0x00000000e2300000, 0x00000000e2400000|  0%| F|  |TAMS 0x00000000e2300000, 0x00000000e2300000| Untracked 
|  36|0x00000000e2400000, 0x00000000e2400000, 0x00000000e2500000|  0%| F|  |TAMS 0x00000000e2400000, 0x00000000e2400000| Untracked 
|  37|0x00000000e2500000, 0x00000000e2500000, 0x00000000e2600000|  0%| F|  |TAMS 0x00000000e2500000, 0x00000000e2500000| Untracked 
|  38|0x00000000e2600000, 0x00000000e2600000, 0x00000000e2700000|  0%| F|  |TAMS 0x00000000e2600000, 0x00000000e2600000| Untracked 
|  39|0x00000000e2700000, 0x00000000e2700000, 0x00000000e2800000|  0%| F|  |TAMS 0x00000000e2700000, 0x00000000e2700000| Untracked 
|  40|0x00000000e2800000, 0x00000000e2800000, 0x00000000e2900000|  0%| F|  |TAMS 0x00000000e2800000, 0x00000000e2800000| Untracked 
|  41|0x00000000e2900000, 0x00000000e2900000, 0x00000000e2a00000|  0%| F|  |TAMS 0x00000000e2900000, 0x00000000e2900000| Untracked 
|  42|0x00000000e2a00000, 0x00000000e2a00000, 0x00000000e2b00000|  0%| F|  |TAMS 0x00000000e2a00000, 0x00000000e2a00000| Untracked 
|  43|0x00000000e2b00000, 0x00000000e2b00000, 0x00000000e2c00000|  0%| F|  |TAMS 0x00000000e2b00000, 0x00000000e2b00000| Untracked 
|  44|0x00000000e2c00000, 0x00000000e2c00000, 0x00000000e2d00000|  0%| F|  |TAMS 0x00000000e2c00000, 0x00000000e2c00000| Untracked 
|  45|0x00000000e2d00000, 0x00000000e2d00000, 0x00000000e2e00000|  0%| F|  |TAMS 0x00000000e2d00000, 0x00000000e2d00000| Untracked 
|  46|0x00000000e2e00000, 0x00000000e2e00000, 0x00000000e2f00000|  0%| F|  |TAMS 0x00000000e2e00000, 0x00000000e2e00000| Untracked 
|  47|0x00000000e2f00000, 0x00000000e2f00000, 0x00000000e3000000|  0%| F|  |TAMS 0x00000000e2f00000, 0x00000000e2f00000| Untracked 
|  48|0x00000000e3000000, 0x00000000e3000000, 0x00000000e3100000|  0%| F|  |TAMS 0x00000000e3000000, 0x00000000e3000000| Untracked 
|  49|0x00000000e3100000, 0x00000000e3100000, 0x00000000e3200000|  0%| F|  |TAMS 0x00000000e3100000, 0x00000000e3100000| Untracked 
|  50|0x00000000e3200000, 0x00000000e3200000, 0x00000000e3300000|  0%| F|  |TAMS 0x00000000e3200000, 0x00000000e3200000| Untracked 
|  51|0x00000000e3300000, 0x00000000e3300000, 0x00000000e3400000|  0%| F|  |TAMS 0x00000000e3300000, 0x00000000e3300000| Untracked 
|  52|0x00000000e3400000, 0x00000000e3400000, 0x00000000e3500000|  0%| F|  |TAMS 0x00000000e3400000, 0x00000000e3400000| Untracked 
|  53|0x00000000e3500000, 0x00000000e3500000, 0x00000000e3600000|  0%| F|  |TAMS 0x00000000e3500000, 0x00000000e3500000| Untracked 
|  54|0x00000000e3600000, 0x00000000e3600000, 0x00000000e3700000|  0%| F|  |TAMS 0x00000000e3600000, 0x00000000e3600000| Untracked 
|  55|0x00000000e3700000, 0x00000000e3700000, 0x00000000e3800000|  0%| F|  |TAMS 0x00000000e3700000, 0x00000000e3700000| Untracked 
|  56|0x00000000e3800000, 0x00000000e3800000, 0x00000000e3900000|  0%| F|  |TAMS 0x00000000e3800000, 0x00000000e3800000| Untracked 
|  57|0x00000000e3900000, 0x00000000e3900000, 0x00000000e3a00000|  0%| F|  |TAMS 0x00000000e3900000, 0x00000000e3900000| Untracked 
|  58|0x00000000e3a00000, 0x00000000e3a00000, 0x00000000e3b00000|  0%| F|  |TAMS 0x00000000e3a00000, 0x00000000e3a00000| Untracked 
|  59|0x00000000e3b00000, 0x00000000e3b00000, 0x00000000e3c00000|  0%| F|  |TAMS 0x00000000e3b00000, 0x00000000e3b00000| Untracked 
|  60|0x00000000e3c00000, 0x00000000e3c00000, 0x00000000e3d00000|  0%| F|  |TAMS 0x00000000e3c00000, 0x00000000e3c00000| Untracked 
|  61|0x00000000e3d00000, 0x00000000e3d00000, 0x00000000e3e00000|  0%| F|  |TAMS 0x00000000e3d00000, 0x00000000e3d00000| Untracked 
|  62|0x00000000e3e00000, 0x00000000e3e00000, 0x00000000e3f00000|  0%| F|  |TAMS 0x00000000e3e00000, 0x00000000e3e00000| Untracked 
|  63|0x00000000e3f00000, 0x00000000e3f00000, 0x00000000e4000000|  0%| F|  |TAMS 0x00000000e3f00000, 0x00000000e3f00000| Untracked 
|  64|0x00000000e4000000, 0x00000000e4000000, 0x00000000e4100000|  0%| F|  |TAMS 0x00000000e4000000, 0x00000000e4000000| Untracked 
|  65|0x00000000e4100000, 0x00000000e4100000, 0x00000000e4200000|  0%| F|  |TAMS 0x00000000e4100000, 0x00000000e4100000| Untracked 
|  66|0x00000000e4200000, 0x00000000e4200000, 0x00000000e4300000|  0%| F|  |TAMS 0x00000000e4200000, 0x00000000e4200000| Untracked 
|  67|0x00000000e4300000, 0x00000000e4300000, 0x00000000e4400000|  0%| F|  |TAMS 0x00000000e4300000, 0x00000000e4300000| Untracked 
|  68|0x00000000e4400000, 0x00000000e4400000, 0x00000000e4500000|  0%| F|  |TAMS 0x00000000e4400000, 0x00000000e4400000| Untracked 
|  69|0x00000000e4500000, 0x00000000e4500000, 0x00000000e4600000|  0%| F|  |TAMS 0x00000000e4500000, 0x00000000e4500000| Untracked 
|  70|0x00000000e4600000, 0x00000000e4600000, 0x00000000e4700000|  0%| F|  |TAMS 0x00000000e4600000, 0x00000000e4600000| Untracked 
|  71|0x00000000e4700000, 0x00000000e4700000, 0x00000000e4800000|  0%| F|  |TAMS 0x00000000e4700000, 0x00000000e4700000| Untracked 
|  72|0x00000000e4800000, 0x00000000e4800000, 0x00000000e4900000|  0%| F|  |TAMS 0x00000000e4800000, 0x00000000e4800000| Untracked 
|  73|0x00000000e4900000, 0x00000000e4900000, 0x00000000e4a00000|  0%| F|  |TAMS 0x00000000e4900000, 0x00000000e4900000| Untracked 
|  74|0x00000000e4a00000, 0x00000000e4a00000, 0x00000000e4b00000|  0%| F|  |TAMS 0x00000000e4a00000, 0x00000000e4a00000| Untracked 
|  75|0x00000000e4b00000, 0x00000000e4b00000, 0x00000000e4c00000|  0%| F|  |TAMS 0x00000000e4b00000, 0x00000000e4b00000| Untracked 
|  76|0x00000000e4c00000, 0x00000000e4c00000, 0x00000000e4d00000|  0%| F|  |TAMS 0x00000000e4c00000, 0x00000000e4c00000| Untracked 
|  77|0x00000000e4d00000, 0x00000000e4d00000, 0x00000000e4e00000|  0%| F|  |TAMS 0x00000000e4d00000, 0x00000000e4d00000| Untracked 
|  78|0x00000000e4e00000, 0x00000000e4e00000, 0x00000000e4f00000|  0%| F|  |TAMS 0x00000000e4e00000, 0x00000000e4e00000| Untracked 
|  79|0x00000000e4f00000, 0x00000000e4f00000, 0x00000000e5000000|  0%| F|  |TAMS 0x00000000e4f00000, 0x00000000e4f00000| Untracked 
|  80|0x00000000e5000000, 0x00000000e5000000, 0x00000000e5100000|  0%| F|  |TAMS 0x00000000e5000000, 0x00000000e5000000| Untracked 
|  81|0x00000000e5100000, 0x00000000e5100000, 0x00000000e5200000|  0%| F|  |TAMS 0x00000000e5100000, 0x00000000e5100000| Untracked 
|  82|0x00000000e5200000, 0x00000000e5200000, 0x00000000e5300000|  0%| F|  |TAMS 0x00000000e5200000, 0x00000000e5200000| Untracked 
|  83|0x00000000e5300000, 0x00000000e5300000, 0x00000000e5400000|  0%| F|  |TAMS 0x00000000e5300000, 0x00000000e5300000| Untracked 
|  84|0x00000000e5400000, 0x00000000e5400000, 0x00000000e5500000|  0%| F|  |TAMS 0x00000000e5400000, 0x00000000e5400000| Untracked 
|  85|0x00000000e5500000, 0x00000000e5500000, 0x00000000e5600000|  0%| F|  |TAMS 0x00000000e5500000, 0x00000000e5500000| Untracked 
|  86|0x00000000e5600000, 0x00000000e5600000, 0x00000000e5700000|  0%| F|  |TAMS 0x00000000e5600000, 0x00000000e5600000| Untracked 
|  87|0x00000000e5700000, 0x00000000e5700000, 0x00000000e5800000|  0%| F|  |TAMS 0x00000000e5700000, 0x00000000e5700000| Untracked 
|  88|0x00000000e5800000, 0x00000000e5800000, 0x00000000e5900000|  0%| F|  |TAMS 0x00000000e5800000, 0x00000000e5800000| Untracked 
|  89|0x00000000e5900000, 0x00000000e5900000, 0x00000000e5a00000|  0%| F|  |TAMS 0x00000000e5900000, 0x00000000e5900000| Untracked 
|  90|0x00000000e5a00000, 0x00000000e5a00000, 0x00000000e5b00000|  0%| F|  |TAMS 0x00000000e5a00000, 0x00000000e5a00000| Untracked 
|  91|0x00000000e5b00000, 0x00000000e5b00000, 0x00000000e5c00000|  0%| F|  |TAMS 0x00000000e5b00000, 0x00000000e5b00000| Untracked 
|  92|0x00000000e5c00000, 0x00000000e5c00000, 0x00000000e5d00000|  0%| F|  |TAMS 0x00000000e5c00000, 0x00000000e5c00000| Untracked 
|  93|0x00000000e5d00000, 0x00000000e5d00000, 0x00000000e5e00000|  0%| F|  |TAMS 0x00000000e5d00000, 0x00000000e5d00000| Untracked 
|  94|0x00000000e5e00000, 0x00000000e5e00000, 0x00000000e5f00000|  0%| F|  |TAMS 0x00000000e5e00000, 0x00000000e5e00000| Untracked 
|  95|0x00000000e5f00000, 0x00000000e5f00000, 0x00000000e6000000|  0%| F|  |TAMS 0x00000000e5f00000, 0x00000000e5f00000| Untracked 
|  96|0x00000000e6000000, 0x00000000e6000000, 0x00000000e6100000|  0%| F|  |TAMS 0x00000000e6000000, 0x00000000e6000000| Untracked 
|  97|0x00000000e6100000, 0x00000000e6100000, 0x00000000e6200000|  0%| F|  |TAMS 0x00000000e6100000, 0x00000000e6100000| Untracked 
|  98|0x00000000e6200000, 0x00000000e6200000, 0x00000000e6300000|  0%| F|  |TAMS 0x00000000e6200000, 0x00000000e6200000| Untracked 
|  99|0x00000000e6300000, 0x00000000e6300000, 0x00000000e6400000|  0%| F|  |TAMS 0x00000000e6300000, 0x00000000e6300000| Untracked 
| 100|0x00000000e6400000, 0x00000000e6400000, 0x00000000e6500000|  0%| F|  |TAMS 0x00000000e6400000, 0x00000000e6400000| Untracked 
| 101|0x00000000e6500000, 0x00000000e6500000, 0x00000000e6600000|  0%| F|  |TAMS 0x00000000e6500000, 0x00000000e6500000| Untracked 
| 102|0x00000000e6600000, 0x00000000e6600000, 0x00000000e6700000|  0%| F|  |TAMS 0x00000000e6600000, 0x00000000e6600000| Untracked 
| 103|0x00000000e6700000, 0x00000000e6700000, 0x00000000e6800000|  0%| F|  |TAMS 0x00000000e6700000, 0x00000000e6700000| Untracked 
| 104|0x00000000e6800000, 0x00000000e6800000, 0x00000000e6900000|  0%| F|  |TAMS 0x00000000e6800000, 0x00000000e6800000| Untracked 
| 105|0x00000000e6900000, 0x00000000e6900000, 0x00000000e6a00000|  0%| F|  |TAMS 0x00000000e6900000, 0x00000000e6900000| Untracked 
| 106|0x00000000e6a00000, 0x00000000e6a00000, 0x00000000e6b00000|  0%| F|  |TAMS 0x00000000e6a00000, 0x00000000e6a00000| Untracked 
| 107|0x00000000e6b00000, 0x00000000e6b00000, 0x00000000e6c00000|  0%| F|  |TAMS 0x00000000e6b00000, 0x00000000e6b00000| Untracked 
| 108|0x00000000e6c00000, 0x00000000e6c00000, 0x00000000e6d00000|  0%| F|  |TAMS 0x00000000e6c00000, 0x00000000e6c00000| Untracked 
| 109|0x00000000e6d00000, 0x00000000e6d00000, 0x00000000e6e00000|  0%| F|  |TAMS 0x00000000e6d00000, 0x00000000e6d00000| Untracked 
| 110|0x00000000e6e00000, 0x00000000e6e00000, 0x00000000e6f00000|  0%| F|  |TAMS 0x00000000e6e00000, 0x00000000e6e00000| Untracked 
| 111|0x00000000e6f00000, 0x00000000e6f00000, 0x00000000e7000000|  0%| F|  |TAMS 0x00000000e6f00000, 0x00000000e6f00000| Untracked 
| 112|0x00000000e7000000, 0x00000000e7000000, 0x00000000e7100000|  0%| F|  |TAMS 0x00000000e7000000, 0x00000000e7000000| Untracked 
| 113|0x00000000e7100000, 0x00000000e7100000, 0x00000000e7200000|  0%| F|  |TAMS 0x00000000e7100000, 0x00000000e7100000| Untracked 
| 114|0x00000000e7200000, 0x00000000e7200000, 0x00000000e7300000|  0%| F|  |TAMS 0x00000000e7200000, 0x00000000e7200000| Untracked 
| 115|0x00000000e7300000, 0x00000000e7300000, 0x00000000e7400000|  0%| F|  |TAMS 0x00000000e7300000, 0x00000000e7300000| Untracked 
| 116|0x00000000e7400000, 0x00000000e7400000, 0x00000000e7500000|  0%| F|  |TAMS 0x00000000e7400000, 0x00000000e7400000| Untracked 
| 117|0x00000000e7500000, 0x00000000e7500000, 0x00000000e7600000|  0%| F|  |TAMS 0x00000000e7500000, 0x00000000e7500000| Untracked 
| 118|0x00000000e7600000, 0x00000000e7600000, 0x00000000e7700000|  0%| F|  |TAMS 0x00000000e7600000, 0x00000000e7600000| Untracked 
| 119|0x00000000e7700000, 0x00000000e7700000, 0x00000000e7800000|  0%| F|  |TAMS 0x00000000e7700000, 0x00000000e7700000| Untracked 
| 120|0x00000000e7800000, 0x00000000e7800000, 0x00000000e7900000|  0%| F|  |TAMS 0x00000000e7800000, 0x00000000e7800000| Untracked 
| 121|0x00000000e7900000, 0x00000000e7900000, 0x00000000e7a00000|  0%| F|  |TAMS 0x00000000e7900000, 0x00000000e7900000| Untracked 
| 122|0x00000000e7a00000, 0x00000000e7a00000, 0x00000000e7b00000|  0%| F|  |TAMS 0x00000000e7a00000, 0x00000000e7a00000| Untracked 
| 123|0x00000000e7b00000, 0x00000000e7b00000, 0x00000000e7c00000|  0%| F|  |TAMS 0x00000000e7b00000, 0x00000000e7b00000| Untracked 
| 124|0x00000000e7c00000, 0x00000000e7c00000, 0x00000000e7d00000|  0%| F|  |TAMS 0x00000000e7c00000, 0x00000000e7c00000| Untracked 
| 125|0x00000000e7d00000, 0x00000000e7d00000, 0x00000000e7e00000|  0%| F|  |TAMS 0x00000000e7d00000, 0x00000000e7d00000| Untracked 
| 126|0x00000000e7e00000, 0x00000000e7e00000, 0x00000000e7f00000|  0%| F|  |TAMS 0x00000000e7e00000, 0x00000000e7e00000| Untracked 
| 127|0x00000000e7f00000, 0x00000000e7f00000, 0x00000000e8000000|  0%| F|  |TAMS 0x00000000e7f00000, 0x00000000e7f00000| Untracked 
| 128|0x00000000e8000000, 0x00000000e8000000, 0x00000000e8100000|  0%| F|  |TAMS 0x00000000e8000000, 0x00000000e8000000| Untracked 
| 129|0x00000000e8100000, 0x00000000e8100000, 0x00000000e8200000|  0%| F|  |TAMS 0x00000000e8100000, 0x00000000e8100000| Untracked 
| 130|0x00000000e8200000, 0x00000000e8200000, 0x00000000e8300000|  0%| F|  |TAMS 0x00000000e8200000, 0x00000000e8200000| Untracked 
| 131|0x00000000e8300000, 0x00000000e8300000, 0x00000000e8400000|  0%| F|  |TAMS 0x00000000e8300000, 0x00000000e8300000| Untracked 
| 132|0x00000000e8400000, 0x00000000e8400000, 0x00000000e8500000|  0%| F|  |TAMS 0x00000000e8400000, 0x00000000e8400000| Untracked 
| 133|0x00000000e8500000, 0x00000000e8500000, 0x00000000e8600000|  0%| F|  |TAMS 0x00000000e8500000, 0x00000000e8500000| Untracked 
| 134|0x00000000e8600000, 0x00000000e8600000, 0x00000000e8700000|  0%| F|  |TAMS 0x00000000e8600000, 0x00000000e8600000| Untracked 
| 135|0x00000000e8700000, 0x00000000e8700000, 0x00000000e8800000|  0%| F|  |TAMS 0x00000000e8700000, 0x00000000e8700000| Untracked 
| 136|0x00000000e8800000, 0x00000000e8800000, 0x00000000e8900000|  0%| F|  |TAMS 0x00000000e8800000, 0x00000000e8800000| Untracked 
| 137|0x00000000e8900000, 0x00000000e8900000, 0x00000000e8a00000|  0%| F|  |TAMS 0x00000000e8900000, 0x00000000e8900000| Untracked 
| 138|0x00000000e8a00000, 0x00000000e8a00000, 0x00000000e8b00000|  0%| F|  |TAMS 0x00000000e8a00000, 0x00000000e8a00000| Untracked 
| 139|0x00000000e8b00000, 0x00000000e8b47f20, 0x00000000e8c00000| 28%| S|CS|TAMS 0x00000000e8b00000, 0x00000000e8b00000| Complete 
| 140|0x00000000e8c00000, 0x00000000e8d00000, 0x00000000e8d00000|100%| S|CS|TAMS 0x00000000e8c00000, 0x00000000e8c00000| Complete 
| 141|0x00000000e8d00000, 0x00000000e8e00000, 0x00000000e8e00000|100%| S|CS|TAMS 0x00000000e8d00000, 0x00000000e8d00000| Complete 
| 142|0x00000000e8e00000, 0x00000000e8f00000, 0x00000000e8f00000|100%| S|CS|TAMS 0x00000000e8e00000, 0x00000000e8e00000| Complete 
| 143|0x00000000e8f00000, 0x00000000e9000000, 0x00000000e9000000|100%| S|CS|TAMS 0x00000000e8f00000, 0x00000000e8f00000| Complete 
| 144|0x00000000e9000000, 0x00000000e9100000, 0x00000000e9100000|100%| S|CS|TAMS 0x00000000e9000000, 0x00000000e9000000| Complete 
| 145|0x00000000e9100000, 0x00000000e9200000, 0x00000000e9200000|100%| S|CS|TAMS 0x00000000e9100000, 0x00000000e9100000| Complete 
| 146|0x00000000e9200000, 0x00000000e9300000, 0x00000000e9300000|100%| S|CS|TAMS 0x00000000e9200000, 0x00000000e9200000| Complete 
| 147|0x00000000e9300000, 0x00000000e9400000, 0x00000000e9400000|100%| S|CS|TAMS 0x00000000e9300000, 0x00000000e9300000| Complete 
| 148|0x00000000e9400000, 0x00000000e9500000, 0x00000000e9500000|100%| S|CS|TAMS 0x00000000e9400000, 0x00000000e9400000| Complete 
| 149|0x00000000e9500000, 0x00000000e9600000, 0x00000000e9600000|100%| S|CS|TAMS 0x00000000e9500000, 0x00000000e9500000| Complete 
| 150|0x00000000e9600000, 0x00000000e9700000, 0x00000000e9700000|100%| S|CS|TAMS 0x00000000e9600000, 0x00000000e9600000| Complete 
| 151|0x00000000e9700000, 0x00000000e9800000, 0x00000000e9800000|100%| S|CS|TAMS 0x00000000e9700000, 0x00000000e9700000| Complete 
| 152|0x00000000e9800000, 0x00000000e9800000, 0x00000000e9900000|  0%| F|  |TAMS 0x00000000e9800000, 0x00000000e9800000| Untracked 
| 153|0x00000000e9900000, 0x00000000e9900000, 0x00000000e9a00000|  0%| F|  |TAMS 0x00000000e9900000, 0x00000000e9900000| Untracked 
| 154|0x00000000e9a00000, 0x00000000e9a00000, 0x00000000e9b00000|  0%| F|  |TAMS 0x00000000e9a00000, 0x00000000e9a00000| Untracked 
| 155|0x00000000e9b00000, 0x00000000e9b00000, 0x00000000e9c00000|  0%| F|  |TAMS 0x00000000e9b00000, 0x00000000e9b00000| Untracked 
| 156|0x00000000e9c00000, 0x00000000e9c00000, 0x00000000e9d00000|  0%| F|  |TAMS 0x00000000e9c00000, 0x00000000e9c00000| Untracked 
| 157|0x00000000e9d00000, 0x00000000e9d00000, 0x00000000e9e00000|  0%| F|  |TAMS 0x00000000e9d00000, 0x00000000e9d00000| Untracked 
| 158|0x00000000e9e00000, 0x00000000e9e00000, 0x00000000e9f00000|  0%| F|  |TAMS 0x00000000e9e00000, 0x00000000e9e00000| Untracked 
| 159|0x00000000e9f00000, 0x00000000e9f00000, 0x00000000ea000000|  0%| F|  |TAMS 0x00000000e9f00000, 0x00000000e9f00000| Untracked 
| 160|0x00000000ea000000, 0x00000000ea000000, 0x00000000ea100000|  0%| F|  |TAMS 0x00000000ea000000, 0x00000000ea000000| Untracked 
| 161|0x00000000ea100000, 0x00000000ea100000, 0x00000000ea200000|  0%| F|  |TAMS 0x00000000ea100000, 0x00000000ea100000| Untracked 
| 162|0x00000000ea200000, 0x00000000ea200000, 0x00000000ea300000|  0%| F|  |TAMS 0x00000000ea200000, 0x00000000ea200000| Untracked 
| 163|0x00000000ea300000, 0x00000000ea300000, 0x00000000ea400000|  0%| F|  |TAMS 0x00000000ea300000, 0x00000000ea300000| Untracked 
| 164|0x00000000ea400000, 0x00000000ea400000, 0x00000000ea500000|  0%| F|  |TAMS 0x00000000ea400000, 0x00000000ea400000| Untracked 
| 165|0x00000000ea500000, 0x00000000ea500000, 0x00000000ea600000|  0%| F|  |TAMS 0x00000000ea500000, 0x00000000ea500000| Untracked 
| 166|0x00000000ea600000, 0x00000000ea600000, 0x00000000ea700000|  0%| F|  |TAMS 0x00000000ea600000, 0x00000000ea600000| Untracked 
| 167|0x00000000ea700000, 0x00000000ea700000, 0x00000000ea800000|  0%| F|  |TAMS 0x00000000ea700000, 0x00000000ea700000| Untracked 
| 168|0x00000000ea800000, 0x00000000ea800000, 0x00000000ea900000|  0%| F|  |TAMS 0x00000000ea800000, 0x00000000ea800000| Untracked 
| 169|0x00000000ea900000, 0x00000000ea900000, 0x00000000eaa00000|  0%| F|  |TAMS 0x00000000ea900000, 0x00000000ea900000| Untracked 
| 170|0x00000000eaa00000, 0x00000000eaa00000, 0x00000000eab00000|  0%| F|  |TAMS 0x00000000eaa00000, 0x00000000eaa00000| Untracked 
| 171|0x00000000eab00000, 0x00000000eab00000, 0x00000000eac00000|  0%| F|  |TAMS 0x00000000eab00000, 0x00000000eab00000| Untracked 
| 172|0x00000000eac00000, 0x00000000eac80800, 0x00000000ead00000| 50%| E|  |TAMS 0x00000000eac00000, 0x00000000eac00000| Complete 
| 173|0x00000000ead00000, 0x00000000eae00000, 0x00000000eae00000|100%| E|CS|TAMS 0x00000000ead00000, 0x00000000ead00000| Complete 
| 174|0x00000000eae00000, 0x00000000eaf00000, 0x00000000eaf00000|100%| E|CS|TAMS 0x00000000eae00000, 0x00000000eae00000| Complete 
| 175|0x00000000eaf00000, 0x00000000eb000000, 0x00000000eb000000|100%| E|CS|TAMS 0x00000000eaf00000, 0x00000000eaf00000| Complete 
| 176|0x00000000eb000000, 0x00000000eb100000, 0x00000000eb100000|100%| E|CS|TAMS 0x00000000eb000000, 0x00000000eb000000| Complete 
| 177|0x00000000eb100000, 0x00000000eb200000, 0x00000000eb200000|100%| E|CS|TAMS 0x00000000eb100000, 0x00000000eb100000| Complete 
| 178|0x00000000eb200000, 0x00000000eb300000, 0x00000000eb300000|100%| E|CS|TAMS 0x00000000eb200000, 0x00000000eb200000| Complete 
| 179|0x00000000eb300000, 0x00000000eb400000, 0x00000000eb400000|100%| E|CS|TAMS 0x00000000eb300000, 0x00000000eb300000| Complete 
| 180|0x00000000eb400000, 0x00000000eb500000, 0x00000000eb500000|100%| E|CS|TAMS 0x00000000eb400000, 0x00000000eb400000| Complete 
| 181|0x00000000eb500000, 0x00000000eb600000, 0x00000000eb600000|100%| E|CS|TAMS 0x00000000eb500000, 0x00000000eb500000| Complete 
| 182|0x00000000eb600000, 0x00000000eb700000, 0x00000000eb700000|100%| E|CS|TAMS 0x00000000eb600000, 0x00000000eb600000| Complete 
| 183|0x00000000eb700000, 0x00000000eb800000, 0x00000000eb800000|100%| E|CS|TAMS 0x00000000eb700000, 0x00000000eb700000| Complete 
| 184|0x00000000eb800000, 0x00000000eb900000, 0x00000000eb900000|100%| E|CS|TAMS 0x00000000eb800000, 0x00000000eb800000| Complete 
| 185|0x00000000eb900000, 0x00000000eba00000, 0x00000000eba00000|100%| E|CS|TAMS 0x00000000eb900000, 0x00000000eb900000| Complete 
| 186|0x00000000eba00000, 0x00000000ebb00000, 0x00000000ebb00000|100%| E|CS|TAMS 0x00000000eba00000, 0x00000000eba00000| Complete 
| 187|0x00000000ebb00000, 0x00000000ebc00000, 0x00000000ebc00000|100%| E|CS|TAMS 0x00000000ebb00000, 0x00000000ebb00000| Complete 
| 188|0x00000000ebc00000, 0x00000000ebd00000, 0x00000000ebd00000|100%| E|CS|TAMS 0x00000000ebc00000, 0x00000000ebc00000| Complete 
| 189|0x00000000ebd00000, 0x00000000ebe00000, 0x00000000ebe00000|100%| E|CS|TAMS 0x00000000ebd00000, 0x00000000ebd00000| Complete 
| 190|0x00000000ebe00000, 0x00000000ebf00000, 0x00000000ebf00000|100%| E|CS|TAMS 0x00000000ebe00000, 0x00000000ebe00000| Complete 
| 191|0x00000000ebf00000, 0x00000000ec000000, 0x00000000ec000000|100%| E|CS|TAMS 0x00000000ebf00000, 0x00000000ebf00000| Complete 
| 192|0x00000000ec000000, 0x00000000ec100000, 0x00000000ec100000|100%| E|CS|TAMS 0x00000000ec000000, 0x00000000ec000000| Complete 
| 193|0x00000000ec100000, 0x00000000ec200000, 0x00000000ec200000|100%| E|CS|TAMS 0x00000000ec100000, 0x00000000ec100000| Complete 
| 194|0x00000000ec200000, 0x00000000ec300000, 0x00000000ec300000|100%| E|CS|TAMS 0x00000000ec200000, 0x00000000ec200000| Complete 
| 195|0x00000000ec300000, 0x00000000ec400000, 0x00000000ec400000|100%| E|CS|TAMS 0x00000000ec300000, 0x00000000ec300000| Complete 
| 196|0x00000000ec400000, 0x00000000ec500000, 0x00000000ec500000|100%| E|CS|TAMS 0x00000000ec400000, 0x00000000ec400000| Complete 
| 197|0x00000000ec500000, 0x00000000ec600000, 0x00000000ec600000|100%| E|CS|TAMS 0x00000000ec500000, 0x00000000ec500000| Complete 
| 198|0x00000000ec600000, 0x00000000ec700000, 0x00000000ec700000|100%| E|CS|TAMS 0x00000000ec600000, 0x00000000ec600000| Complete 
| 199|0x00000000ec700000, 0x00000000ec800000, 0x00000000ec800000|100%| E|CS|TAMS 0x00000000ec700000, 0x00000000ec700000| Complete 
| 200|0x00000000ec800000, 0x00000000ec900000, 0x00000000ec900000|100%| E|CS|TAMS 0x00000000ec800000, 0x00000000ec800000| Complete 
| 201|0x00000000ec900000, 0x00000000eca00000, 0x00000000eca00000|100%| E|CS|TAMS 0x00000000ec900000, 0x00000000ec900000| Complete 
| 202|0x00000000eca00000, 0x00000000ecb00000, 0x00000000ecb00000|100%| E|CS|TAMS 0x00000000eca00000, 0x00000000eca00000| Complete 
| 203|0x00000000ecb00000, 0x00000000ecc00000, 0x00000000ecc00000|100%| E|CS|TAMS 0x00000000ecb00000, 0x00000000ecb00000| Complete 
| 204|0x00000000ecc00000, 0x00000000ecd00000, 0x00000000ecd00000|100%| E|CS|TAMS 0x00000000ecc00000, 0x00000000ecc00000| Complete 
| 205|0x00000000ecd00000, 0x00000000ece00000, 0x00000000ece00000|100%| E|CS|TAMS 0x00000000ecd00000, 0x00000000ecd00000| Complete 
| 206|0x00000000ece00000, 0x00000000ecf00000, 0x00000000ecf00000|100%| E|CS|TAMS 0x00000000ece00000, 0x00000000ece00000| Complete 
| 207|0x00000000ecf00000, 0x00000000ed000000, 0x00000000ed000000|100%| E|CS|TAMS 0x00000000ecf00000, 0x00000000ecf00000| Complete 
| 208|0x00000000ed000000, 0x00000000ed100000, 0x00000000ed100000|100%| E|CS|TAMS 0x00000000ed000000, 0x00000000ed000000| Complete 
| 209|0x00000000ed100000, 0x00000000ed200000, 0x00000000ed200000|100%| E|CS|TAMS 0x00000000ed100000, 0x00000000ed100000| Complete 
| 210|0x00000000ed200000, 0x00000000ed300000, 0x00000000ed300000|100%| E|CS|TAMS 0x00000000ed200000, 0x00000000ed200000| Complete 
| 211|0x00000000ed300000, 0x00000000ed400000, 0x00000000ed400000|100%| E|  |TAMS 0x00000000ed300000, 0x00000000ed300000| Complete 
| 212|0x00000000ed400000, 0x00000000ed500000, 0x00000000ed500000|100%| E|CS|TAMS 0x00000000ed400000, 0x00000000ed400000| Complete 
| 213|0x00000000ed500000, 0x00000000ed600000, 0x00000000ed600000|100%| E|CS|TAMS 0x00000000ed500000, 0x00000000ed500000| Complete 
| 214|0x00000000ed600000, 0x00000000ed700000, 0x00000000ed700000|100%| E|CS|TAMS 0x00000000ed600000, 0x00000000ed600000| Complete 
| 215|0x00000000ed700000, 0x00000000ed800000, 0x00000000ed800000|100%| E|CS|TAMS 0x00000000ed700000, 0x00000000ed700000| Complete 
| 216|0x00000000ed800000, 0x00000000ed900000, 0x00000000ed900000|100%| E|CS|TAMS 0x00000000ed800000, 0x00000000ed800000| Complete 
| 217|0x00000000ed900000, 0x00000000eda00000, 0x00000000eda00000|100%| E|CS|TAMS 0x00000000ed900000, 0x00000000ed900000| Complete 
| 218|0x00000000eda00000, 0x00000000edb00000, 0x00000000edb00000|100%| E|CS|TAMS 0x00000000eda00000, 0x00000000eda00000| Complete 
| 219|0x00000000edb00000, 0x00000000edc00000, 0x00000000edc00000|100%| E|CS|TAMS 0x00000000edb00000, 0x00000000edb00000| Complete 
| 220|0x00000000edc00000, 0x00000000edd00000, 0x00000000edd00000|100%| E|CS|TAMS 0x00000000edc00000, 0x00000000edc00000| Complete 
| 221|0x00000000edd00000, 0x00000000ede00000, 0x00000000ede00000|100%| E|CS|TAMS 0x00000000edd00000, 0x00000000edd00000| Complete 
| 222|0x00000000ede00000, 0x00000000edf00000, 0x00000000edf00000|100%| E|CS|TAMS 0x00000000ede00000, 0x00000000ede00000| Complete 
| 223|0x00000000edf00000, 0x00000000ee000000, 0x00000000ee000000|100%| E|CS|TAMS 0x00000000edf00000, 0x00000000edf00000| Complete 
| 224|0x00000000ee000000, 0x00000000ee100000, 0x00000000ee100000|100%| E|CS|TAMS 0x00000000ee000000, 0x00000000ee000000| Complete 
| 225|0x00000000ee100000, 0x00000000ee200000, 0x00000000ee200000|100%| E|CS|TAMS 0x00000000ee100000, 0x00000000ee100000| Complete 
| 226|0x00000000ee200000, 0x00000000ee300000, 0x00000000ee300000|100%| E|CS|TAMS 0x00000000ee200000, 0x00000000ee200000| Complete 
| 227|0x00000000ee300000, 0x00000000ee400000, 0x00000000ee400000|100%| E|CS|TAMS 0x00000000ee300000, 0x00000000ee300000| Complete 
| 228|0x00000000ee400000, 0x00000000ee500000, 0x00000000ee500000|100%| E|CS|TAMS 0x00000000ee400000, 0x00000000ee400000| Complete 
| 229|0x00000000ee500000, 0x00000000ee600000, 0x00000000ee600000|100%| E|CS|TAMS 0x00000000ee500000, 0x00000000ee500000| Complete 
| 230|0x00000000ee600000, 0x00000000ee700000, 0x00000000ee700000|100%| E|CS|TAMS 0x00000000ee600000, 0x00000000ee600000| Complete 
| 231|0x00000000ee700000, 0x00000000ee800000, 0x00000000ee800000|100%| E|CS|TAMS 0x00000000ee700000, 0x00000000ee700000| Complete 
| 232|0x00000000ee800000, 0x00000000ee900000, 0x00000000ee900000|100%| E|CS|TAMS 0x00000000ee800000, 0x00000000ee800000| Complete 
| 233|0x00000000ee900000, 0x00000000eea00000, 0x00000000eea00000|100%| E|CS|TAMS 0x00000000ee900000, 0x00000000ee900000| Complete 
| 234|0x00000000eea00000, 0x00000000eeb00000, 0x00000000eeb00000|100%| E|CS|TAMS 0x00000000eea00000, 0x00000000eea00000| Complete 
| 235|0x00000000eeb00000, 0x00000000eec00000, 0x00000000eec00000|100%| E|CS|TAMS 0x00000000eeb00000, 0x00000000eeb00000| Complete 
| 236|0x00000000eec00000, 0x00000000eed00000, 0x00000000eed00000|100%| E|CS|TAMS 0x00000000eec00000, 0x00000000eec00000| Complete 
| 237|0x00000000eed00000, 0x00000000eee00000, 0x00000000eee00000|100%| E|CS|TAMS 0x00000000eed00000, 0x00000000eed00000| Complete 
| 238|0x00000000eee00000, 0x00000000eef00000, 0x00000000eef00000|100%| E|CS|TAMS 0x00000000eee00000, 0x00000000eee00000| Complete 
| 239|0x00000000eef00000, 0x00000000ef000000, 0x00000000ef000000|100%| E|CS|TAMS 0x00000000eef00000, 0x00000000eef00000| Complete 
| 240|0x00000000ef000000, 0x00000000ef100000, 0x00000000ef100000|100%| E|CS|TAMS 0x00000000ef000000, 0x00000000ef000000| Complete 
| 241|0x00000000ef100000, 0x00000000ef200000, 0x00000000ef200000|100%| E|CS|TAMS 0x00000000ef100000, 0x00000000ef100000| Complete 
| 242|0x00000000ef200000, 0x00000000ef300000, 0x00000000ef300000|100%| E|CS|TAMS 0x00000000ef200000, 0x00000000ef200000| Complete 
| 243|0x00000000ef300000, 0x00000000ef400000, 0x00000000ef400000|100%| E|CS|TAMS 0x00000000ef300000, 0x00000000ef300000| Complete 
| 244|0x00000000ef400000, 0x00000000ef500000, 0x00000000ef500000|100%| E|CS|TAMS 0x00000000ef400000, 0x00000000ef400000| Complete 
| 245|0x00000000ef500000, 0x00000000ef600000, 0x00000000ef600000|100%| E|CS|TAMS 0x00000000ef500000, 0x00000000ef500000| Complete 
| 246|0x00000000ef600000, 0x00000000ef700000, 0x00000000ef700000|100%| E|CS|TAMS 0x00000000ef600000, 0x00000000ef600000| Complete 
| 247|0x00000000ef700000, 0x00000000ef800000, 0x00000000ef800000|100%| E|CS|TAMS 0x00000000ef700000, 0x00000000ef700000| Complete 
| 248|0x00000000ef800000, 0x00000000ef900000, 0x00000000ef900000|100%| E|CS|TAMS 0x00000000ef800000, 0x00000000ef800000| Complete 
| 249|0x00000000ef900000, 0x00000000efa00000, 0x00000000efa00000|100%| E|CS|TAMS 0x00000000ef900000, 0x00000000ef900000| Complete 
| 250|0x00000000efa00000, 0x00000000efb00000, 0x00000000efb00000|100%| E|CS|TAMS 0x00000000efa00000, 0x00000000efa00000| Complete 
| 251|0x00000000efb00000, 0x00000000efc00000, 0x00000000efc00000|100%| E|CS|TAMS 0x00000000efb00000, 0x00000000efb00000| Complete 
| 252|0x00000000efc00000, 0x00000000efd00000, 0x00000000efd00000|100%| E|CS|TAMS 0x00000000efc00000, 0x00000000efc00000| Complete 
| 253|0x00000000efd00000, 0x00000000efe00000, 0x00000000efe00000|100%| E|CS|TAMS 0x00000000efd00000, 0x00000000efd00000| Complete 
| 254|0x00000000efe00000, 0x00000000eff00000, 0x00000000eff00000|100%| E|CS|TAMS 0x00000000efe00000, 0x00000000efe00000| Complete 
| 255|0x00000000eff00000, 0x00000000f0000000, 0x00000000f0000000|100%| E|CS|TAMS 0x00000000eff00000, 0x00000000eff00000| Complete 

Card table byte_map: [0x000002dafd810000,0x000002dafd910000] _byte_map_base: 0x000002dafd110000

Marking Bits (Prev, Next): (CMBitMap*) 0x000002daf5b45620, (CMBitMap*) 0x000002daf5b455e0
 Prev Bits: [0x000002dafe210000, 0x000002dafea10000)
 Next Bits: [0x000002dafda10000, 0x000002dafe210000)

Polling page: 0x000002daf52f0000

Metaspace:

Usage:
  Non-class:     26.94 MB used.
      Class:      4.41 MB used.
       Both:     31.35 MB used.

Virtual space:
  Non-class space:       64.00 MB reserved,      27.12 MB ( 42%) committed,  1 nodes.
      Class space:      320.00 MB reserved,       4.56 MB (  1%) committed,  1 nodes.
             Both:      384.00 MB reserved,      31.69 MB (  8%) committed. 

Chunk freelists:
   Non-Class:  4.20 MB
       Class:  11.45 MB
        Both:  15.65 MB

MaxMetaspaceSize: 384.00 MB
CompressedClassSpaceSize: 320.00 MB
Initial GC threshold: 21.00 MB
Current GC threshold: 35.12 MB
CDS: on
MetaspaceReclaimPolicy: balanced
 - commit_granule_bytes: 65536.
 - commit_granule_words: 8192.
 - virtual_space_node_default_size: 8388608.
 - enlarge_chunks_in_place: 1.
 - new_chunks_are_fully_committed: 0.
 - uncommit_free_chunks: 1.
 - use_allocation_guard: 0.
 - handle_deallocations: 1.


Internal statistics:

num_allocs_failed_limit: 3.
num_arena_births: 400.
num_arena_deaths: 0.
num_vsnodes_births: 2.
num_vsnodes_deaths: 0.
num_space_committed: 507.
num_space_uncommitted: 0.
num_chunks_returned_to_freelist: 3.
num_chunks_taken_from_freelist: 1559.
num_chunk_merges: 3.
num_chunk_splits: 1031.
num_chunks_enlarged: 733.
num_inconsistent_stats: 0.

CodeHeap 'non-profiled nmethods': size=120000Kb used=2035Kb max_used=2035Kb free=117964Kb
 bounds [0x000002da87ad0000, 0x000002da87d40000, 0x000002da8f000000]
CodeHeap 'profiled nmethods': size=120000Kb used=8107Kb max_used=8107Kb free=111892Kb
 bounds [0x000002da80000000, 0x000002da807f0000, 0x000002da87530000]
CodeHeap 'non-nmethods': size=5760Kb used=1598Kb max_used=1634Kb free=4161Kb
 bounds [0x000002da87530000, 0x000002da877a0000, 0x000002da87ad0000]
 total_blobs=4537 nmethods=3873 adapters=576
 compilation: enabled
              stopped_count=0, restarted_count=0
 full_count=0

Compilation events (20 events):
Event: 4.826 Thread 0x000002daff44a370 3875  s!   3       java.beans.PropertyDescriptor::getWriteMethod (152 bytes)
Event: 4.827 Thread 0x000002daff44a370 nmethod 3875 0x000002da807dfc90 code [0x000002da807e0020, 0x000002da807e1e08]
Event: 4.827 Thread 0x000002daff44a370 3877       3       org.codehaus.groovy.util.SingleKeyHashMap::get (67 bytes)
Event: 4.827 Thread 0x000002daff44a370 nmethod 3877 0x000002da807e2690 code [0x000002da807e2880, 0x000002da807e2f58]
Event: 4.827 Thread 0x000002daff44a370 3876       3       groovy.lang.MetaProperty::<init> (15 bytes)
Event: 4.827 Thread 0x000002daff44a370 nmethod 3876 0x000002da807e3190 code [0x000002da807e3340, 0x000002da807e3558]
Event: 4.827 Thread 0x000002daff44a370 3879       3       groovy.lang.MetaClassImpl::getPropName (19 bytes)
Event: 4.828 Thread 0x000002daff44a370 nmethod 3879 0x000002da807e3610 code [0x000002da807e3820, 0x000002da807e3f58]
Event: 4.828 Thread 0x000002daff44a370 3880       3       groovy.lang.MetaClassImpl$$Lambda$403/0x000002da9240c218::<init> (10 bytes)
Event: 4.828 Thread 0x000002daff44a370 nmethod 3880 0x000002da807e4190 code [0x000002da807e4320, 0x000002da807e44d8]
Event: 4.828 Thread 0x000002daff44a370 3881       3       groovy.lang.MetaClassImpl::createMetaBeanProperty (35 bytes)
Event: 4.828 Thread 0x000002daff44a370 nmethod 3881 0x000002da807e4590 code [0x000002da807e4760, 0x000002da807e4c28]
Event: 4.828 Thread 0x000002daff44a370 3878       1       org.codehaus.groovy.reflection.GeneratedMetaMethod::getReturnType (5 bytes)
Event: 4.828 Thread 0x000002daff44a370 nmethod 3878 0x000002da87ccc590 code [0x000002da87ccc720, 0x000002da87ccc7f8]
Event: 4.828 Thread 0x000002daff44a370 3882       1       groovy.lang.MetaBeanProperty::getSetter (5 bytes)
Event: 4.828 Thread 0x000002daff44a370 nmethod 3882 0x000002da87ccc890 code [0x000002da87ccca20, 0x000002da87cccaf8]
Event: 4.828 Thread 0x000002daff44a370 3883       1       org.codehaus.groovy.util.SingleKeyHashMap$Entry::getKey (5 bytes)
Event: 4.828 Thread 0x000002daff44a370 nmethod 3883 0x000002da87cccb90 code [0x000002da87cccd20, 0x000002da87cccdf8]
Event: 4.829 Thread 0x000002daff44a370 3884       3       org.gradle.internal.service.DefaultServiceRegistry::find (151 bytes)
Event: 4.830 Thread 0x000002daff44a370 nmethod 3884 0x000002da807e4e10 code [0x000002da807e51c0, 0x000002da807e6cb8]

GC Heap History (8 events):
Event: 0.352 GC heap before
{Heap before GC invocations=0 (full 0):
 garbage-first heap   total 262144K, used 22528K [0x00000000e0000000, 0x0000000100000000)
  region size 1024K, 23 young (23552K), 0 survivors (0K)
 Metaspace       used 1130K, committed 1280K, reserved 393216K
  class space    used 73K, committed 128K, reserved 327680K
}
Event: 0.355 GC heap after
{Heap after GC invocations=1 (full 0):
 garbage-first heap   total 262144K, used 5836K [0x00000000e0000000, 0x0000000100000000)
  region size 1024K, 3 young (3072K), 3 survivors (3072K)
 Metaspace       used 1130K, committed 1280K, reserved 393216K
  class space    used 73K, committed 128K, reserved 327680K
}
Event: 0.803 GC heap before
{Heap before GC invocations=1 (full 0):
 garbage-first heap   total 262144K, used 37580K [0x00000000e0000000, 0x0000000100000000)
  region size 1024K, 32 young (32768K), 3 survivors (3072K)
 Metaspace       used 4418K, committed 4608K, reserved 393216K
  class space    used 548K, committed 640K, reserved 327680K
}
Event: 0.806 GC heap after
{Heap after GC invocations=2 (full 0):
 garbage-first heap   total 262144K, used 11327K [0x00000000e0000000, 0x0000000100000000)
  region size 1024K, 3 young (3072K), 3 survivors (3072K)
 Metaspace       used 4418K, committed 4608K, reserved 393216K
  class space    used 548K, committed 640K, reserved 327680K
}
Event: 1.246 GC heap before
{Heap before GC invocations=2 (full 0):
 garbage-first heap   total 262144K, used 56383K [0x00000000e0000000, 0x0000000100000000)
  region size 1024K, 45 young (46080K), 3 survivors (3072K)
 Metaspace       used 5943K, committed 6080K, reserved 393216K
  class space    used 790K, committed 832K, reserved 327680K
}
Event: 1.251 GC heap after
{Heap after GC invocations=3 (full 0):
 garbage-first heap   total 262144K, used 17445K [0x00000000e0000000, 0x0000000100000000)
  region size 1024K, 6 young (6144K), 6 survivors (6144K)
 Metaspace       used 5943K, committed 6080K, reserved 393216K
  class space    used 790K, committed 832K, reserved 327680K
}
Event: 3.319 GC heap before
{Heap before GC invocations=3 (full 0):
 garbage-first heap   total 262144K, used 116773K [0x00000000e0000000, 0x0000000100000000)
  region size 1024K, 104 young (106496K), 6 survivors (6144K)
 Metaspace       used 21162K, committed 21504K, reserved 393216K
  class space    used 3071K, committed 3264K, reserved 327680K
}
Event: 3.328 GC heap after
{Heap after GC invocations=4 (full 0):
 garbage-first heap   total 262144K, used 23877K [0x00000000e0000000, 0x0000000100000000)
  region size 1024K, 13 young (13312K), 13 survivors (13312K)
 Metaspace       used 21162K, committed 21504K, reserved 393216K
  class space    used 3071K, committed 3264K, reserved 327680K
}

Deoptimization events (20 events):
Event: 4.811 Thread 0x000002daab7d80e0 DEOPT PACKING pc=0x000002da87c89870 sp=0x000000e71c1f8240
Event: 4.811 Thread 0x000002daab7d80e0 DEOPT UNPACKING pc=0x000002da875823a3 sp=0x000000e71c1f8250 mode 2
Event: 4.811 Thread 0x000002daab7d80e0 Uncommon trap: trap_request=0xffffff45 fr.pc=0x000002da87bc4f28 relative=0x00000000000005e8
Event: 4.811 Thread 0x000002daab7d80e0 Uncommon trap: reason=unstable_if action=reinterpret pc=0x000002da87bc4f28 method=java.lang.String.regionMatches(ZILjava/lang/String;II)Z @ 36 c2
Event: 4.811 Thread 0x000002daab7d80e0 DEOPT PACKING pc=0x000002da87bc4f28 sp=0x000000e71c1f8050
Event: 4.811 Thread 0x000002daab7d80e0 DEOPT UNPACKING pc=0x000002da875823a3 sp=0x000000e71c1f7fc8 mode 2
Event: 4.814 Thread 0x000002daab7d80e0 DEOPT PACKING pc=0x000002da80759615 sp=0x000000e71c1f7980
Event: 4.814 Thread 0x000002daab7d80e0 DEOPT UNPACKING pc=0x000002da87582b43 sp=0x000000e71c1f6e20 mode 0
Event: 4.818 Thread 0x000002daab7d80e0 Uncommon trap: trap_request=0xffffffde fr.pc=0x000002da87cb9dd0 relative=0x00000000000003f0
Event: 4.818 Thread 0x000002daab7d80e0 Uncommon trap: reason=class_check action=maybe_recompile pc=0x000002da87cb9dd0 method=java.util.regex.Pattern$Start.match(Ljava/util/regex/Matcher;ILjava/lang/CharSequence;)Z @ 44 c2
Event: 4.818 Thread 0x000002daab7d80e0 DEOPT PACKING pc=0x000002da87cb9dd0 sp=0x000000e71c1f8980
Event: 4.818 Thread 0x000002daab7d80e0 DEOPT UNPACKING pc=0x000002da875823a3 sp=0x000000e71c1f8848 mode 2
Event: 4.819 Thread 0x000002daab7d80e0 Uncommon trap: trap_request=0xffffffde fr.pc=0x000002da87cb9dd0 relative=0x00000000000003f0
Event: 4.819 Thread 0x000002daab7d80e0 Uncommon trap: reason=class_check action=maybe_recompile pc=0x000002da87cb9dd0 method=java.util.regex.Pattern$Start.match(Ljava/util/regex/Matcher;ILjava/lang/CharSequence;)Z @ 44 c2
Event: 4.819 Thread 0x000002daab7d80e0 DEOPT PACKING pc=0x000002da87cb9dd0 sp=0x000000e71c1f8980
Event: 4.819 Thread 0x000002daab7d80e0 DEOPT UNPACKING pc=0x000002da875823a3 sp=0x000000e71c1f8848 mode 2
Event: 4.824 Thread 0x000002daab7d80e0 Uncommon trap: trap_request=0xffffffde fr.pc=0x000002da87c89870 relative=0x0000000000005030
Event: 4.824 Thread 0x000002daab7d80e0 Uncommon trap: reason=class_check action=maybe_recompile pc=0x000002da87c89870 method=jdk.internal.loader.URLClassPath.getLoader(I)Ljdk/internal/loader/URLClassPath$Loader; @ 190 c2
Event: 4.824 Thread 0x000002daab7d80e0 DEOPT PACKING pc=0x000002da87c89870 sp=0x000000e71c1f8340
Event: 4.824 Thread 0x000002daab7d80e0 DEOPT UNPACKING pc=0x000002da875823a3 sp=0x000000e71c1f8350 mode 2

Classes unloaded (0 events):
No events

Classes redefined (0 events):
No events

Internal exceptions (20 events):
Event: 4.586 Thread 0x000002daab7d80e0 Exception <a 'java/lang/NoSuchMethodError'{0x00000000eb9c0030}: 'java.lang.Object java.lang.invoke.DirectMethodHandle$Holder.invokeSpecial(java.lang.Object, java.lang.Object, java.lang.Object, int, java.lang.Object)'> (0x00000000eb9c0030) 
thrown [s\open\src\hotspot\share\interpreter\linkResolver.cpp, line 759]
Event: 4.671 Thread 0x000002daab7d80e0 Exception <a 'java/lang/IncompatibleClassChangeError'{0x00000000eb5172c0}: Found class java.lang.Object, but interface was expected> (0x00000000eb5172c0) 
thrown [s\open\src\hotspot\share\interpreter\linkResolver.cpp, line 826]
Event: 4.739 Thread 0x000002daab7d80e0 Exception <a 'java/lang/NoSuchMethodError'{0x00000000eb3ad118}: 'java.lang.Object java.lang.invoke.DirectMethodHandle$Holder.invokeStaticInit(java.lang.Object, java.lang.Object, java.lang.Object, java.lang.Object, java.lang.Object, java.lang.Object, java.lang.Object)'> (0x00000000eb3ad118) 
thrown [s\open\src\hotspot\share\interpreter\linkResolver.cpp, line 759]
Event: 4.742 Thread 0x000002daab7d80e0 Exception <a 'java/lang/NoSuchMethodError'{0x00000000eb3d4ef0}: 'java.lang.Object java.lang.invoke.DirectMethodHandle$Holder.invokeSpecial(java.lang.Object, java.lang.Object, java.lang.Object, int, java.lang.Object, java.lang.Object)'> (0x00000000eb3d4ef0) 
thrown [s\open\src\hotspot\share\interpreter\linkResolver.cpp, line 759]
Event: 4.794 Thread 0x000002daab7d80e0 Exception <a 'java/lang/ClassNotFoundException'{0x00000000eb0764d8}: groovy/lang/BindingBeanInfo> (0x00000000eb0764d8) 
thrown [s\open\src\hotspot\share\classfile\systemDictionary.cpp, line 256]
Event: 4.795 Thread 0x000002daab7d80e0 Exception <a 'java/lang/ClassNotFoundException'{0x00000000eb08d640}: groovy/lang/BindingCustomizer> (0x00000000eb08d640) 
thrown [s\open\src\hotspot\share\classfile\systemDictionary.cpp, line 256]
Event: 4.812 Thread 0x000002daab7d80e0 Exception <a 'java/lang/ClassNotFoundException'{0x00000000eafe4b90}: settings_5llgr55bne3jogxsjbarptasmBeanInfo> (0x00000000eafe4b90) 
thrown [s\open\src\hotspot\share\classfile\systemDictionary.cpp, line 256]
Event: 4.812 Thread 0x000002daab7d80e0 Exception <a 'java/lang/ClassNotFoundException'{0x00000000eafefa88}: org/gradle/initialization/SettingsScriptBeanInfo> (0x00000000eafefa88) 
thrown [s\open\src\hotspot\share\classfile\systemDictionary.cpp, line 256]
Event: 4.812 Thread 0x000002daab7d80e0 Exception <a 'java/lang/ClassNotFoundException'{0x00000000eaffae38}: org/gradle/plugin/use/internal/PluginsAwareScriptBeanInfo> (0x00000000eaffae38) 
thrown [s\open\src\hotspot\share\classfile\systemDictionary.cpp, line 256]
Event: 4.813 Thread 0x000002daab7d80e0 Exception <a 'java/lang/ClassNotFoundException'{0x00000000eae06560}: org/gradle/groovy/scripts/DefaultScriptBeanInfo> (0x00000000eae06560) 
thrown [s\open\src\hotspot\share\classfile\systemDictionary.cpp, line 256]
Event: 4.813 Thread 0x000002daab7d80e0 Exception <a 'java/lang/ClassNotFoundException'{0x00000000eae11630}: org/gradle/groovy/scripts/BasicScriptBeanInfo> (0x00000000eae11630) 
thrown [s\open\src\hotspot\share\classfile\systemDictionary.cpp, line 256]
Event: 4.813 Thread 0x000002daab7d80e0 Exception <a 'java/lang/ClassNotFoundException'{0x00000000eae1c690}: org/gradle/groovy/scripts/ScriptBeanInfo> (0x00000000eae1c690) 
thrown [s\open\src\hotspot\share\classfile\systemDictionary.cpp, line 256]
Event: 4.814 Thread 0x000002daab7d80e0 Exception <a 'java/lang/ClassNotFoundException'{0x00000000eae34308}: groovy/lang/ScriptBeanInfo> (0x00000000eae34308) 
thrown [s\open\src\hotspot\share\classfile\systemDictionary.cpp, line 256]
Event: 4.814 Thread 0x000002daab7d80e0 Exception <a 'java/lang/ClassNotFoundException'{0x00000000eae4bf70}: groovy/lang/ScriptCustomizer> (0x00000000eae4bf70) 
thrown [s\open\src\hotspot\share\classfile\systemDictionary.cpp, line 256]
Event: 4.815 Thread 0x000002daab7d80e0 Exception <a 'java/lang/ClassNotFoundException'{0x00000000eae5ecb8}: org/gradle/groovy/scripts/ScriptCustomizer> (0x00000000eae5ecb8) 
thrown [s\open\src\hotspot\share\classfile\systemDictionary.cpp, line 256]
Event: 4.816 Thread 0x000002daab7d80e0 Exception <a 'java/lang/ClassNotFoundException'{0x00000000eae70b28}: org/gradle/groovy/scripts/BasicScriptCustomizer> (0x00000000eae70b28) 
thrown [s\open\src\hotspot\share\classfile\systemDictionary.cpp, line 256]
Event: 4.817 Thread 0x000002daab7d80e0 Exception <a 'java/lang/ClassNotFoundException'{0x00000000eae88910}: org/gradle/groovy/scripts/DefaultScriptCustomizer> (0x00000000eae88910) 
thrown [s\open\src\hotspot\share\classfile\systemDictionary.cpp, line 256]
Event: 4.823 Thread 0x000002daab7d80e0 Exception <a 'java/lang/ClassNotFoundException'{0x00000000eaecfd40}: org/gradle/plugin/use/internal/PluginsAwareScriptCustomizer> (0x00000000eaecfd40) 
thrown [s\open\src\hotspot\share\classfile\systemDictionary.cpp, line 256]
Event: 4.824 Thread 0x000002daab7d80e0 Exception <a 'java/lang/ClassNotFoundException'{0x00000000eaee3000}: org/gradle/initialization/SettingsScriptCustomizer> (0x00000000eaee3000) 
thrown [s\open\src\hotspot\share\classfile\systemDictionary.cpp, line 256]
Event: 4.825 Thread 0x000002daab7d80e0 Exception <a 'java/lang/ClassNotFoundException'{0x00000000eaef1428}: settings_5llgr55bne3jogxsjbarptasmCustomizer> (0x00000000eaef1428) 
thrown [s\open\src\hotspot\share\classfile\systemDictionary.cpp, line 256]

VM Operations (20 events):
Event: 4.294 Executing VM operation: ICBufferFull
Event: 4.295 Executing VM operation: ICBufferFull done
Event: 4.297 Executing VM operation: HandshakeAllThreads
Event: 4.297 Executing VM operation: HandshakeAllThreads done
Event: 4.297 Executing VM operation: HandshakeAllThreads
Event: 4.297 Executing VM operation: HandshakeAllThreads done
Event: 4.300 Executing VM operation: HandshakeAllThreads
Event: 4.300 Executing VM operation: HandshakeAllThreads done
Event: 4.363 Executing VM operation: HandshakeAllThreads
Event: 4.363 Executing VM operation: HandshakeAllThreads done
Event: 4.487 Executing VM operation: HandshakeAllThreads
Event: 4.487 Executing VM operation: HandshakeAllThreads done
Event: 4.491 Executing VM operation: HandshakeAllThreads
Event: 4.491 Executing VM operation: HandshakeAllThreads done
Event: 4.510 Executing VM operation: HandshakeAllThreads
Event: 4.510 Executing VM operation: HandshakeAllThreads done
Event: 4.511 Executing VM operation: HandshakeAllThreads
Event: 4.511 Executing VM operation: HandshakeAllThreads done
Event: 4.595 Executing VM operation: ICBufferFull
Event: 4.595 Executing VM operation: ICBufferFull done

Events (20 events):
Event: 4.468 loading class java/io/StringReader
Event: 4.468 loading class java/io/StringReader done
Event: 4.475 loading class java/math/MutableBigInteger
Event: 4.476 loading class java/math/MutableBigInteger done
Event: 4.519 loading class java/nio/charset/CharacterCodingException
Event: 4.519 loading class java/nio/charset/CharacterCodingException done
Event: 4.564 loading class java/util/stream/Streams$RangeIntSpliterator
Event: 4.564 loading class java/util/stream/Streams$RangeIntSpliterator done
Event: 4.587 Thread 0x000002daad311140 Thread added: 0x000002daad311140
Event: 4.691 Thread 0x000002daad30f7f0 Thread added: 0x000002daad30f7f0
Event: 4.707 loading class jdk/internal/loader/URLClassPath$FileLoader
Event: 4.707 loading class jdk/internal/loader/URLClassPath$FileLoader done
Event: 4.708 loading class jdk/internal/loader/URLClassPath$FileLoader$1
Event: 4.708 loading class jdk/internal/loader/URLClassPath$FileLoader$1 done
Event: 4.725 loading class java/util/stream/Nodes$FixedNodeBuilder
Event: 4.725 loading class java/util/stream/Nodes$ArrayNode
Event: 4.725 loading class java/util/stream/Nodes$ArrayNode done
Event: 4.726 loading class java/util/stream/Nodes$FixedNodeBuilder done
Event: 4.739 loading class java/lang/ProcessBuilder
Event: 4.740 loading class java/lang/ProcessBuilder done


Dynamic libraries:
0x00007ff64a3d0000 - 0x00007ff64a3e0000 	C:\Program Files\Java\jdk-17\bin\java.exe
0x00007ff95cb10000 - 0x00007ff95cd08000 	C:\WINDOWS\SYSTEM32\ntdll.dll
0x00007ff95c000000 - 0x00007ff95c0c2000 	C:\WINDOWS\System32\KERNEL32.DLL
0x00007ff95a220000 - 0x00007ff95a516000 	C:\WINDOWS\System32\KERNELBASE.dll
0x00007ff95a720000 - 0x00007ff95a820000 	C:\WINDOWS\System32\ucrtbase.dll
0x00007ff952e40000 - 0x00007ff952e5b000 	C:\Program Files\Java\jdk-17\bin\VCRUNTIME140.dll
0x00007ff952660000 - 0x00007ff952679000 	C:\Program Files\Java\jdk-17\bin\jli.dll
0x00007ff95b2e0000 - 0x00007ff95b38f000 	C:\WINDOWS\System32\ADVAPI32.dll
0x00007ff95bf60000 - 0x00007ff95bffe000 	C:\WINDOWS\System32\msvcrt.dll
0x00007ff95c2f0000 - 0x00007ff95c38f000 	C:\WINDOWS\System32\sechost.dll
0x00007ff95c7b0000 - 0x00007ff95c8d3000 	C:\WINDOWS\System32\RPCRT4.dll
0x00007ff95a640000 - 0x00007ff95a667000 	C:\WINDOWS\System32\bcrypt.dll
0x00007ff95b140000 - 0x00007ff95b2dd000 	C:\WINDOWS\System32\USER32.dll
0x00007ff95ab00000 - 0x00007ff95ab22000 	C:\WINDOWS\System32\win32u.dll
0x00007ff94bf50000 - 0x00007ff94c1ea000 	C:\WINDOWS\WinSxS\amd64_microsoft.windows.common-controls_6595b64144ccf1df_6.0.19041.4355_none_60b8b9eb71f62e16\COMCTL32.dll
0x00007ff95ab60000 - 0x00007ff95ab8b000 	C:\WINDOWS\System32\GDI32.dll
0x00007ff95a520000 - 0x00007ff95a63a000 	C:\WINDOWS\System32\gdi32full.dll
0x00007ff95a820000 - 0x00007ff95a8bd000 	C:\WINDOWS\System32\msvcp_win.dll
0x00007ff9505c0000 - 0x00007ff9505ca000 	C:\WINDOWS\SYSTEM32\VERSION.dll
0x00007ff95ab30000 - 0x00007ff95ab5f000 	C:\WINDOWS\System32\IMM32.DLL
0x00007ff9556d0000 - 0x00007ff9556dc000 	C:\Program Files\Java\jdk-17\bin\vcruntime140_1.dll
0x00007ff950fd0000 - 0x00007ff95105e000 	C:\Program Files\Java\jdk-17\bin\msvcp140.dll
0x00007ff926ed0000 - 0x00007ff927ab0000 	C:\Program Files\Java\jdk-17\bin\server\jvm.dll
0x00007ff95c6b0000 - 0x00007ff95c6b8000 	C:\WINDOWS\System32\PSAPI.DLL
0x00007ff953f70000 - 0x00007ff953f79000 	C:\WINDOWS\SYSTEM32\WSOCK32.dll
0x00007ff94d910000 - 0x00007ff94d937000 	C:\WINDOWS\SYSTEM32\WINMM.dll
0x00007ff95c280000 - 0x00007ff95c2eb000 	C:\WINDOWS\System32\WS2_32.dll
0x00007ff9584f0000 - 0x00007ff958502000 	C:\WINDOWS\SYSTEM32\kernel.appcore.dll
0x00007ff952650000 - 0x00007ff95265a000 	C:\Program Files\Java\jdk-17\bin\jimage.dll
0x00007ff957d00000 - 0x00007ff957ee4000 	C:\WINDOWS\SYSTEM32\DBGHELP.DLL
0x00007ff944b00000 - 0x00007ff944b34000 	C:\WINDOWS\SYSTEM32\dbgcore.DLL
0x00007ff95a8c0000 - 0x00007ff95a942000 	C:\WINDOWS\System32\bcryptPrimitives.dll
0x00007ff9522c0000 - 0x00007ff9522ce000 	C:\Program Files\Java\jdk-17\bin\instrument.dll
0x00007ff94e7f0000 - 0x00007ff94e815000 	C:\Program Files\Java\jdk-17\bin\java.dll
0x00007ff9394f0000 - 0x00007ff9395c7000 	C:\Program Files\Java\jdk-17\bin\jsvml.dll
0x00007ff95b700000 - 0x00007ff95be6f000 	C:\WINDOWS\System32\SHELL32.dll
0x00007ff957540000 - 0x00007ff957ce3000 	C:\WINDOWS\SYSTEM32\windows.storage.dll
0x00007ff95b3a0000 - 0x00007ff95b6f5000 	C:\WINDOWS\System32\combase.dll
0x00007ff959ad0000 - 0x00007ff959afb000 	C:\WINDOWS\SYSTEM32\Wldp.dll
0x00007ff95be70000 - 0x00007ff95bf3d000 	C:\WINDOWS\System32\OLEAUT32.dll
0x00007ff95c5a0000 - 0x00007ff95c64d000 	C:\WINDOWS\System32\SHCORE.dll
0x00007ff95c8e0000 - 0x00007ff95c935000 	C:\WINDOWS\System32\shlwapi.dll
0x00007ff95a0d0000 - 0x00007ff95a0f5000 	C:\WINDOWS\SYSTEM32\profapi.dll
0x00007ff9522a0000 - 0x00007ff9522b8000 	C:\Program Files\Java\jdk-17\bin\zip.dll
0x00007ff951830000 - 0x00007ff951849000 	C:\Program Files\Java\jdk-17\bin\net.dll
0x00007ff9513d0000 - 0x00007ff9514da000 	C:\WINDOWS\SYSTEM32\WINHTTP.dll
0x00007ff9597c0000 - 0x00007ff95982c000 	C:\WINDOWS\system32\mswsock.dll
0x00007ff94e7d0000 - 0x00007ff94e7e6000 	C:\Program Files\Java\jdk-17\bin\nio.dll
0x00007ff9521d0000 - 0x00007ff9521e0000 	C:\Program Files\Java\jdk-17\bin\verify.dll
0x00007ff954ef0000 - 0x00007ff954f17000 	C:\Users\Honor\.gradle\native\1def1411415f61bf3af743bc5b6707747c0891f09f0c88961ee8f79bc544acac\windows-amd64\native-platform.dll
0x00007ff94c8b0000 - 0x00007ff94c928000 	C:\Users\Honor\.gradle\native\0.2.7\x86_64-windows-gnu\gradle-fileevents.dll
0x00007ff950fc0000 - 0x00007ff950fca000 	C:\Program Files\Java\jdk-17\bin\management.dll
0x00007ff94e700000 - 0x00007ff94e70b000 	C:\Program Files\Java\jdk-17\bin\management_ext.dll
0x00007ff9594b0000 - 0x00007ff9594eb000 	C:\WINDOWS\SYSTEM32\IPHLPAPI.DLL
0x00007ff95ab90000 - 0x00007ff95ab98000 	C:\WINDOWS\System32\NSI.dll
0x00007ff952190000 - 0x00007ff9521a7000 	C:\WINDOWS\SYSTEM32\dhcpcsvc6.DLL
0x00007ff951f50000 - 0x00007ff951f6d000 	C:\WINDOWS\SYSTEM32\dhcpcsvc.DLL
0x00007ff9594f0000 - 0x00007ff9595ba000 	C:\WINDOWS\SYSTEM32\DNSAPI.dll
0x00007ff959a20000 - 0x00007ff959a38000 	C:\WINDOWS\SYSTEM32\CRYPTSP.dll
0x00007ff959a00000 - 0x00007ff959a17000 	C:\Program Files\Common Files\Crypto Pro\AppCompat\cpadvai.dll
0x00007ff9590e0000 - 0x00007ff959118000 	C:\WINDOWS\system32\rsaenh.dll
0x00007ff95a090000 - 0x00007ff95a0be000 	C:\WINDOWS\SYSTEM32\USERENV.dll
0x00007ff959a40000 - 0x00007ff959a4c000 	C:\WINDOWS\SYSTEM32\CRYPTBASE.dll
0x00007ff94e6f0000 - 0x00007ff94e6fe000 	C:\Program Files\Java\jdk-17\bin\sunmscapi.dll
0x00007ff95a950000 - 0x00007ff95aaad000 	C:\WINDOWS\System32\CRYPT32.dll
0x00007ff959b40000 - 0x00007ff959b67000 	C:\WINDOWS\SYSTEM32\ncrypt.dll
0x00007ff959b70000 - 0x00007ff959b91000 	C:\Program Files\Common Files\Crypto Pro\AppCompat\cpcrypt.dll
0x00007ff959b00000 - 0x00007ff959b3b000 	C:\WINDOWS\SYSTEM32\NTASN1.dll
0x00007ff94ba40000 - 0x00007ff94ba47000 	C:\WINDOWS\system32\wshunix.dll

dbghelp: loaded successfully - version: 4.0.5 - missing functions: none
symbol engine: initialized successfully - sym options: 0x614 - pdb path: .;C:\Program Files\Java\jdk-17\bin;C:\WINDOWS\SYSTEM32;C:\WINDOWS\WinSxS\amd64_microsoft.windows.common-controls_6595b64144ccf1df_6.0.19041.4355_none_60b8b9eb71f62e16;C:\Program Files\Java\jdk-17\bin\server;C:\Users\Honor\.gradle\native\1def1411415f61bf3af743bc5b6707747c0891f09f0c88961ee8f79bc544acac\windows-amd64;C:\Users\Honor\.gradle\native\0.2.7\x86_64-windows-gnu;C:\Program Files\Common Files\Crypto Pro\AppCompat

VM Arguments:
jvm_args: --add-opens=java.base/java.lang=ALL-UNNAMED --add-opens=java.base/java.lang.invoke=ALL-UNNAMED --add-opens=java.base/java.util=ALL-UNNAMED --add-opens=java.prefs/java.util.prefs=ALL-UNNAMED --add-exports=jdk.compiler/com.sun.tools.javac.api=ALL-UNNAMED --add-exports=jdk.compiler/com.sun.tools.javac.util=ALL-UNNAMED --add-opens=java.base/java.util=ALL-UNNAMED --add-opens=java.prefs/java.util.prefs=ALL-UNNAMED --add-opens=java.base/java.nio.charset=ALL-UNNAMED --add-opens=java.base/java.net=ALL-UNNAMED --add-opens=java.base/java.util.concurrent.atomic=ALL-UNNAMED --add-opens=java.xml/javax.xml.namespace=ALL-UNNAMED -XX:MaxMetaspaceSize=384m -XX:+HeapDumpOnOutOfMemoryError -Xms256m -Xmx512m -Dfile.encoding=windows-1251 -Duser.country=RU -Duser.language=ru -Duser.variant -javaagent:D:\Program Files\gradle-8.13\lib\agents\gradle-instrumentation-agent-8.13.jar 
java_command: org.gradle.launcher.daemon.bootstrap.GradleDaemon 8.13
java_class_path (initial): D:\Program Files\gradle-8.13\lib\gradle-daemon-main-8.13.jar
Launcher Type: SUN_STANDARD

[Global flags]
     intx CICompilerCount                          = 4                                         {product} {ergonomic}
   size_t CompressedClassSpaceSize                 = 335544320                                 {product} {ergonomic}
     uint ConcGCThreads                            = 2                                         {product} {ergonomic}
     uint G1ConcRefinementThreads                  = 8                                         {product} {ergonomic}
   size_t G1HeapRegionSize                         = 1048576                                   {product} {ergonomic}
    uintx GCDrainStackTargetSize                   = 64                                        {product} {ergonomic}
     bool HeapDumpOnOutOfMemoryError               = true                                   {manageable} {command line}
   size_t InitialHeapSize                          = 268435456                                 {product} {command line}
   size_t MarkStackSize                            = 4194304                                   {product} {ergonomic}
   size_t MaxHeapSize                              = 536870912                                 {product} {command line}
   size_t MaxMetaspaceSize                         = 402653184                                 {product} {command line}
   size_t MaxNewSize                               = 321912832                                 {product} {ergonomic}
   size_t MinHeapDeltaBytes                        = 1048576                                   {product} {ergonomic}
   size_t MinHeapSize                              = 268435456                                 {product} {command line}
    uintx NonNMethodCodeHeapSize                   = 5839372                                {pd product} {ergonomic}
    uintx NonProfiledCodeHeapSize                  = 122909434                              {pd product} {ergonomic}
    uintx ProfiledCodeHeapSize                     = 122909434                              {pd product} {ergonomic}
    uintx ReservedCodeCacheSize                    = 251658240                              {pd product} {ergonomic}
     bool SegmentedCodeCache                       = true                                      {product} {ergonomic}
   size_t SoftMaxHeapSize                          = 536870912                              {manageable} {ergonomic}
     bool UseCompressedClassPointers               = true                           {product lp64_product} {ergonomic}
     bool UseCompressedOops                        = true                           {product lp64_product} {ergonomic}
     bool UseG1GC                                  = true                                      {product} {ergonomic}
     bool UseLargePagesIndividualAllocation        = false                                  {pd product} {ergonomic}

Logging:
Log output configuration:
 #0: stdout all=warning uptime,level,tags
 #1: stderr all=off uptime,level,tags

Environment Variables:
JAVA_HOME=C:\Program Files\Java\jdk-17
CLASSPATH=D:\Program Files\gradle-8.13\lib\gradle-gradle-cli-main-8.13.jar
PATH=C:\Program Files\Java\jdk-17\bin;C:\WINDOWS\system32;C:\WINDOWS;C:\WINDOWS\System32\Wbem;C:\WINDOWS\System32\WindowsPowerShell\v1.0\;C:\WINDOWS\System32\OpenSSH\;C:\Program Files (x86)\dotnet\;C:\Program Files\nodejs\;C:\Program Files\Git\cmd;D:\Program Files\gradle-8.13\bin;C:\Program Files\Java\jdk-17;;C:\Program Files\Docker\Docker\resources\bin;C:\Users\Honor\AppData\Local\Microsoft\WindowsApps;C:\Users\Honor\AppData\Local\Programs\Microsoft VS Code\bin;C:\Users\Honor\AppData\Roaming\npm
USERNAME=Honor
OS=Windows_NT
PROCESSOR_IDENTIFIER=AMD64 Family 23 Model 24 Stepping 1, AuthenticAMD



---------------  S Y S T E M  ---------------

OS:
 Windows 10 , 64 bit Build 19041 (10.0.19041.5678)
OS uptime: 1 days 1:07 hours
Hyper-V role detected

CPU: total 8 (initial active 8) (8 cores per cpu, 2 threads per core) family 23 model 24 stepping 1 microcode 0x0, cx8, cmov, fxsr, ht, mmx, 3dnowpref, sse, sse2, sse3, ssse3, sse4a, sse4.1, sse4.2, popcnt, lzcnt, tsc, tscinvbit, avx, avx2, aes, clmul, bmi1, bmi2, adx, sha, fma, vzeroupper, clflush, clflushopt, hv

Memory: 4k page, system-wide physical 7103M (415M free)
TotalPageFile size 17343M (AvailPageFile size 5M)
current process WorkingSet (physical memory assigned to process): 295M, peak: 295M
current process commit charge ("private bytes"): 468M, peak: 469M

vm_info: Java HotSpot(TM) 64-Bit Server VM (17.0.12+8-LTS-286) for windows-amd64 JRE (17.0.12+8-LTS-286), built on Jun  5 2024 06:46:59 by "mach5one" with MS VC++ 17.6 (VS2022)

END.
